-- Found ament_cmake: 1.3.11 (/home/qiguanxiao/ros2_humble/install/ament_cmake/share/ament_cmake/cmake)
-- Found franka_hardware: 1.0.0 (/home/qiguanxiao/ws/ws_franka_ros2/install/franka_hardware/share/franka_hardware/cmake)
-- Found rosidl_generator_c: 3.1.6 (/home/qiguanxiao/ros2_humble/install/rosidl_generator_c/share/rosidl_generator_c/cmake)
-- Found rosidl_adapter: 3.1.6 (/home/qiguanxiao/ros2_humble/install/rosidl_adapter/share/rosidl_adapter/cmake)
-- Found rosidl_generator_cpp: 3.1.6 (/home/qiguanxiao/ros2_humble/install/rosidl_generator_cpp/share/rosidl_generator_cpp/cmake)
-- Using all available rosidl_typesupport_c: rosidl_typesupport_introspection_c;rosidl_typesupport_fastrtps_c
-- Using all available rosidl_typesupport_cpp: rosidl_typesupport_introspection_cpp;rosidl_typesupport_fastrtps_cpp
-- Found rmw_implementation_cmake: 6.1.2 (/home/qiguanxiao/ros2_humble/install/rmw_implementation_cmake/share/rmw_implementation_cmake/cmake)
-- Found rmw_fastrtps_cpp: 6.2.7 (/home/qiguanxiao/ros2_humble/install/rmw_fastrtps_cpp/share/rmw_fastrtps_cpp/cmake)
-- Found TinyXML2 via Config file: TinyXML2_DIR-NOTFOUND
-- Found TinyXML2 via Config file: TinyXML2_DIR-NOTFOUND
-- Found TinyXML2 via Config file: TinyXML2_DIR-NOTFOUND
-- Found TinyXML2 via Config file: TinyXML2_DIR-NOTFOUND
-- Using RMW implementation 'rmw_fastrtps_cpp' as default
-- Found franka_msgs: 1.0.0 (/home/qiguanxiao/ws/ws_franka_ros2/install/franka_msgs/share/franka_msgs/cmake)
-- Found controller_interface: 2.47.0 (/home/qiguanxiao/ws/ws_ros2_control/install/controller_interface/share/controller_interface/cmake)
-- Found urdf: 2.6.1 (/home/qiguanxiao/ros2_humble/install/urdf/share/urdf/cmake)
-- Found ament_cmake_clang_format: 0.12.12 (/home/qiguanxiao/ros2_humble/install/ament_cmake_clang_format/share/ament_cmake_clang_format/cmake)
-- Found ament_cmake_copyright: 0.12.12 (/home/qiguanxiao/ros2_humble/install/ament_cmake_copyright/share/ament_cmake_copyright/cmake)
-- Found ament_cmake_cppcheck: 0.12.12 (/home/qiguanxiao/ros2_humble/install/ament_cmake_cppcheck/share/ament_cmake_cppcheck/cmake)
-- Found ament_cmake_flake8: 0.12.12 (/home/qiguanxiao/ros2_humble/install/ament_cmake_flake8/share/ament_cmake_flake8/cmake)
-- Found ament_cmake_lint_cmake: 0.12.12 (/home/qiguanxiao/ros2_humble/install/ament_cmake_lint_cmake/share/ament_cmake_lint_cmake/cmake)
-- Found ament_cmake_pep257: 0.12.12 (/home/qiguanxiao/ros2_humble/install/ament_cmake_pep257/share/ament_cmake_pep257/cmake)
-- Found ament_cmake_xmllint: 0.12.12 (/home/qiguanxiao/ros2_humble/install/ament_cmake_xmllint/share/ament_cmake_xmllint/cmake)
-- Found ament_cmake_gmock: 1.3.11 (/home/qiguanxiao/ros2_humble/install/ament_cmake_gmock/share/ament_cmake_gmock/cmake)
-- Found gmock sources under '/home/qiguanxiao/ros2_humble/install/gmock_vendor/src/gmock_vendor': C++ tests using 'Google Mock' will be built
-- Found ament_cmake_gtest: 1.3.11 (/home/qiguanxiao/ros2_humble/install/ament_cmake_gtest/share/ament_cmake_gtest/cmake)
-- Found gtest sources under '/home/qiguanxiao/ros2_humble/install/gtest_vendor/src/gtest_vendor': C++ tests using 'Google Test' will be built
-- Configuring done
-- Generating done
-- Build files have been written to: /home/qiguanxiao/ws/ws_franka_ros2/build/franka_semantic_components
[35m[1mConsolidate compiler generated dependencies of target gmock_main[0m
[35m[1mConsolidate compiler generated dependencies of target franka_semantic_components[0m
[35m[1mConsolidate compiler generated dependencies of target gmock[0m
[ 18%] [32mBuilding CXX object CMakeFiles/franka_semantic_components.dir/src/franka_robot_state.cpp.o[0m
[ 22%] Built target gmock_main
[ 18%] [32mBuilding CXX object CMakeFiles/franka_semantic_components.dir/src/franka_cartesian_pose_interface.cpp.o[0m
[ 18%] [32mBuilding CXX object CMakeFiles/franka_semantic_components.dir/src/franka_semantic_component_interface.cpp.o[0m
[ 36%] Built target gmock
[ 40%] [32mBuilding CXX object CMakeFiles/franka_semantic_components.dir/src/franka_cartesian_velocity_interface.cpp.o[0m
[ 45%] [32mBuilding CXX object CMakeFiles/franka_semantic_components.dir/src/franka_robot_model.cpp.o[0m
[ 50%] [32mBuilding CXX object CMakeFiles/franka_semantic_components.dir/src/translation_utils.cpp.o[0m
[ 54%] [32m[1mLinking CXX shared library libfranka_semantic_components.so[0m
[ 54%] Built target franka_semantic_components
[ 63%] [32mBuilding CXX object CMakeFiles/franka_cartesian_pose_interface_test.dir/test/franka_cartesian_pose_interface_test.cpp.o[0m
[ 63%] [32mBuilding CXX object CMakeFiles/test_franka_robot_state.dir/test/franka_robot_state_test.cpp.o[0m
[ 77%] [32mBuilding CXX object CMakeFiles/test_franka_robot_model.dir/test/franka_robot_model_test.cpp.o[0m
[ 77%] [32mBuilding CXX object CMakeFiles/franka_semantic_component_interface_test.dir/test/franka_semantic_interface_test.cpp.o[0m
[ 77%] [32mBuilding CXX object CMakeFiles/franka_cartesian_velocity_interface_test.dir/test/franka_cartesian_velocity_interface_test.cpp.o[0m
[ 81%] [32m[1mLinking CXX executable franka_semantic_component_interface_test[0m
[ 86%] [32m[1mLinking CXX executable test_franka_robot_state[0m
[ 86%] Built target franka_semantic_component_interface_test
[ 90%] [32m[1mLinking CXX executable franka_cartesian_velocity_interface_test[0m
[ 95%] [32m[1mLinking CXX executable test_franka_robot_model[0m
[100%] [32m[1mLinking CXX executable franka_cartesian_pose_interface_test[0m
[100%] Built target test_franka_robot_state
[100%] Built target franka_cartesian_velocity_interface_test
[100%] Built target franka_cartesian_pose_interface_test
[100%] Built target test_franka_robot_model
-- Install configuration: ""
-- Installing: /home/qiguanxiao/ws/ws_franka_ros2/install/franka_semantic_components/lib/libfranka_semantic_components.so
-- Set runtime path of "/home/qiguanxiao/ws/ws_franka_ros2/install/franka_semantic_components/lib/libfranka_semantic_components.so" to ""
-- Installing: /home/qiguanxiao/ws/ws_franka_ros2/install/franka_semantic_components/include
-- Installing: /home/qiguanxiao/ws/ws_franka_ros2/install/franka_semantic_components/include/franka_semantic_components
-- Installing: /home/qiguanxiao/ws/ws_franka_ros2/install/franka_semantic_components/include/franka_semantic_components/franka_robot_model.hpp
-- Installing: /home/qiguanxiao/ws/ws_franka_ros2/install/franka_semantic_components/include/franka_semantic_components/franka_cartesian_pose_interface.hpp
-- Installing: /home/qiguanxiao/ws/ws_franka_ros2/install/franka_semantic_components/include/franka_semantic_components/franka_cartesian_velocity_interface.hpp
-- Installing: /home/qiguanxiao/ws/ws_franka_ros2/install/franka_semantic_components/include/franka_semantic_components/franka_robot_state.hpp
-- Installing: /home/qiguanxiao/ws/ws_franka_ros2/install/franka_semantic_components/include/franka_semantic_components/franka_semantic_component_interface.hpp
-- Installing: /home/qiguanxiao/ws/ws_franka_ros2/install/franka_semantic_components/share/franka_semantic_components/robot_description_test.txt
-- Installing: /home/qiguanxiao/ws/ws_franka_ros2/install/franka_semantic_components/share/franka_semantic_components/environment/library_path.sh
-- Installing: /home/qiguanxiao/ws/ws_franka_ros2/install/franka_semantic_components/share/franka_semantic_components/environment/library_path.dsv
-- Installing: /home/qiguanxiao/ws/ws_franka_ros2/install/franka_semantic_components/share/ament_index/resource_index/package_run_dependencies/franka_semantic_components
-- Installing: /home/qiguanxiao/ws/ws_franka_ros2/install/franka_semantic_components/share/ament_index/resource_index/parent_prefix_path/franka_semantic_components
-- Installing: /home/qiguanxiao/ws/ws_franka_ros2/install/franka_semantic_components/share/franka_semantic_components/environment/ament_prefix_path.sh
-- Installing: /home/qiguanxiao/ws/ws_franka_ros2/install/franka_semantic_components/share/franka_semantic_components/environment/ament_prefix_path.dsv
-- Installing: /home/qiguanxiao/ws/ws_franka_ros2/install/franka_semantic_components/share/franka_semantic_components/environment/path.sh
-- Installing: /home/qiguanxiao/ws/ws_franka_ros2/install/franka_semantic_components/share/franka_semantic_components/environment/path.dsv
-- Installing: /home/qiguanxiao/ws/ws_franka_ros2/install/franka_semantic_components/share/franka_semantic_components/local_setup.bash
-- Installing: /home/qiguanxiao/ws/ws_franka_ros2/install/franka_semantic_components/share/franka_semantic_components/local_setup.sh
-- Installing: /home/qiguanxiao/ws/ws_franka_ros2/install/franka_semantic_components/share/franka_semantic_components/local_setup.zsh
-- Installing: /home/qiguanxiao/ws/ws_franka_ros2/install/franka_semantic_components/share/franka_semantic_components/local_setup.dsv
-- Installing: /home/qiguanxiao/ws/ws_franka_ros2/install/franka_semantic_components/share/franka_semantic_components/package.dsv
-- Installing: /home/qiguanxiao/ws/ws_franka_ros2/install/franka_semantic_components/share/ament_index/resource_index/packages/franka_semantic_components
-- Installing: /home/qiguanxiao/ws/ws_franka_ros2/install/franka_semantic_components/share/franka_semantic_components/cmake/ament_cmake_export_include_directories-extras.cmake
-- Installing: /home/qiguanxiao/ws/ws_franka_ros2/install/franka_semantic_components/share/franka_semantic_components/cmake/ament_cmake_export_libraries-extras.cmake
-- Installing: /home/qiguanxiao/ws/ws_franka_ros2/install/franka_semantic_components/share/franka_semantic_components/cmake/ament_cmake_export_dependencies-extras.cmake
-- Installing: /home/qiguanxiao/ws/ws_franka_ros2/install/franka_semantic_components/share/franka_semantic_components/cmake/franka_semantic_componentsConfig.cmake
-- Installing: /home/qiguanxiao/ws/ws_franka_ros2/install/franka_semantic_components/share/franka_semantic_components/cmake/franka_semantic_componentsConfig-version.cmake
-- Installing: /home/qiguanxiao/ws/ws_franka_ros2/install/franka_semantic_components/share/franka_semantic_components/package.xml
