[35m[1mConsolidate compiler generated dependencies of target gtest_main[0m
[35m[1mConsolidate compiler generated dependencies of target gtest[0m
[35m[1mConsolidate compiler generated dependencies of target hri[0m
[ 13%] Built target gtest
[ 26%] Built target gtest_main
[ 33%] [32mBuilding CXX object CMakeFiles/hri.dir/src/hri/face.cpp.o[0m
[ 40%] [32m[1mLinking CXX shared library libhri.so[0m
[ 73%] Built target hri
[ 80%] [32mBuilding CXX object CMakeFiles/hri_example.dir/src/example.cpp.o[0m
[ 86%] [32mBuilding CXX object test/CMakeFiles/libhri_tests.dir/test_hri.cpp.o[0m
[ 93%] [32m[1mLinking CXX executable hri_example[0m
[100%] [32m[1mLinking CXX executable libhri_tests[0m
[100%] Built target hri_example
[100%] Built target libhri_tests
-- Install configuration: ""
-- Up-to-date: /home/qiguanxiao/ws/dependencies/libhri/install/hri/include
-- Up-to-date: /home/qiguanxiao/ws/dependencies/libhri/install/hri/include/hri
-- Up-to-date: /home/qiguanxiao/ws/dependencies/libhri/install/hri/include/hri/voice.hpp
-- Up-to-date: /home/qiguanxiao/ws/dependencies/libhri/install/hri/include/hri/types.hpp
-- Up-to-date: /home/qiguanxiao/ws/dependencies/libhri/install/hri/include/hri/hri.hpp
-- Up-to-date: /home/qiguanxiao/ws/dependencies/libhri/install/hri/include/hri/feature_tracker.hpp
-- Up-to-date: /home/qiguanxiao/ws/dependencies/libhri/install/hri/include/hri/body.hpp
-- Up-to-date: /home/qiguanxiao/ws/dependencies/libhri/install/hri/include/hri/face.hpp
-- Up-to-date: /home/qiguanxiao/ws/dependencies/libhri/install/hri/include/hri/person.hpp
-- Up-to-date: /home/qiguanxiao/ws/dependencies/libhri/install/hri/share/hri/environment/library_path.sh
-- Up-to-date: /home/qiguanxiao/ws/dependencies/libhri/install/hri/share/hri/environment/library_path.dsv
-- Installing: /home/qiguanxiao/ws/dependencies/libhri/install/hri/lib/libhri.so
-- Set runtime path of "/home/qiguanxiao/ws/dependencies/libhri/install/hri/lib/libhri.so" to ""
-- Installing: /home/qiguanxiao/ws/dependencies/libhri/install/hri/lib/hri/hri_example
-- Set runtime path of "/home/qiguanxiao/ws/dependencies/libhri/install/hri/lib/hri/hri_example" to ""
-- Up-to-date: /home/qiguanxiao/ws/dependencies/libhri/install/hri/share/ament_index/resource_index/package_run_dependencies/hri
-- Up-to-date: /home/qiguanxiao/ws/dependencies/libhri/install/hri/share/ament_index/resource_index/parent_prefix_path/hri
-- Up-to-date: /home/qiguanxiao/ws/dependencies/libhri/install/hri/share/hri/environment/ament_prefix_path.sh
-- Up-to-date: /home/qiguanxiao/ws/dependencies/libhri/install/hri/share/hri/environment/ament_prefix_path.dsv
-- Up-to-date: /home/qiguanxiao/ws/dependencies/libhri/install/hri/share/hri/environment/path.sh
-- Up-to-date: /home/qiguanxiao/ws/dependencies/libhri/install/hri/share/hri/environment/path.dsv
-- Up-to-date: /home/qiguanxiao/ws/dependencies/libhri/install/hri/share/hri/local_setup.bash
-- Up-to-date: /home/qiguanxiao/ws/dependencies/libhri/install/hri/share/hri/local_setup.sh
-- Up-to-date: /home/qiguanxiao/ws/dependencies/libhri/install/hri/share/hri/local_setup.zsh
-- Up-to-date: /home/qiguanxiao/ws/dependencies/libhri/install/hri/share/hri/local_setup.dsv
-- Installing: /home/qiguanxiao/ws/dependencies/libhri/install/hri/share/hri/package.dsv
-- Up-to-date: /home/qiguanxiao/ws/dependencies/libhri/install/hri/share/ament_index/resource_index/packages/hri
-- Up-to-date: /home/qiguanxiao/ws/dependencies/libhri/install/hri/share/hri/cmake/ament_cmake_export_dependencies-extras.cmake
-- Up-to-date: /home/qiguanxiao/ws/dependencies/libhri/install/hri/share/hri/cmake/ament_cmake_export_include_directories-extras.cmake
-- Up-to-date: /home/qiguanxiao/ws/dependencies/libhri/install/hri/share/hri/cmake/ament_cmake_export_libraries-extras.cmake
-- Up-to-date: /home/qiguanxiao/ws/dependencies/libhri/install/hri/share/hri/cmake/hriConfig.cmake
-- Up-to-date: /home/qiguanxiao/ws/dependencies/libhri/install/hri/share/hri/cmake/hriConfig-version.cmake
-- Up-to-date: /home/qiguanxiao/ws/dependencies/libhri/install/hri/share/hri/package.xml
