-- Found ament_cmake: 1.3.11 (/home/qiguanxiao/ros2_humble/install/ament_cmake/share/ament_cmake/cmake)
-- Found builtin_interfaces: 1.2.1 (/home/qiguanxiao/ros2_humble/install/builtin_interfaces/share/builtin_interfaces/cmake)
-- Found rosidl_generator_c: 3.1.6 (/home/qiguanxiao/ros2_humble/install/rosidl_generator_c/share/rosidl_generator_c/cmake)
-- Found rosidl_adapter: 3.1.6 (/home/qiguanxiao/ros2_humble/install/rosidl_adapter/share/rosidl_adapter/cmake)
-- Found rosidl_generator_cpp: 3.1.6 (/home/qiguanxiao/ros2_humble/install/rosidl_generator_cpp/share/rosidl_generator_cpp/cmake)
-- Using all available rosidl_typesupport_c: rosidl_typesupport_introspection_c;rosidl_typesupport_fastrtps_c
-- Using all available rosidl_typesupport_cpp: rosidl_typesupport_introspection_cpp;rosidl_typesupport_fastrtps_cpp
-- Found control_msgs: 4.7.0 (/home/qiguanxiao/ws/dependencies/control_msgs/install/control_msgs/share/control_msgs/cmake)
-- Found controller_interface: 2.47.0 (/home/qiguanxiao/ws/ws_ros2_control/install/controller_interface/share/controller_interface/cmake)
-- Found rmw_implementation_cmake: 6.1.2 (/home/qiguanxiao/ros2_humble/install/rmw_implementation_cmake/share/rmw_implementation_cmake/cmake)
-- Found rmw_fastrtps_cpp: 6.2.7 (/home/qiguanxiao/ros2_humble/install/rmw_fastrtps_cpp/share/rmw_fastrtps_cpp/cmake)
-- Found TinyXML2 via Config file: TinyXML2_DIR-NOTFOUND
-- Found TinyXML2 via Config file: TinyXML2_DIR-NOTFOUND
-- Found TinyXML2 via Config file: TinyXML2_DIR-NOTFOUND
-- Found TinyXML2 via Config file: TinyXML2_DIR-NOTFOUND
-- Using RMW implementation 'rmw_fastrtps_cpp' as default
-- Found controller_manager: 2.47.0 (/home/qiguanxiao/ws/ws_ros2_control/install/controller_manager/share/controller_manager/cmake)
-- Found ros2_control_test_assets: 2.47.0 (/home/qiguanxiao/ws/ws_ros2_control/install/ros2_control_test_assets/share/ros2_control_test_assets/cmake)
-- Found franka_msgs: 1.0.0 (/home/qiguanxiao/ws/ws_franka_ros2/install/franka_msgs/share/franka_msgs/cmake)
-- Found franka_semantic_components: 1.0.0 (/home/qiguanxiao/ws/ws_franka_ros2/install/franka_semantic_components/share/franka_semantic_components/cmake)
-- Found generate_parameter_library: 0.4.0 (/home/qiguanxiao/ws/ws_generate_parameter_library/install/generate_parameter_library/share/generate_parameter_library/cmake)
-- Found parameter_traits: 0.4.0 (/home/qiguanxiao/ws/ws_generate_parameter_library/install/parameter_traits/share/parameter_traits/cmake)
-- Found visualization_msgs: 4.8.0 (/home/qiguanxiao/ros2_humble/install/visualization_msgs/share/visualization_msgs/cmake)
-- Found ament_cmake_gmock: 1.3.11 (/home/qiguanxiao/ros2_humble/install/ament_cmake_gmock/share/ament_cmake_gmock/cmake)
-- Found ament_cmake_clang_format: 0.12.12 (/home/qiguanxiao/ros2_humble/install/ament_cmake_clang_format/share/ament_cmake_clang_format/cmake)
-- Found ament_cmake_copyright: 0.12.12 (/home/qiguanxiao/ros2_humble/install/ament_cmake_copyright/share/ament_cmake_copyright/cmake)
-- Found ament_cmake_cppcheck: 0.12.12 (/home/qiguanxiao/ros2_humble/install/ament_cmake_cppcheck/share/ament_cmake_cppcheck/cmake)
-- Found ament_cmake_flake8: 0.12.12 (/home/qiguanxiao/ros2_humble/install/ament_cmake_flake8/share/ament_cmake_flake8/cmake)
-- Found ament_cmake_lint_cmake: 0.12.12 (/home/qiguanxiao/ros2_humble/install/ament_cmake_lint_cmake/share/ament_cmake_lint_cmake/cmake)
-- Found ament_cmake_pep257: 0.12.12 (/home/qiguanxiao/ros2_humble/install/ament_cmake_pep257/share/ament_cmake_pep257/cmake)
-- Found ament_cmake_xmllint: 0.12.12 (/home/qiguanxiao/ros2_humble/install/ament_cmake_xmllint/share/ament_cmake_xmllint/cmake)
-- Found gmock sources under '/home/qiguanxiao/ros2_humble/install/gmock_vendor/src/gmock_vendor': C++ tests using 'Google Mock' will be built
-- Found ament_cmake_gtest: 1.3.11 (/home/qiguanxiao/ros2_humble/install/ament_cmake_gtest/share/ament_cmake_gtest/cmake)
-- Found gtest sources under '/home/qiguanxiao/ros2_humble/install/gtest_vendor/src/gtest_vendor': C++ tests using 'Google Test' will be built
-- Found gmock sources under '/home/qiguanxiao/ros2_humble/install/gmock_vendor/src/gmock_vendor': C++ tests using 'Google Mock' will be built
-- Found ament_cmake_gtest: 1.3.11 (/home/qiguanxiao/ros2_humble/install/ament_cmake_gtest/share/ament_cmake_gtest/cmake)
-- Found gtest sources under '/home/qiguanxiao/ros2_humble/install/gtest_vendor/src/gtest_vendor': C++ tests using 'Google Test' will be built
-- Configuring done
-- Generating done
-- Build files have been written to: /home/qiguanxiao/ws/ws_franka_ros2/build/franka_robot_state_broadcaster
[35m[1mConsolidate compiler generated dependencies of target gmock_main[0m
[35m[1mConsolidate compiler generated dependencies of target gmock[0m
[ 46%] Built target gmock
[ 46%] Built target gmock_main
[ 53%] Built target franka_robot_state_broadcaster_parameters
[35m[1mConsolidate compiler generated dependencies of target franka_robot_state_broadcaster[0m
[ 61%] [32mBuilding CXX object CMakeFiles/franka_robot_state_broadcaster.dir/src/franka_robot_state_broadcaster.cpp.o[0m
[ 69%] [32m[1mLinking CXX shared library libfranka_robot_state_broadcaster.so[0m
[ 69%] Built target franka_robot_state_broadcaster
[35m[1mConsolidate compiler generated dependencies of target test_load_franka_robot_state_broadcaster[0m
[ 76%] [32mBuilding CXX object CMakeFiles/franka_robot_state_broadcaster_test.dir/test/test_franka_robot_state_broadcaster.cpp.o[0m
[ 84%] [32m[1mLinking CXX executable test_load_franka_robot_state_broadcaster[0m
[ 92%] Built target test_load_franka_robot_state_broadcaster
[100%] [32m[1mLinking CXX executable franka_robot_state_broadcaster_test[0m
[100%] Built target franka_robot_state_broadcaster_test
-- Install configuration: ""
-- Installing: /home/qiguanxiao/ws/ws_franka_ros2/install/franka_robot_state_broadcaster/include/franka_robot_state_broadcaster
-- Installing: /home/qiguanxiao/ws/ws_franka_ros2/install/franka_robot_state_broadcaster/include/franka_robot_state_broadcaster/franka_robot_state_broadcaster_parameters.hpp
-- Installing: /home/qiguanxiao/ws/ws_franka_ros2/install/franka_robot_state_broadcaster/share/franka_robot_state_broadcaster/franka_robot_state_broadcaster.xml
-- Installing: /home/qiguanxiao/ws/ws_franka_ros2/install/franka_robot_state_broadcaster/lib/libfranka_robot_state_broadcaster.so
-- Set runtime path of "/home/qiguanxiao/ws/ws_franka_ros2/install/franka_robot_state_broadcaster/lib/libfranka_robot_state_broadcaster.so" to ""
-- Up-to-date: /home/qiguanxiao/ws/ws_franka_ros2/install/franka_robot_state_broadcaster/include
-- Up-to-date: /home/qiguanxiao/ws/ws_franka_ros2/install/franka_robot_state_broadcaster/include/franka_robot_state_broadcaster
-- Installing: /home/qiguanxiao/ws/ws_franka_ros2/install/franka_robot_state_broadcaster/include/franka_robot_state_broadcaster/franka_robot_state_broadcaster.hpp
-- Installing: /home/qiguanxiao/ws/ws_franka_ros2/install/franka_robot_state_broadcaster/share/franka_robot_state_broadcaster/environment/library_path.sh
-- Installing: /home/qiguanxiao/ws/ws_franka_ros2/install/franka_robot_state_broadcaster/share/franka_robot_state_broadcaster/environment/library_path.dsv
-- Installing: /home/qiguanxiao/ws/ws_franka_ros2/install/franka_robot_state_broadcaster/share/ament_index/resource_index/package_run_dependencies/franka_robot_state_broadcaster
-- Installing: /home/qiguanxiao/ws/ws_franka_ros2/install/franka_robot_state_broadcaster/share/ament_index/resource_index/parent_prefix_path/franka_robot_state_broadcaster
-- Installing: /home/qiguanxiao/ws/ws_franka_ros2/install/franka_robot_state_broadcaster/share/franka_robot_state_broadcaster/environment/ament_prefix_path.sh
-- Installing: /home/qiguanxiao/ws/ws_franka_ros2/install/franka_robot_state_broadcaster/share/franka_robot_state_broadcaster/environment/ament_prefix_path.dsv
-- Installing: /home/qiguanxiao/ws/ws_franka_ros2/install/franka_robot_state_broadcaster/share/franka_robot_state_broadcaster/environment/path.sh
-- Installing: /home/qiguanxiao/ws/ws_franka_ros2/install/franka_robot_state_broadcaster/share/franka_robot_state_broadcaster/environment/path.dsv
-- Installing: /home/qiguanxiao/ws/ws_franka_ros2/install/franka_robot_state_broadcaster/share/franka_robot_state_broadcaster/local_setup.bash
-- Installing: /home/qiguanxiao/ws/ws_franka_ros2/install/franka_robot_state_broadcaster/share/franka_robot_state_broadcaster/local_setup.sh
-- Installing: /home/qiguanxiao/ws/ws_franka_ros2/install/franka_robot_state_broadcaster/share/franka_robot_state_broadcaster/local_setup.zsh
-- Installing: /home/qiguanxiao/ws/ws_franka_ros2/install/franka_robot_state_broadcaster/share/franka_robot_state_broadcaster/local_setup.dsv
-- Installing: /home/qiguanxiao/ws/ws_franka_ros2/install/franka_robot_state_broadcaster/share/franka_robot_state_broadcaster/package.dsv
-- Installing: /home/qiguanxiao/ws/ws_franka_ros2/install/franka_robot_state_broadcaster/share/ament_index/resource_index/packages/franka_robot_state_broadcaster
-- Installing: /home/qiguanxiao/ws/ws_franka_ros2/install/franka_robot_state_broadcaster/share/ament_index/resource_index/controller_interface__pluginlib__plugin/franka_robot_state_broadcaster
-- Installing: /home/qiguanxiao/ws/ws_franka_ros2/install/franka_robot_state_broadcaster/share/franka_robot_state_broadcaster/cmake/ament_cmake_export_dependencies-extras.cmake
-- Installing: /home/qiguanxiao/ws/ws_franka_ros2/install/franka_robot_state_broadcaster/share/franka_robot_state_broadcaster/cmake/ament_cmake_export_include_directories-extras.cmake
-- Installing: /home/qiguanxiao/ws/ws_franka_ros2/install/franka_robot_state_broadcaster/share/franka_robot_state_broadcaster/cmake/ament_cmake_export_libraries-extras.cmake
-- Installing: /home/qiguanxiao/ws/ws_franka_ros2/install/franka_robot_state_broadcaster/share/franka_robot_state_broadcaster/cmake/franka_robot_state_broadcasterConfig.cmake
-- Installing: /home/qiguanxiao/ws/ws_franka_ros2/install/franka_robot_state_broadcaster/share/franka_robot_state_broadcaster/cmake/franka_robot_state_broadcasterConfig-version.cmake
-- Installing: /home/qiguanxiao/ws/ws_franka_ros2/install/franka_robot_state_broadcaster/share/franka_robot_state_broadcaster/package.xml
