[2.399s] Invoking command in '/home/qiguanxiao/ws/ws_moveit2/src/moveit2/moveit_configs_utils': PYTHONPATH=/home/qiguanxiao/ws/ws_moveit2/build/moveit_configs_utils/prefix_override:/home/qiguanxiao/.local/lib/python3.10/site-packages/colcon_core/task/python/colcon_distutils_commands:/home/qiguanxiao/ws/ws_moveit2/install/moveit_configs_utils/lib/python3.10/site-packages:${PYTHONPATH} /usr/bin/python3 -W ignore:setup.py install is deprecated setup.py egg_info --egg-base ../../../build/moveit_configs_utils build --build-base /home/qiguanxiao/ws/ws_moveit2/build/moveit_configs_utils/build install --record /home/qiguanxiao/ws/ws_moveit2/build/moveit_configs_utils/install.log --single-version-externally-managed install_data
[2.852s] /home/qiguanxiao/.local/lib/python3.10/site-packages/setuptools/_distutils/dist.py:261: UserWarning: Unknown distribution option: 'tests_require'
[2.852s]   warnings.warn(msg)
[3.086s] running egg_info
[3.124s] writing ../../../build/moveit_configs_utils/moveit_configs_utils.egg-info/PKG-INFO
[3.124s] writing dependency_links to ../../../build/moveit_configs_utils/moveit_configs_utils.egg-info/dependency_links.txt
[3.124s] writing requirements to ../../../build/moveit_configs_utils/moveit_configs_utils.egg-info/requires.txt
[3.124s] writing top-level names to ../../../build/moveit_configs_utils/moveit_configs_utils.egg-info/top_level.txt
[3.214s] reading manifest file '../../../build/moveit_configs_utils/moveit_configs_utils.egg-info/SOURCES.txt'
[3.233s] writing manifest file '../../../build/moveit_configs_utils/moveit_configs_utils.egg-info/SOURCES.txt'
[3.233s] running build
[3.233s] running build_py
[3.234s] copying moveit_configs_utils/moveit_configs_builder.py -> /home/qiguanxiao/ws/ws_moveit2/build/moveit_configs_utils/build/lib/moveit_configs_utils
[3.234s] copying moveit_configs_utils/launch_utils.py -> /home/qiguanxiao/ws/ws_moveit2/build/moveit_configs_utils/build/lib/moveit_configs_utils
[3.234s] copying moveit_configs_utils/__init__.py -> /home/qiguanxiao/ws/ws_moveit2/build/moveit_configs_utils/build/lib/moveit_configs_utils
[3.234s] copying moveit_configs_utils/launches.py -> /home/qiguanxiao/ws/ws_moveit2/build/moveit_configs_utils/build/lib/moveit_configs_utils
[3.235s] copying moveit_configs_utils/substitutions/__init__.py -> /home/qiguanxiao/ws/ws_moveit2/build/moveit_configs_utils/build/lib/moveit_configs_utils/substitutions
[3.235s] copying moveit_configs_utils/substitutions/xacro.py -> /home/qiguanxiao/ws/ws_moveit2/build/moveit_configs_utils/build/lib/moveit_configs_utils/substitutions
[3.235s] running install
[3.237s] running install_lib
[3.278s] running install_data
[3.278s] copying resource/moveit_configs_utils -> /home/qiguanxiao/ws/ws_moveit2/install/moveit_configs_utils/share/ament_index/resource_index/packages
[3.278s] copying package.xml -> /home/qiguanxiao/ws/ws_moveit2/install/moveit_configs_utils/share/moveit_configs_utils
[3.278s] copying default_configs/ompl_planning.yaml -> /home/qiguanxiao/ws/ws_moveit2/install/moveit_configs_utils/share/moveit_configs_utils/default_configs
[3.278s] copying default_configs/pilz_industrial_motion_planner_planning.yaml -> /home/qiguanxiao/ws/ws_moveit2/install/moveit_configs_utils/share/moveit_configs_utils/default_configs
[3.278s] copying default_configs/ompl_defaults.yaml -> /home/qiguanxiao/ws/ws_moveit2/install/moveit_configs_utils/share/moveit_configs_utils/default_configs
[3.278s] copying default_configs/chomp_planning.yaml -> /home/qiguanxiao/ws/ws_moveit2/install/moveit_configs_utils/share/moveit_configs_utils/default_configs
[3.278s] running install_egg_info
[3.318s] removing '/home/qiguanxiao/ws/ws_moveit2/install/moveit_configs_utils/lib/python3.10/site-packages/moveit_configs_utils-2.5.9-py3.10.egg-info' (and everything under it)
[3.336s] Copying ../../../build/moveit_configs_utils/moveit_configs_utils.egg-info to /home/qiguanxiao/ws/ws_moveit2/install/moveit_configs_utils/lib/python3.10/site-packages/moveit_configs_utils-2.5.9-py3.10.egg-info
[3.336s] running install_scripts
[3.617s] writing list of installed files to '/home/qiguanxiao/ws/ws_moveit2/build/moveit_configs_utils/install.log'
[3.637s] Invoked command in '/home/qiguanxiao/ws/ws_moveit2/src/moveit2/moveit_configs_utils' returned '0': PYTHONPATH=/home/qiguanxiao/ws/ws_moveit2/build/moveit_configs_utils/prefix_override:/home/qiguanxiao/.local/lib/python3.10/site-packages/colcon_core/task/python/colcon_distutils_commands:/home/qiguanxiao/ws/ws_moveit2/install/moveit_configs_utils/lib/python3.10/site-packages:${PYTHONPATH} /usr/bin/python3 -W ignore:setup.py install is deprecated setup.py egg_info --egg-base ../../../build/moveit_configs_utils build --build-base /home/qiguanxiao/ws/ws_moveit2/build/moveit_configs_utils/build install --record /home/qiguanxiao/ws/ws_moveit2/build/moveit_configs_utils/install.log --single-version-externally-managed install_data
