[ 66%] [32mBuilding CXX object CMakeFiles/ign_hardware_plugins.dir/src/model_kdl.cpp.o[0m
[ 66%] [32mBuilding CXX object CMakeFiles/ign_hardware_plugins.dir/src/ign_system.cpp.o[0m
[ 66%] [32mBuilding CXX object CMakeFiles/franka_ign_ros2_control-system.dir/src/ign_ros2_control_plugin.cpp.o[0m
[ 66%] [32mBuilding CXX object CMakeFiles/franka_ign_ros2_control-system.dir/src/model_kdl.cpp.o[0m
[ 83%] [32m[1mLinking CXX shared library libign_hardware_plugins.so[0m
[100%] [32m[1mLinking CXX shared library libfranka_ign_ros2_control-system.so[0m
[100%] Built target ign_hardware_plugins
[100%] Built target franka_ign_ros2_control-system
-- Install configuration: ""
-- Installing: /home/qiguanxiao/ws/ws_franka_ros2/install/franka_ign_ros2_control/lib/libign_hardware_plugins.so
-- Set runtime path of "/home/qiguanxiao/ws/ws_franka_ros2/install/franka_ign_ros2_control/lib/libign_hardware_plugins.so" to ""
-- Installing: /home/qiguanxiao/ws/ws_franka_ros2/install/franka_ign_ros2_control/include
-- Installing: /home/qiguanxiao/ws/ws_franka_ros2/install/franka_ign_ros2_control/include/ign_ros2_control
-- Installing: /home/qiguanxiao/ws/ws_franka_ros2/install/franka_ign_ros2_control/include/ign_ros2_control/ign_system.hpp
-- Installing: /home/qiguanxiao/ws/ws_franka_ros2/install/franka_ign_ros2_control/include/ign_ros2_control/ign_ros2_control_plugin.hpp
-- Installing: /home/qiguanxiao/ws/ws_franka_ros2/install/franka_ign_ros2_control/include/ign_ros2_control/model_kdl.h
-- Installing: /home/qiguanxiao/ws/ws_franka_ros2/install/franka_ign_ros2_control/include/ign_ros2_control/ign_system_interface.hpp
-- Installing: /home/qiguanxiao/ws/ws_franka_ros2/install/franka_ign_ros2_control/share/franka_ign_ros2_control/environment/library_path.sh
-- Installing: /home/qiguanxiao/ws/ws_franka_ros2/install/franka_ign_ros2_control/share/franka_ign_ros2_control/environment/library_path.dsv
-- Installing: /home/qiguanxiao/ws/ws_franka_ros2/install/franka_ign_ros2_control/lib/libfranka_ign_ros2_control-system.so
-- Set runtime path of "/home/qiguanxiao/ws/ws_franka_ros2/install/franka_ign_ros2_control/lib/libfranka_ign_ros2_control-system.so" to ""
-- Installing: /home/qiguanxiao/ws/ws_franka_ros2/install/franka_ign_ros2_control/share/franka_ign_ros2_control/ign_hardware_plugins.xml
-- Installing: /home/qiguanxiao/ws/ws_franka_ros2/install/franka_ign_ros2_control/share/ament_index/resource_index/package_run_dependencies/franka_ign_ros2_control
-- Installing: /home/qiguanxiao/ws/ws_franka_ros2/install/franka_ign_ros2_control/share/ament_index/resource_index/parent_prefix_path/franka_ign_ros2_control
-- Installing: /home/qiguanxiao/ws/ws_franka_ros2/install/franka_ign_ros2_control/share/franka_ign_ros2_control/environment/ament_prefix_path.sh
-- Installing: /home/qiguanxiao/ws/ws_franka_ros2/install/franka_ign_ros2_control/share/franka_ign_ros2_control/environment/ament_prefix_path.dsv
-- Installing: /home/qiguanxiao/ws/ws_franka_ros2/install/franka_ign_ros2_control/share/franka_ign_ros2_control/environment/path.sh
-- Installing: /home/qiguanxiao/ws/ws_franka_ros2/install/franka_ign_ros2_control/share/franka_ign_ros2_control/environment/path.dsv
-- Installing: /home/qiguanxiao/ws/ws_franka_ros2/install/franka_ign_ros2_control/share/franka_ign_ros2_control/local_setup.bash
-- Installing: /home/qiguanxiao/ws/ws_franka_ros2/install/franka_ign_ros2_control/share/franka_ign_ros2_control/local_setup.sh
-- Installing: /home/qiguanxiao/ws/ws_franka_ros2/install/franka_ign_ros2_control/share/franka_ign_ros2_control/local_setup.zsh
-- Installing: /home/qiguanxiao/ws/ws_franka_ros2/install/franka_ign_ros2_control/share/franka_ign_ros2_control/local_setup.dsv
-- Installing: /home/qiguanxiao/ws/ws_franka_ros2/install/franka_ign_ros2_control/share/franka_ign_ros2_control/package.dsv
-- Installing: /home/qiguanxiao/ws/ws_franka_ros2/install/franka_ign_ros2_control/share/ament_index/resource_index/packages/franka_ign_ros2_control
-- Installing: /home/qiguanxiao/ws/ws_franka_ros2/install/franka_ign_ros2_control/share/ament_index/resource_index/franka_ign_ros2_control__pluginlib__plugin/franka_ign_ros2_control
-- Installing: /home/qiguanxiao/ws/ws_franka_ros2/install/franka_ign_ros2_control/share/franka_ign_ros2_control/cmake/ament_cmake_export_include_directories-extras.cmake
-- Installing: /home/qiguanxiao/ws/ws_franka_ros2/install/franka_ign_ros2_control/share/franka_ign_ros2_control/cmake/ament_cmake_export_libraries-extras.cmake
-- Installing: /home/qiguanxiao/ws/ws_franka_ros2/install/franka_ign_ros2_control/share/franka_ign_ros2_control/cmake/franka_ign_ros2_controlConfig.cmake
-- Installing: /home/qiguanxiao/ws/ws_franka_ros2/install/franka_ign_ros2_control/share/franka_ign_ros2_control/cmake/franka_ign_ros2_controlConfig-version.cmake
-- Installing: /home/qiguanxiao/ws/ws_franka_ros2/install/franka_ign_ros2_control/share/franka_ign_ros2_control/package.xml
