[0.126s] DEBUG:colcon:Command line arguments: ['/home/qiguanxiao/.local/bin/colcon', 'build']
[0.126s] DEBUG:colcon:Parsed command line arguments: Namespace(log_base=None, log_level=None, verb_name='build', build_base='build', install_base='install', merge_install=False, symlink_install=False, test_result_base=None, continue_on_error=False, executor='parallel', parallel_workers=24, event_handlers=None, ignore_user_meta=False, metas=['./colcon.meta'], base_paths=['.'], packages_ignore=None, packages_ignore_regex=None, paths=None, packages_up_to=None, packages_up_to_regex=None, packages_above=None, packages_above_and_dependencies=None, packages_above_depth=None, packages_select_by_dep=None, packages_skip_by_dep=None, packages_skip_up_to=None, packages_select_build_failed=False, packages_skip_build_finished=False, packages_select_test_failures=False, packages_skip_test_passed=False, packages_select=None, packages_skip=None, packages_select_regex=None, packages_skip_regex=None, packages_start=None, packages_end=None, allow_overriding=[], cmake_args=None, cmake_target=None, cmake_target_skip_unavailable=False, cmake_clean_cache=False, cmake_clean_first=False, cmake_force_configure=False, ament_cmake_args=None, catkin_cmake_args=None, catkin_skip_building_tests=False, verb_parser=<colcon_defaults.argument_parser.defaults.DefaultArgumentsDecorator object at 0x76a4170f6530>, verb_extension=<colcon_core.verb.build.BuildVerb object at 0x76a4170f5e70>, main=<bound method BuildVerb.main of <colcon_core.verb.build.BuildVerb object at 0x76a4170f5e70>>)
[0.155s] Level 1:colcon.colcon_core.package_discovery:discover_packages(colcon_meta) check parameters
[0.155s] Level 1:colcon.colcon_core.package_discovery:discover_packages(recursive) check parameters
[0.155s] Level 1:colcon.colcon_core.package_discovery:discover_packages(ignore) check parameters
[0.155s] Level 1:colcon.colcon_core.package_discovery:discover_packages(path) check parameters
[0.155s] Level 1:colcon.colcon_core.package_discovery:discover_packages(colcon_meta) discover
[0.155s] Level 1:colcon.colcon_core.package_discovery:discover_packages(recursive) discover
[0.155s] INFO:colcon.colcon_core.package_discovery:Crawling recursively for packages in '/home/qiguanxiao/ws/ws_stcamera_ros2'
[0.155s] Level 1:colcon.colcon_core.package_identification:_identify(.) by extensions ['ignore', 'ignore_ament_install']
[0.156s] Level 1:colcon.colcon_core.package_identification:_identify(.) by extension 'ignore'
[0.156s] Level 1:colcon.colcon_core.package_identification:_identify(.) by extension 'ignore_ament_install'
[0.156s] Level 1:colcon.colcon_core.package_identification:_identify(.) by extensions ['colcon_pkg']
[0.156s] Level 1:colcon.colcon_core.package_identification:_identify(.) by extension 'colcon_pkg'
[0.156s] Level 1:colcon.colcon_core.package_identification:_identify(.) by extensions ['colcon_meta']
[0.156s] Level 1:colcon.colcon_core.package_identification:_identify(.) by extension 'colcon_meta'
[0.156s] Level 1:colcon.colcon_core.package_identification:_identify(.) by extensions ['ros']
[0.156s] Level 1:colcon.colcon_core.package_identification:_identify(.) by extension 'ros'
[0.165s] Level 1:colcon.colcon_core.package_identification:_identify(.) by extensions ['cmake', 'python']
[0.165s] Level 1:colcon.colcon_core.package_identification:_identify(.) by extension 'cmake'
[0.165s] Level 1:colcon.colcon_core.package_identification:_identify(.) by extension 'python'
[0.165s] Level 1:colcon.colcon_core.package_identification:_identify(.) by extensions ['python_setup_py']
[0.165s] Level 1:colcon.colcon_core.package_identification:_identify(.) by extension 'python_setup_py'
[0.165s] Level 1:colcon.colcon_core.package_identification:_identify(build) by extensions ['ignore', 'ignore_ament_install']
[0.165s] Level 1:colcon.colcon_core.package_identification:_identify(build) by extension 'ignore'
[0.165s] Level 1:colcon.colcon_core.package_identification:_identify(build) ignored
[0.165s] Level 1:colcon.colcon_core.package_identification:_identify(install) by extensions ['ignore', 'ignore_ament_install']
[0.165s] Level 1:colcon.colcon_core.package_identification:_identify(install) by extension 'ignore'
[0.165s] Level 1:colcon.colcon_core.package_identification:_identify(install) ignored
[0.165s] Level 1:colcon.colcon_core.package_identification:_identify(log) by extensions ['ignore', 'ignore_ament_install']
[0.165s] Level 1:colcon.colcon_core.package_identification:_identify(log) by extension 'ignore'
[0.165s] Level 1:colcon.colcon_core.package_identification:_identify(log) ignored
[0.165s] Level 1:colcon.colcon_core.package_identification:_identify(src) by extensions ['ignore', 'ignore_ament_install']
[0.165s] Level 1:colcon.colcon_core.package_identification:_identify(src) by extension 'ignore'
[0.165s] Level 1:colcon.colcon_core.package_identification:_identify(src) by extension 'ignore_ament_install'
[0.165s] Level 1:colcon.colcon_core.package_identification:_identify(src) by extensions ['colcon_pkg']
[0.165s] Level 1:colcon.colcon_core.package_identification:_identify(src) by extension 'colcon_pkg'
[0.165s] Level 1:colcon.colcon_core.package_identification:_identify(src) by extensions ['colcon_meta']
[0.165s] Level 1:colcon.colcon_core.package_identification:_identify(src) by extension 'colcon_meta'
[0.165s] Level 1:colcon.colcon_core.package_identification:_identify(src) by extensions ['ros']
[0.165s] Level 1:colcon.colcon_core.package_identification:_identify(src) by extension 'ros'
[0.165s] Level 1:colcon.colcon_core.package_identification:_identify(src) by extensions ['cmake', 'python']
[0.165s] Level 1:colcon.colcon_core.package_identification:_identify(src) by extension 'cmake'
[0.166s] Level 1:colcon.colcon_core.package_identification:_identify(src) by extension 'python'
[0.166s] Level 1:colcon.colcon_core.package_identification:_identify(src) by extensions ['python_setup_py']
[0.166s] Level 1:colcon.colcon_core.package_identification:_identify(src) by extension 'python_setup_py'
[0.166s] Level 1:colcon.colcon_core.package_identification:_identify(src/stcamera_ros2) by extensions ['ignore', 'ignore_ament_install']
[0.166s] Level 1:colcon.colcon_core.package_identification:_identify(src/stcamera_ros2) by extension 'ignore'
[0.166s] Level 1:colcon.colcon_core.package_identification:_identify(src/stcamera_ros2) by extension 'ignore_ament_install'
[0.166s] Level 1:colcon.colcon_core.package_identification:_identify(src/stcamera_ros2) by extensions ['colcon_pkg']
[0.166s] Level 1:colcon.colcon_core.package_identification:_identify(src/stcamera_ros2) by extension 'colcon_pkg'
[0.166s] Level 1:colcon.colcon_core.package_identification:_identify(src/stcamera_ros2) by extensions ['colcon_meta']
[0.166s] Level 1:colcon.colcon_core.package_identification:_identify(src/stcamera_ros2) by extension 'colcon_meta'
[0.166s] Level 1:colcon.colcon_core.package_identification:_identify(src/stcamera_ros2) by extensions ['ros']
[0.166s] Level 1:colcon.colcon_core.package_identification:_identify(src/stcamera_ros2) by extension 'ros'
[0.166s] Level 1:colcon.colcon_core.package_identification:_identify(src/stcamera_ros2) by extensions ['cmake', 'python']
[0.166s] Level 1:colcon.colcon_core.package_identification:_identify(src/stcamera_ros2) by extension 'cmake'
[0.166s] Level 1:colcon.colcon_core.package_identification:_identify(src/stcamera_ros2) by extension 'python'
[0.166s] Level 1:colcon.colcon_core.package_identification:_identify(src/stcamera_ros2) by extensions ['python_setup_py']
[0.166s] Level 1:colcon.colcon_core.package_identification:_identify(src/stcamera_ros2) by extension 'python_setup_py'
[0.166s] Level 1:colcon.colcon_core.package_identification:_identify(src/stcamera_ros2/stcamera_components) by extensions ['ignore', 'ignore_ament_install']
[0.166s] Level 1:colcon.colcon_core.package_identification:_identify(src/stcamera_ros2/stcamera_components) by extension 'ignore'
[0.166s] Level 1:colcon.colcon_core.package_identification:_identify(src/stcamera_ros2/stcamera_components) by extension 'ignore_ament_install'
[0.166s] Level 1:colcon.colcon_core.package_identification:_identify(src/stcamera_ros2/stcamera_components) by extensions ['colcon_pkg']
[0.166s] Level 1:colcon.colcon_core.package_identification:_identify(src/stcamera_ros2/stcamera_components) by extension 'colcon_pkg'
[0.166s] Level 1:colcon.colcon_core.package_identification:_identify(src/stcamera_ros2/stcamera_components) by extensions ['colcon_meta']
[0.166s] Level 1:colcon.colcon_core.package_identification:_identify(src/stcamera_ros2/stcamera_components) by extension 'colcon_meta'
[0.166s] Level 1:colcon.colcon_core.package_identification:_identify(src/stcamera_ros2/stcamera_components) by extensions ['ros']
[0.166s] Level 1:colcon.colcon_core.package_identification:_identify(src/stcamera_ros2/stcamera_components) by extension 'ros'
[0.167s] DEBUG:colcon.colcon_core.package_identification:Package 'src/stcamera_ros2/stcamera_components' with type 'ros.ament_cmake' and name 'stcamera_components'
[0.167s] Level 1:colcon.colcon_core.package_identification:_identify(src/stcamera_ros2/stcamera_demos) by extensions ['ignore', 'ignore_ament_install']
[0.167s] Level 1:colcon.colcon_core.package_identification:_identify(src/stcamera_ros2/stcamera_demos) by extension 'ignore'
[0.167s] Level 1:colcon.colcon_core.package_identification:_identify(src/stcamera_ros2/stcamera_demos) by extension 'ignore_ament_install'
[0.167s] Level 1:colcon.colcon_core.package_identification:_identify(src/stcamera_ros2/stcamera_demos) by extensions ['colcon_pkg']
[0.167s] Level 1:colcon.colcon_core.package_identification:_identify(src/stcamera_ros2/stcamera_demos) by extension 'colcon_pkg'
[0.167s] Level 1:colcon.colcon_core.package_identification:_identify(src/stcamera_ros2/stcamera_demos) by extensions ['colcon_meta']
[0.167s] Level 1:colcon.colcon_core.package_identification:_identify(src/stcamera_ros2/stcamera_demos) by extension 'colcon_meta'
[0.168s] Level 1:colcon.colcon_core.package_identification:_identify(src/stcamera_ros2/stcamera_demos) by extensions ['ros']
[0.168s] Level 1:colcon.colcon_core.package_identification:_identify(src/stcamera_ros2/stcamera_demos) by extension 'ros'
[0.168s] DEBUG:colcon.colcon_core.package_identification:Package 'src/stcamera_ros2/stcamera_demos' with type 'ros.ament_cmake' and name 'stcamera_grabber'
[0.168s] Level 1:colcon.colcon_core.package_identification:_identify(src/stcamera_ros2/stcamera_launch) by extensions ['ignore', 'ignore_ament_install']
[0.168s] Level 1:colcon.colcon_core.package_identification:_identify(src/stcamera_ros2/stcamera_launch) by extension 'ignore'
[0.168s] Level 1:colcon.colcon_core.package_identification:_identify(src/stcamera_ros2/stcamera_launch) by extension 'ignore_ament_install'
[0.168s] Level 1:colcon.colcon_core.package_identification:_identify(src/stcamera_ros2/stcamera_launch) by extensions ['colcon_pkg']
[0.168s] Level 1:colcon.colcon_core.package_identification:_identify(src/stcamera_ros2/stcamera_launch) by extension 'colcon_pkg'
[0.168s] Level 1:colcon.colcon_core.package_identification:_identify(src/stcamera_ros2/stcamera_launch) by extensions ['colcon_meta']
[0.168s] Level 1:colcon.colcon_core.package_identification:_identify(src/stcamera_ros2/stcamera_launch) by extension 'colcon_meta'
[0.168s] Level 1:colcon.colcon_core.package_identification:_identify(src/stcamera_ros2/stcamera_launch) by extensions ['ros']
[0.168s] Level 1:colcon.colcon_core.package_identification:_identify(src/stcamera_ros2/stcamera_launch) by extension 'ros'
[0.168s] DEBUG:colcon.colcon_core.package_identification:Package 'src/stcamera_ros2/stcamera_launch' with type 'ros.ament_cmake' and name 'stcamera_launch'
[0.169s] Level 1:colcon.colcon_core.package_identification:_identify(src/stcamera_ros2/stcamera_msgs) by extensions ['ignore', 'ignore_ament_install']
[0.169s] Level 1:colcon.colcon_core.package_identification:_identify(src/stcamera_ros2/stcamera_msgs) by extension 'ignore'
[0.169s] Level 1:colcon.colcon_core.package_identification:_identify(src/stcamera_ros2/stcamera_msgs) by extension 'ignore_ament_install'
[0.169s] Level 1:colcon.colcon_core.package_identification:_identify(src/stcamera_ros2/stcamera_msgs) by extensions ['colcon_pkg']
[0.169s] Level 1:colcon.colcon_core.package_identification:_identify(src/stcamera_ros2/stcamera_msgs) by extension 'colcon_pkg'
[0.169s] Level 1:colcon.colcon_core.package_identification:_identify(src/stcamera_ros2/stcamera_msgs) by extensions ['colcon_meta']
[0.169s] Level 1:colcon.colcon_core.package_identification:_identify(src/stcamera_ros2/stcamera_msgs) by extension 'colcon_meta'
[0.169s] Level 1:colcon.colcon_core.package_identification:_identify(src/stcamera_ros2/stcamera_msgs) by extensions ['ros']
[0.169s] Level 1:colcon.colcon_core.package_identification:_identify(src/stcamera_ros2/stcamera_msgs) by extension 'ros'
[0.169s] DEBUG:colcon.colcon_core.package_identification:Package 'src/stcamera_ros2/stcamera_msgs' with type 'ros.ament_cmake' and name 'stcamera_msgs'
[0.169s] Level 1:colcon.colcon_core.package_discovery:discover_packages(recursive) using defaults
[0.169s] Level 1:colcon.colcon_core.package_discovery:discover_packages(ignore) discover
[0.169s] Level 1:colcon.colcon_core.package_discovery:discover_packages(ignore) using defaults
[0.169s] Level 1:colcon.colcon_core.package_discovery:discover_packages(path) discover
[0.169s] Level 1:colcon.colcon_core.package_discovery:discover_packages(path) using defaults
[0.187s] Level 1:colcon.colcon_core.package_discovery:discover_packages(prefix_path) check parameters
[0.188s] Level 1:colcon.colcon_core.package_discovery:discover_packages(prefix_path) discover
[0.196s] DEBUG:colcon.colcon_installed_package_information.package_discovery:Found 346 installed packages in /home/qiguanxiao/ros2_humble/install
[0.197s] Level 1:colcon.colcon_core.package_discovery:discover_packages(prefix_path) using defaults
[5.422s] Level 5:colcon.colcon_core.verb:set package 'stcamera_msgs' build argument 'cmake_args' from command line to 'None'
[5.422s] Level 5:colcon.colcon_core.verb:set package 'stcamera_msgs' build argument 'cmake_target' from command line to 'None'
[5.422s] Level 5:colcon.colcon_core.verb:set package 'stcamera_msgs' build argument 'cmake_target_skip_unavailable' from command line to 'False'
[5.422s] Level 5:colcon.colcon_core.verb:set package 'stcamera_msgs' build argument 'cmake_clean_cache' from command line to 'False'
[5.422s] Level 5:colcon.colcon_core.verb:set package 'stcamera_msgs' build argument 'cmake_clean_first' from command line to 'False'
[5.422s] Level 5:colcon.colcon_core.verb:set package 'stcamera_msgs' build argument 'cmake_force_configure' from command line to 'False'
[5.422s] Level 5:colcon.colcon_core.verb:set package 'stcamera_msgs' build argument 'ament_cmake_args' from command line to 'None'
[5.422s] Level 5:colcon.colcon_core.verb:set package 'stcamera_msgs' build argument 'catkin_cmake_args' from command line to 'None'
[5.422s] Level 5:colcon.colcon_core.verb:set package 'stcamera_msgs' build argument 'catkin_skip_building_tests' from command line to 'False'
[5.422s] DEBUG:colcon.colcon_core.verb:Building package 'stcamera_msgs' with the following arguments: {'ament_cmake_args': None, 'build_base': '/home/qiguanxiao/ws/ws_stcamera_ros2/build/stcamera_msgs', 'catkin_cmake_args': None, 'catkin_skip_building_tests': False, 'cmake_args': None, 'cmake_clean_cache': False, 'cmake_clean_first': False, 'cmake_force_configure': False, 'cmake_target': None, 'cmake_target_skip_unavailable': False, 'install_base': '/home/qiguanxiao/ws/ws_stcamera_ros2/install/stcamera_msgs', 'merge_install': False, 'path': '/home/qiguanxiao/ws/ws_stcamera_ros2/src/stcamera_ros2/stcamera_msgs', 'symlink_install': False, 'test_result_base': None}
[5.422s] Level 5:colcon.colcon_core.verb:set package 'stcamera_components' build argument 'cmake_args' from command line to 'None'
[5.422s] Level 5:colcon.colcon_core.verb:set package 'stcamera_components' build argument 'cmake_target' from command line to 'None'
[5.422s] Level 5:colcon.colcon_core.verb:set package 'stcamera_components' build argument 'cmake_target_skip_unavailable' from command line to 'False'
[5.422s] Level 5:colcon.colcon_core.verb:set package 'stcamera_components' build argument 'cmake_clean_cache' from command line to 'False'
[5.422s] Level 5:colcon.colcon_core.verb:set package 'stcamera_components' build argument 'cmake_clean_first' from command line to 'False'
[5.422s] Level 5:colcon.colcon_core.verb:set package 'stcamera_components' build argument 'cmake_force_configure' from command line to 'False'
[5.422s] Level 5:colcon.colcon_core.verb:set package 'stcamera_components' build argument 'ament_cmake_args' from command line to 'None'
[5.422s] Level 5:colcon.colcon_core.verb:set package 'stcamera_components' build argument 'catkin_cmake_args' from command line to 'None'
[5.422s] Level 5:colcon.colcon_core.verb:set package 'stcamera_components' build argument 'catkin_skip_building_tests' from command line to 'False'
[5.422s] DEBUG:colcon.colcon_core.verb:Building package 'stcamera_components' with the following arguments: {'ament_cmake_args': None, 'build_base': '/home/qiguanxiao/ws/ws_stcamera_ros2/build/stcamera_components', 'catkin_cmake_args': None, 'catkin_skip_building_tests': False, 'cmake_args': None, 'cmake_clean_cache': False, 'cmake_clean_first': False, 'cmake_force_configure': False, 'cmake_target': None, 'cmake_target_skip_unavailable': False, 'install_base': '/home/qiguanxiao/ws/ws_stcamera_ros2/install/stcamera_components', 'merge_install': False, 'path': '/home/qiguanxiao/ws/ws_stcamera_ros2/src/stcamera_ros2/stcamera_components', 'symlink_install': False, 'test_result_base': None}
[5.422s] Level 5:colcon.colcon_core.verb:set package 'stcamera_grabber' build argument 'cmake_args' from command line to 'None'
[5.422s] Level 5:colcon.colcon_core.verb:set package 'stcamera_grabber' build argument 'cmake_target' from command line to 'None'
[5.422s] Level 5:colcon.colcon_core.verb:set package 'stcamera_grabber' build argument 'cmake_target_skip_unavailable' from command line to 'False'
[5.422s] Level 5:colcon.colcon_core.verb:set package 'stcamera_grabber' build argument 'cmake_clean_cache' from command line to 'False'
[5.422s] Level 5:colcon.colcon_core.verb:set package 'stcamera_grabber' build argument 'cmake_clean_first' from command line to 'False'
[5.422s] Level 5:colcon.colcon_core.verb:set package 'stcamera_grabber' build argument 'cmake_force_configure' from command line to 'False'
[5.422s] Level 5:colcon.colcon_core.verb:set package 'stcamera_grabber' build argument 'ament_cmake_args' from command line to 'None'
[5.422s] Level 5:colcon.colcon_core.verb:set package 'stcamera_grabber' build argument 'catkin_cmake_args' from command line to 'None'
[5.422s] Level 5:colcon.colcon_core.verb:set package 'stcamera_grabber' build argument 'catkin_skip_building_tests' from command line to 'False'
[5.422s] DEBUG:colcon.colcon_core.verb:Building package 'stcamera_grabber' with the following arguments: {'ament_cmake_args': None, 'build_base': '/home/qiguanxiao/ws/ws_stcamera_ros2/build/stcamera_grabber', 'catkin_cmake_args': None, 'catkin_skip_building_tests': False, 'cmake_args': None, 'cmake_clean_cache': False, 'cmake_clean_first': False, 'cmake_force_configure': False, 'cmake_target': None, 'cmake_target_skip_unavailable': False, 'install_base': '/home/qiguanxiao/ws/ws_stcamera_ros2/install/stcamera_grabber', 'merge_install': False, 'path': '/home/qiguanxiao/ws/ws_stcamera_ros2/src/stcamera_ros2/stcamera_demos', 'symlink_install': False, 'test_result_base': None}
[5.422s] Level 5:colcon.colcon_core.verb:set package 'stcamera_launch' build argument 'cmake_args' from command line to 'None'
[5.422s] Level 5:colcon.colcon_core.verb:set package 'stcamera_launch' build argument 'cmake_target' from command line to 'None'
[5.422s] Level 5:colcon.colcon_core.verb:set package 'stcamera_launch' build argument 'cmake_target_skip_unavailable' from command line to 'False'
[5.422s] Level 5:colcon.colcon_core.verb:set package 'stcamera_launch' build argument 'cmake_clean_cache' from command line to 'False'
[5.422s] Level 5:colcon.colcon_core.verb:set package 'stcamera_launch' build argument 'cmake_clean_first' from command line to 'False'
[5.422s] Level 5:colcon.colcon_core.verb:set package 'stcamera_launch' build argument 'cmake_force_configure' from command line to 'False'
[5.423s] Level 5:colcon.colcon_core.verb:set package 'stcamera_launch' build argument 'ament_cmake_args' from command line to 'None'
[5.423s] Level 5:colcon.colcon_core.verb:set package 'stcamera_launch' build argument 'catkin_cmake_args' from command line to 'None'
[5.423s] Level 5:colcon.colcon_core.verb:set package 'stcamera_launch' build argument 'catkin_skip_building_tests' from command line to 'False'
[5.423s] DEBUG:colcon.colcon_core.verb:Building package 'stcamera_launch' with the following arguments: {'ament_cmake_args': None, 'build_base': '/home/qiguanxiao/ws/ws_stcamera_ros2/build/stcamera_launch', 'catkin_cmake_args': None, 'catkin_skip_building_tests': False, 'cmake_args': None, 'cmake_clean_cache': False, 'cmake_clean_first': False, 'cmake_force_configure': False, 'cmake_target': None, 'cmake_target_skip_unavailable': False, 'install_base': '/home/qiguanxiao/ws/ws_stcamera_ros2/install/stcamera_launch', 'merge_install': False, 'path': '/home/qiguanxiao/ws/ws_stcamera_ros2/src/stcamera_ros2/stcamera_launch', 'symlink_install': False, 'test_result_base': None}
[5.423s] INFO:colcon.colcon_core.executor:Executing jobs using 'parallel' executor
[5.423s] DEBUG:colcon.colcon_parallel_executor.executor.parallel:run_until_complete
[5.424s] INFO:colcon.colcon_ros.task.ament_cmake.build:Building ROS package in '/home/qiguanxiao/ws/ws_stcamera_ros2/src/stcamera_ros2/stcamera_msgs' with build type 'ament_cmake'
[5.424s] INFO:colcon.colcon_cmake.task.cmake.build:Building CMake package in '/home/qiguanxiao/ws/ws_stcamera_ros2/src/stcamera_ros2/stcamera_msgs'
[5.426s] INFO:colcon.colcon_core.plugin_system:Skipping extension 'colcon_core.shell.bat': Not used on non-Windows systems
[5.426s] INFO:colcon.colcon_core.shell:Skip shell extension 'powershell' for command environment: Not usable outside of PowerShell
[5.426s] DEBUG:colcon.colcon_core.shell:Skip shell extension 'dsv' for command environment
[5.455s] DEBUG:colcon.colcon_core.event_handler.log_command:Invoking command in '/home/qiguanxiao/ws/ws_stcamera_ros2/build/stcamera_msgs': CMAKE_PREFIX_PATH=${CMAKE_PREFIX_PATH}:/home/qiguanxiao/ros2_humble/install/rqt_bag_plugins:/home/qiguanxiao/ros2_humble/install/rqt_bag:/home/qiguanxiao/ros2_humble/install/launch_testing_examples:/home/qiguanxiao/ros2_humble/install/ros2bag:/home/qiguanxiao/ros2_humble/install/tracetools_test:/home/qiguanxiao/ros2_humble/install/tracetools_launch:/home/qiguanxiao/ros2_humble/install/topic_monitor:/home/qiguanxiao/ros2_humble/install/tf2_tools:/home/qiguanxiao/ros2_humble/install/examples_tf2_py:/home/qiguanxiao/ros2_humble/install/tf2_ros_py:/home/qiguanxiao/ros2_humble/install/sros2:/home/qiguanxiao/ros2_humble/install/rqt_topic:/home/qiguanxiao/ros2_humble/install/rqt_srv:/home/qiguanxiao/ros2_humble/install/rqt_shell:/home/qiguanxiao/ros2_humble/install/rqt_service_caller:/home/qiguanxiao/ros2_humble/install/rqt_reconfigure:/home/qiguanxiao/ros2_humble/install/rqt_py_console:/home/qiguanxiao/ros2_humble/install/rqt_publisher:/home/qiguanxiao/ros2_humble/install/rqt_plot:/home/qiguanxiao/ros2_humble/install/rqt_action:/home/qiguanxiao/ros2_humble/install/rqt_msg:/home/qiguanxiao/ros2_humble/install/rqt_console:/home/qiguanxiao/ros2_humble/install/rqt:/home/qiguanxiao/ros2_humble/install/rqt_graph:/home/qiguanxiao/ros2_humble/install/rqt_gui_py:/home/qiguanxiao/ros2_humble/install/rqt_gui:/home/qiguanxiao/ros2_humble/install/ros2trace:/home/qiguanxiao/ros2_humble/install/ros2topic:/home/qiguanxiao/ros2_humble/install/ros2test:/home/qiguanxiao/ros2_humble/install/ros2component:/home/qiguanxiao/ros2_humble/install/ros2param:/home/qiguanxiao/ros2_humble/install/ros2lifecycle:/home/qiguanxiao/ros2_humble/install/ros2service:/home/qiguanxiao/ros2_humble/install/ros2run:/home/qiguanxiao/ros2_humble/install/ros2launch:/home/qiguanxiao/ros2_humble/install/ros2pkg:/home/qiguanxiao/ros2_humble/install/ros2node:/home/qiguanxiao/ros2_humble/install/ros2multicast:/home/qiguanxiao/ros2_humble/install/ros2interface:/home/qiguanxiao/ros2_humble/install/ros2doctor:/home/qiguanxiao/ros2_humble/install/ros2action:/home/qiguanxiao/ros2_humble/install/ros2cli:/home/qiguanxiao/ros2_humble/install/quality_of_service_demo_py:/home/qiguanxiao/ros2_humble/install/lifecycle_py:/home/qiguanxiao/ros2_humble/install/launch_testing_ros:/home/qiguanxiao/ros2_humble/install/launch_ros:/home/qiguanxiao/ros2_humble/install/examples_rclpy_pointcloud_publisher:/home/qiguanxiao/ros2_humble/install/examples_rclpy_minimal_subscriber:/home/qiguanxiao/ros2_humble/install/examples_rclpy_minimal_service:/home/qiguanxiao/ros2_humble/install/examples_rclpy_minimal_publisher:/home/qiguanxiao/ros2_humble/install/examples_rclpy_minimal_client:/home/qiguanxiao/ros2_humble/install/examples_rclpy_minimal_action_server:/home/qiguanxiao/ros2_humble/install/examples_rclpy_minimal_action_client:/home/qiguanxiao/ros2_humble/install/examples_rclpy_guard_conditions:/home/qiguanxiao/ros2_humble/install/examples_rclpy_executors:/home/qiguanxiao/ros2_humble/install/demo_nodes_py:/home/qiguanxiao/ros2_humble/install/camera_info_manager_py:/home/qiguanxiao/ros2_humble/install/action_tutorials_py:/home/qiguanxiao/ros2_humble/install/ament_uncrustify:/home/qiguanxiao/ros2_humble/install/tracetools_trace:/home/qiguanxiao/ros2_humble/install/tracetools_read:/home/qiguanxiao/ros2_humble/install/test_tracetools_launch:/home/qiguanxiao/ros2_humble/install/test_launch_ros:/home/qiguanxiao/ros2_humble/install/sensor_msgs_py:/home/qiguanxiao/ros2_humble/install/rpyutils:/home/qiguanxiao/ros2_humble/install/rosidl_runtime_py:/home/qiguanxiao/ros2_humble/install/rosidl_cli:/home/qiguanxiao/ros2_humble/install/launch_pytest:/home/qiguanxiao/ros2_humble/install/launch_testing:/home/qiguanxiao/ros2_humble/install/launch_yaml:/home/qiguanxiao/ros2_humble/install/launch_xml:/home/qiguanxiao/ros2_humble/install/launch:/home/qiguanxiao/ros2_humble/install/osrf_pycommon:/home/qiguanxiao/ros2_humble/install/domain_coordinator:/home/qiguanxiao/ros2_humble/install/ament_xmllint:/home/qiguanxiao/ros2_humble/install/ament_pyflakes:/home/qiguanxiao/ros2_humble/install/ament_pycodestyle:/home/qiguanxiao/ros2_humble/install/ament_pep257:/home/qiguanxiao/ros2_humble/install/ament_pclint:/home/qiguanxiao/ros2_humble/install/ament_package:/home/qiguanxiao/ros2_humble/install/ament_mypy:/home/qiguanxiao/ros2_humble/install/ament_lint_cmake:/home/qiguanxiao/ros2_humble/install/ament_flake8:/home/qiguanxiao/ros2_humble/install/ament_copyright:/home/qiguanxiao/ros2_humble/install/ament_lint:/home/qiguanxiao/ros2_humble/install/ament_index_python:/home/qiguanxiao/ros2_humble/install/ament_cpplint:/home/qiguanxiao/ros2_humble/install/ament_cppcheck:/home/qiguanxiao/ros2_humble/install/ament_clang_tidy:/home/qiguanxiao/ros2_humble/install/ament_clang_format /usr/bin/cmake --build /home/qiguanxiao/ws/ws_stcamera_ros2/build/stcamera_msgs -- -j24 -l24
[6.952s] DEBUG:colcon.colcon_core.event_handler.log_command:Invoked command in '/home/qiguanxiao/ws/ws_stcamera_ros2/build/stcamera_msgs' returned '0': CMAKE_PREFIX_PATH=${CMAKE_PREFIX_PATH}:/home/qiguanxiao/ros2_humble/install/rqt_bag_plugins:/home/qiguanxiao/ros2_humble/install/rqt_bag:/home/qiguanxiao/ros2_humble/install/launch_testing_examples:/home/qiguanxiao/ros2_humble/install/ros2bag:/home/qiguanxiao/ros2_humble/install/tracetools_test:/home/qiguanxiao/ros2_humble/install/tracetools_launch:/home/qiguanxiao/ros2_humble/install/topic_monitor:/home/qiguanxiao/ros2_humble/install/tf2_tools:/home/qiguanxiao/ros2_humble/install/examples_tf2_py:/home/qiguanxiao/ros2_humble/install/tf2_ros_py:/home/qiguanxiao/ros2_humble/install/sros2:/home/qiguanxiao/ros2_humble/install/rqt_topic:/home/qiguanxiao/ros2_humble/install/rqt_srv:/home/qiguanxiao/ros2_humble/install/rqt_shell:/home/qiguanxiao/ros2_humble/install/rqt_service_caller:/home/qiguanxiao/ros2_humble/install/rqt_reconfigure:/home/qiguanxiao/ros2_humble/install/rqt_py_console:/home/qiguanxiao/ros2_humble/install/rqt_publisher:/home/qiguanxiao/ros2_humble/install/rqt_plot:/home/qiguanxiao/ros2_humble/install/rqt_action:/home/qiguanxiao/ros2_humble/install/rqt_msg:/home/qiguanxiao/ros2_humble/install/rqt_console:/home/qiguanxiao/ros2_humble/install/rqt:/home/qiguanxiao/ros2_humble/install/rqt_graph:/home/qiguanxiao/ros2_humble/install/rqt_gui_py:/home/qiguanxiao/ros2_humble/install/rqt_gui:/home/qiguanxiao/ros2_humble/install/ros2trace:/home/qiguanxiao/ros2_humble/install/ros2topic:/home/qiguanxiao/ros2_humble/install/ros2test:/home/qiguanxiao/ros2_humble/install/ros2component:/home/qiguanxiao/ros2_humble/install/ros2param:/home/qiguanxiao/ros2_humble/install/ros2lifecycle:/home/qiguanxiao/ros2_humble/install/ros2service:/home/qiguanxiao/ros2_humble/install/ros2run:/home/qiguanxiao/ros2_humble/install/ros2launch:/home/qiguanxiao/ros2_humble/install/ros2pkg:/home/qiguanxiao/ros2_humble/install/ros2node:/home/qiguanxiao/ros2_humble/install/ros2multicast:/home/qiguanxiao/ros2_humble/install/ros2interface:/home/qiguanxiao/ros2_humble/install/ros2doctor:/home/qiguanxiao/ros2_humble/install/ros2action:/home/qiguanxiao/ros2_humble/install/ros2cli:/home/qiguanxiao/ros2_humble/install/quality_of_service_demo_py:/home/qiguanxiao/ros2_humble/install/lifecycle_py:/home/qiguanxiao/ros2_humble/install/launch_testing_ros:/home/qiguanxiao/ros2_humble/install/launch_ros:/home/qiguanxiao/ros2_humble/install/examples_rclpy_pointcloud_publisher:/home/qiguanxiao/ros2_humble/install/examples_rclpy_minimal_subscriber:/home/qiguanxiao/ros2_humble/install/examples_rclpy_minimal_service:/home/qiguanxiao/ros2_humble/install/examples_rclpy_minimal_publisher:/home/qiguanxiao/ros2_humble/install/examples_rclpy_minimal_client:/home/qiguanxiao/ros2_humble/install/examples_rclpy_minimal_action_server:/home/qiguanxiao/ros2_humble/install/examples_rclpy_minimal_action_client:/home/qiguanxiao/ros2_humble/install/examples_rclpy_guard_conditions:/home/qiguanxiao/ros2_humble/install/examples_rclpy_executors:/home/qiguanxiao/ros2_humble/install/demo_nodes_py:/home/qiguanxiao/ros2_humble/install/camera_info_manager_py:/home/qiguanxiao/ros2_humble/install/action_tutorials_py:/home/qiguanxiao/ros2_humble/install/ament_uncrustify:/home/qiguanxiao/ros2_humble/install/tracetools_trace:/home/qiguanxiao/ros2_humble/install/tracetools_read:/home/qiguanxiao/ros2_humble/install/test_tracetools_launch:/home/qiguanxiao/ros2_humble/install/test_launch_ros:/home/qiguanxiao/ros2_humble/install/sensor_msgs_py:/home/qiguanxiao/ros2_humble/install/rpyutils:/home/qiguanxiao/ros2_humble/install/rosidl_runtime_py:/home/qiguanxiao/ros2_humble/install/rosidl_cli:/home/qiguanxiao/ros2_humble/install/launch_pytest:/home/qiguanxiao/ros2_humble/install/launch_testing:/home/qiguanxiao/ros2_humble/install/launch_yaml:/home/qiguanxiao/ros2_humble/install/launch_xml:/home/qiguanxiao/ros2_humble/install/launch:/home/qiguanxiao/ros2_humble/install/osrf_pycommon:/home/qiguanxiao/ros2_humble/install/domain_coordinator:/home/qiguanxiao/ros2_humble/install/ament_xmllint:/home/qiguanxiao/ros2_humble/install/ament_pyflakes:/home/qiguanxiao/ros2_humble/install/ament_pycodestyle:/home/qiguanxiao/ros2_humble/install/ament_pep257:/home/qiguanxiao/ros2_humble/install/ament_pclint:/home/qiguanxiao/ros2_humble/install/ament_package:/home/qiguanxiao/ros2_humble/install/ament_mypy:/home/qiguanxiao/ros2_humble/install/ament_lint_cmake:/home/qiguanxiao/ros2_humble/install/ament_flake8:/home/qiguanxiao/ros2_humble/install/ament_copyright:/home/qiguanxiao/ros2_humble/install/ament_lint:/home/qiguanxiao/ros2_humble/install/ament_index_python:/home/qiguanxiao/ros2_humble/install/ament_cpplint:/home/qiguanxiao/ros2_humble/install/ament_cppcheck:/home/qiguanxiao/ros2_humble/install/ament_clang_tidy:/home/qiguanxiao/ros2_humble/install/ament_clang_format /usr/bin/cmake --build /home/qiguanxiao/ws/ws_stcamera_ros2/build/stcamera_msgs -- -j24 -l24
[8.631s] DEBUG:colcon.colcon_core.event_handler.log_command:Invoking command in '/home/qiguanxiao/ws/ws_stcamera_ros2/build/stcamera_msgs': CMAKE_PREFIX_PATH=${CMAKE_PREFIX_PATH}:/home/qiguanxiao/ros2_humble/install/rqt_bag_plugins:/home/qiguanxiao/ros2_humble/install/rqt_bag:/home/qiguanxiao/ros2_humble/install/launch_testing_examples:/home/qiguanxiao/ros2_humble/install/ros2bag:/home/qiguanxiao/ros2_humble/install/tracetools_test:/home/qiguanxiao/ros2_humble/install/tracetools_launch:/home/qiguanxiao/ros2_humble/install/topic_monitor:/home/qiguanxiao/ros2_humble/install/tf2_tools:/home/qiguanxiao/ros2_humble/install/examples_tf2_py:/home/qiguanxiao/ros2_humble/install/tf2_ros_py:/home/qiguanxiao/ros2_humble/install/sros2:/home/qiguanxiao/ros2_humble/install/rqt_topic:/home/qiguanxiao/ros2_humble/install/rqt_srv:/home/qiguanxiao/ros2_humble/install/rqt_shell:/home/qiguanxiao/ros2_humble/install/rqt_service_caller:/home/qiguanxiao/ros2_humble/install/rqt_reconfigure:/home/qiguanxiao/ros2_humble/install/rqt_py_console:/home/qiguanxiao/ros2_humble/install/rqt_publisher:/home/qiguanxiao/ros2_humble/install/rqt_plot:/home/qiguanxiao/ros2_humble/install/rqt_action:/home/qiguanxiao/ros2_humble/install/rqt_msg:/home/qiguanxiao/ros2_humble/install/rqt_console:/home/qiguanxiao/ros2_humble/install/rqt:/home/qiguanxiao/ros2_humble/install/rqt_graph:/home/qiguanxiao/ros2_humble/install/rqt_gui_py:/home/qiguanxiao/ros2_humble/install/rqt_gui:/home/qiguanxiao/ros2_humble/install/ros2trace:/home/qiguanxiao/ros2_humble/install/ros2topic:/home/qiguanxiao/ros2_humble/install/ros2test:/home/qiguanxiao/ros2_humble/install/ros2component:/home/qiguanxiao/ros2_humble/install/ros2param:/home/qiguanxiao/ros2_humble/install/ros2lifecycle:/home/qiguanxiao/ros2_humble/install/ros2service:/home/qiguanxiao/ros2_humble/install/ros2run:/home/qiguanxiao/ros2_humble/install/ros2launch:/home/qiguanxiao/ros2_humble/install/ros2pkg:/home/qiguanxiao/ros2_humble/install/ros2node:/home/qiguanxiao/ros2_humble/install/ros2multicast:/home/qiguanxiao/ros2_humble/install/ros2interface:/home/qiguanxiao/ros2_humble/install/ros2doctor:/home/qiguanxiao/ros2_humble/install/ros2action:/home/qiguanxiao/ros2_humble/install/ros2cli:/home/qiguanxiao/ros2_humble/install/quality_of_service_demo_py:/home/qiguanxiao/ros2_humble/install/lifecycle_py:/home/qiguanxiao/ros2_humble/install/launch_testing_ros:/home/qiguanxiao/ros2_humble/install/launch_ros:/home/qiguanxiao/ros2_humble/install/examples_rclpy_pointcloud_publisher:/home/qiguanxiao/ros2_humble/install/examples_rclpy_minimal_subscriber:/home/qiguanxiao/ros2_humble/install/examples_rclpy_minimal_service:/home/qiguanxiao/ros2_humble/install/examples_rclpy_minimal_publisher:/home/qiguanxiao/ros2_humble/install/examples_rclpy_minimal_client:/home/qiguanxiao/ros2_humble/install/examples_rclpy_minimal_action_server:/home/qiguanxiao/ros2_humble/install/examples_rclpy_minimal_action_client:/home/qiguanxiao/ros2_humble/install/examples_rclpy_guard_conditions:/home/qiguanxiao/ros2_humble/install/examples_rclpy_executors:/home/qiguanxiao/ros2_humble/install/demo_nodes_py:/home/qiguanxiao/ros2_humble/install/camera_info_manager_py:/home/qiguanxiao/ros2_humble/install/action_tutorials_py:/home/qiguanxiao/ros2_humble/install/ament_uncrustify:/home/qiguanxiao/ros2_humble/install/tracetools_trace:/home/qiguanxiao/ros2_humble/install/tracetools_read:/home/qiguanxiao/ros2_humble/install/test_tracetools_launch:/home/qiguanxiao/ros2_humble/install/test_launch_ros:/home/qiguanxiao/ros2_humble/install/sensor_msgs_py:/home/qiguanxiao/ros2_humble/install/rpyutils:/home/qiguanxiao/ros2_humble/install/rosidl_runtime_py:/home/qiguanxiao/ros2_humble/install/rosidl_cli:/home/qiguanxiao/ros2_humble/install/launch_pytest:/home/qiguanxiao/ros2_humble/install/launch_testing:/home/qiguanxiao/ros2_humble/install/launch_yaml:/home/qiguanxiao/ros2_humble/install/launch_xml:/home/qiguanxiao/ros2_humble/install/launch:/home/qiguanxiao/ros2_humble/install/osrf_pycommon:/home/qiguanxiao/ros2_humble/install/domain_coordinator:/home/qiguanxiao/ros2_humble/install/ament_xmllint:/home/qiguanxiao/ros2_humble/install/ament_pyflakes:/home/qiguanxiao/ros2_humble/install/ament_pycodestyle:/home/qiguanxiao/ros2_humble/install/ament_pep257:/home/qiguanxiao/ros2_humble/install/ament_pclint:/home/qiguanxiao/ros2_humble/install/ament_package:/home/qiguanxiao/ros2_humble/install/ament_mypy:/home/qiguanxiao/ros2_humble/install/ament_lint_cmake:/home/qiguanxiao/ros2_humble/install/ament_flake8:/home/qiguanxiao/ros2_humble/install/ament_copyright:/home/qiguanxiao/ros2_humble/install/ament_lint:/home/qiguanxiao/ros2_humble/install/ament_index_python:/home/qiguanxiao/ros2_humble/install/ament_cpplint:/home/qiguanxiao/ros2_humble/install/ament_cppcheck:/home/qiguanxiao/ros2_humble/install/ament_clang_tidy:/home/qiguanxiao/ros2_humble/install/ament_clang_format /usr/bin/cmake --install /home/qiguanxiao/ws/ws_stcamera_ros2/build/stcamera_msgs
[9.002s] Level 1:colcon.colcon_core.environment:create_environment_scripts_only(stcamera_msgs)
[9.002s] DEBUG:colcon.colcon_core.event_handler.log_command:Invoked command in '/home/qiguanxiao/ws/ws_stcamera_ros2/build/stcamera_msgs' returned '0': CMAKE_PREFIX_PATH=${CMAKE_PREFIX_PATH}:/home/qiguanxiao/ros2_humble/install/rqt_bag_plugins:/home/qiguanxiao/ros2_humble/install/rqt_bag:/home/qiguanxiao/ros2_humble/install/launch_testing_examples:/home/qiguanxiao/ros2_humble/install/ros2bag:/home/qiguanxiao/ros2_humble/install/tracetools_test:/home/qiguanxiao/ros2_humble/install/tracetools_launch:/home/qiguanxiao/ros2_humble/install/topic_monitor:/home/qiguanxiao/ros2_humble/install/tf2_tools:/home/qiguanxiao/ros2_humble/install/examples_tf2_py:/home/qiguanxiao/ros2_humble/install/tf2_ros_py:/home/qiguanxiao/ros2_humble/install/sros2:/home/qiguanxiao/ros2_humble/install/rqt_topic:/home/qiguanxiao/ros2_humble/install/rqt_srv:/home/qiguanxiao/ros2_humble/install/rqt_shell:/home/qiguanxiao/ros2_humble/install/rqt_service_caller:/home/qiguanxiao/ros2_humble/install/rqt_reconfigure:/home/qiguanxiao/ros2_humble/install/rqt_py_console:/home/qiguanxiao/ros2_humble/install/rqt_publisher:/home/qiguanxiao/ros2_humble/install/rqt_plot:/home/qiguanxiao/ros2_humble/install/rqt_action:/home/qiguanxiao/ros2_humble/install/rqt_msg:/home/qiguanxiao/ros2_humble/install/rqt_console:/home/qiguanxiao/ros2_humble/install/rqt:/home/qiguanxiao/ros2_humble/install/rqt_graph:/home/qiguanxiao/ros2_humble/install/rqt_gui_py:/home/qiguanxiao/ros2_humble/install/rqt_gui:/home/qiguanxiao/ros2_humble/install/ros2trace:/home/qiguanxiao/ros2_humble/install/ros2topic:/home/qiguanxiao/ros2_humble/install/ros2test:/home/qiguanxiao/ros2_humble/install/ros2component:/home/qiguanxiao/ros2_humble/install/ros2param:/home/qiguanxiao/ros2_humble/install/ros2lifecycle:/home/qiguanxiao/ros2_humble/install/ros2service:/home/qiguanxiao/ros2_humble/install/ros2run:/home/qiguanxiao/ros2_humble/install/ros2launch:/home/qiguanxiao/ros2_humble/install/ros2pkg:/home/qiguanxiao/ros2_humble/install/ros2node:/home/qiguanxiao/ros2_humble/install/ros2multicast:/home/qiguanxiao/ros2_humble/install/ros2interface:/home/qiguanxiao/ros2_humble/install/ros2doctor:/home/qiguanxiao/ros2_humble/install/ros2action:/home/qiguanxiao/ros2_humble/install/ros2cli:/home/qiguanxiao/ros2_humble/install/quality_of_service_demo_py:/home/qiguanxiao/ros2_humble/install/lifecycle_py:/home/qiguanxiao/ros2_humble/install/launch_testing_ros:/home/qiguanxiao/ros2_humble/install/launch_ros:/home/qiguanxiao/ros2_humble/install/examples_rclpy_pointcloud_publisher:/home/qiguanxiao/ros2_humble/install/examples_rclpy_minimal_subscriber:/home/qiguanxiao/ros2_humble/install/examples_rclpy_minimal_service:/home/qiguanxiao/ros2_humble/install/examples_rclpy_minimal_publisher:/home/qiguanxiao/ros2_humble/install/examples_rclpy_minimal_client:/home/qiguanxiao/ros2_humble/install/examples_rclpy_minimal_action_server:/home/qiguanxiao/ros2_humble/install/examples_rclpy_minimal_action_client:/home/qiguanxiao/ros2_humble/install/examples_rclpy_guard_conditions:/home/qiguanxiao/ros2_humble/install/examples_rclpy_executors:/home/qiguanxiao/ros2_humble/install/demo_nodes_py:/home/qiguanxiao/ros2_humble/install/camera_info_manager_py:/home/qiguanxiao/ros2_humble/install/action_tutorials_py:/home/qiguanxiao/ros2_humble/install/ament_uncrustify:/home/qiguanxiao/ros2_humble/install/tracetools_trace:/home/qiguanxiao/ros2_humble/install/tracetools_read:/home/qiguanxiao/ros2_humble/install/test_tracetools_launch:/home/qiguanxiao/ros2_humble/install/test_launch_ros:/home/qiguanxiao/ros2_humble/install/sensor_msgs_py:/home/qiguanxiao/ros2_humble/install/rpyutils:/home/qiguanxiao/ros2_humble/install/rosidl_runtime_py:/home/qiguanxiao/ros2_humble/install/rosidl_cli:/home/qiguanxiao/ros2_humble/install/launch_pytest:/home/qiguanxiao/ros2_humble/install/launch_testing:/home/qiguanxiao/ros2_humble/install/launch_yaml:/home/qiguanxiao/ros2_humble/install/launch_xml:/home/qiguanxiao/ros2_humble/install/launch:/home/qiguanxiao/ros2_humble/install/osrf_pycommon:/home/qiguanxiao/ros2_humble/install/domain_coordinator:/home/qiguanxiao/ros2_humble/install/ament_xmllint:/home/qiguanxiao/ros2_humble/install/ament_pyflakes:/home/qiguanxiao/ros2_humble/install/ament_pycodestyle:/home/qiguanxiao/ros2_humble/install/ament_pep257:/home/qiguanxiao/ros2_humble/install/ament_pclint:/home/qiguanxiao/ros2_humble/install/ament_package:/home/qiguanxiao/ros2_humble/install/ament_mypy:/home/qiguanxiao/ros2_humble/install/ament_lint_cmake:/home/qiguanxiao/ros2_humble/install/ament_flake8:/home/qiguanxiao/ros2_humble/install/ament_copyright:/home/qiguanxiao/ros2_humble/install/ament_lint:/home/qiguanxiao/ros2_humble/install/ament_index_python:/home/qiguanxiao/ros2_humble/install/ament_cpplint:/home/qiguanxiao/ros2_humble/install/ament_cppcheck:/home/qiguanxiao/ros2_humble/install/ament_clang_tidy:/home/qiguanxiao/ros2_humble/install/ament_clang_format /usr/bin/cmake --install /home/qiguanxiao/ws/ws_stcamera_ros2/build/stcamera_msgs
[9.036s] Level 1:colcon.colcon_core.environment:checking '/home/qiguanxiao/ws/ws_stcamera_ros2/install/stcamera_msgs' for CMake module files
[9.037s] Level 1:colcon.colcon_core.environment:checking '/home/qiguanxiao/ws/ws_stcamera_ros2/install/stcamera_msgs' for CMake config files
[9.038s] Level 1:colcon.colcon_core.shell:create_environment_hook('stcamera_msgs', 'cmake_prefix_path')
[9.038s] INFO:colcon.colcon_core.shell:Creating environment hook '/home/qiguanxiao/ws/ws_stcamera_ros2/install/stcamera_msgs/share/stcamera_msgs/hook/cmake_prefix_path.ps1'
[9.039s] INFO:colcon.colcon_core.shell:Creating environment descriptor '/home/qiguanxiao/ws/ws_stcamera_ros2/install/stcamera_msgs/share/stcamera_msgs/hook/cmake_prefix_path.dsv'
[9.041s] INFO:colcon.colcon_core.shell:Creating environment hook '/home/qiguanxiao/ws/ws_stcamera_ros2/install/stcamera_msgs/share/stcamera_msgs/hook/cmake_prefix_path.sh'
[9.042s] Level 1:colcon.colcon_core.environment:checking '/home/qiguanxiao/ws/ws_stcamera_ros2/install/stcamera_msgs/lib'
[9.042s] Level 1:colcon.colcon_core.shell:create_environment_hook('stcamera_msgs', 'ld_library_path_lib')
[9.042s] INFO:colcon.colcon_core.shell:Creating environment hook '/home/qiguanxiao/ws/ws_stcamera_ros2/install/stcamera_msgs/share/stcamera_msgs/hook/ld_library_path_lib.ps1'
[9.043s] INFO:colcon.colcon_core.shell:Creating environment descriptor '/home/qiguanxiao/ws/ws_stcamera_ros2/install/stcamera_msgs/share/stcamera_msgs/hook/ld_library_path_lib.dsv'
[9.043s] INFO:colcon.colcon_core.shell:Creating environment hook '/home/qiguanxiao/ws/ws_stcamera_ros2/install/stcamera_msgs/share/stcamera_msgs/hook/ld_library_path_lib.sh'
[9.043s] Level 1:colcon.colcon_core.environment:checking '/home/qiguanxiao/ws/ws_stcamera_ros2/install/stcamera_msgs/bin'
[9.043s] Level 1:colcon.colcon_core.environment:checking '/home/qiguanxiao/ws/ws_stcamera_ros2/install/stcamera_msgs/lib/pkgconfig/stcamera_msgs.pc'
[9.044s] Level 1:colcon.colcon_core.environment:checking '/home/qiguanxiao/ws/ws_stcamera_ros2/install/stcamera_msgs/lib/python3.10/site-packages'
[9.044s] Level 1:colcon.colcon_core.environment:checking '/home/qiguanxiao/ws/ws_stcamera_ros2/install/stcamera_msgs/bin'
[9.045s] INFO:colcon.colcon_core.shell:Creating package script '/home/qiguanxiao/ws/ws_stcamera_ros2/install/stcamera_msgs/share/stcamera_msgs/package.ps1'
[9.046s] INFO:colcon.colcon_core.shell:Creating package descriptor '/home/qiguanxiao/ws/ws_stcamera_ros2/install/stcamera_msgs/share/stcamera_msgs/package.dsv'
[9.046s] INFO:colcon.colcon_core.shell:Creating package script '/home/qiguanxiao/ws/ws_stcamera_ros2/install/stcamera_msgs/share/stcamera_msgs/package.sh'
[9.047s] INFO:colcon.colcon_core.shell:Creating package script '/home/qiguanxiao/ws/ws_stcamera_ros2/install/stcamera_msgs/share/stcamera_msgs/package.bash'
[9.048s] INFO:colcon.colcon_core.shell:Creating package script '/home/qiguanxiao/ws/ws_stcamera_ros2/install/stcamera_msgs/share/stcamera_msgs/package.zsh'
[9.048s] Level 1:colcon.colcon_core.environment:create_file_with_runtime_dependencies(/home/qiguanxiao/ws/ws_stcamera_ros2/install/stcamera_msgs/share/colcon-core/packages/stcamera_msgs)
[10.722s] Level 1:colcon.colcon_core.environment:create_environment_scripts_only(stcamera_msgs)
[10.722s] Level 1:colcon.colcon_core.environment:checking '/home/qiguanxiao/ws/ws_stcamera_ros2/install/stcamera_msgs' for CMake module files
[10.722s] Level 1:colcon.colcon_core.environment:checking '/home/qiguanxiao/ws/ws_stcamera_ros2/install/stcamera_msgs' for CMake config files
[10.723s] Level 1:colcon.colcon_core.shell:create_environment_hook('stcamera_msgs', 'cmake_prefix_path')
[10.723s] INFO:colcon.colcon_core.shell:Creating environment hook '/home/qiguanxiao/ws/ws_stcamera_ros2/install/stcamera_msgs/share/stcamera_msgs/hook/cmake_prefix_path.ps1'
[10.723s] INFO:colcon.colcon_core.shell:Creating environment descriptor '/home/qiguanxiao/ws/ws_stcamera_ros2/install/stcamera_msgs/share/stcamera_msgs/hook/cmake_prefix_path.dsv'
[10.724s] INFO:colcon.colcon_core.shell:Creating environment hook '/home/qiguanxiao/ws/ws_stcamera_ros2/install/stcamera_msgs/share/stcamera_msgs/hook/cmake_prefix_path.sh'
[10.724s] Level 1:colcon.colcon_core.environment:checking '/home/qiguanxiao/ws/ws_stcamera_ros2/install/stcamera_msgs/lib'
[10.724s] Level 1:colcon.colcon_core.shell:create_environment_hook('stcamera_msgs', 'ld_library_path_lib')
[10.724s] INFO:colcon.colcon_core.shell:Creating environment hook '/home/qiguanxiao/ws/ws_stcamera_ros2/install/stcamera_msgs/share/stcamera_msgs/hook/ld_library_path_lib.ps1'
[10.724s] INFO:colcon.colcon_core.shell:Creating environment descriptor '/home/qiguanxiao/ws/ws_stcamera_ros2/install/stcamera_msgs/share/stcamera_msgs/hook/ld_library_path_lib.dsv'
[10.725s] INFO:colcon.colcon_core.shell:Creating environment hook '/home/qiguanxiao/ws/ws_stcamera_ros2/install/stcamera_msgs/share/stcamera_msgs/hook/ld_library_path_lib.sh'
[10.725s] Level 1:colcon.colcon_core.environment:checking '/home/qiguanxiao/ws/ws_stcamera_ros2/install/stcamera_msgs/bin'
[10.725s] Level 1:colcon.colcon_core.environment:checking '/home/qiguanxiao/ws/ws_stcamera_ros2/install/stcamera_msgs/lib/pkgconfig/stcamera_msgs.pc'
[10.725s] Level 1:colcon.colcon_core.environment:checking '/home/qiguanxiao/ws/ws_stcamera_ros2/install/stcamera_msgs/lib/python3.10/site-packages'
[10.725s] Level 1:colcon.colcon_core.environment:checking '/home/qiguanxiao/ws/ws_stcamera_ros2/install/stcamera_msgs/bin'
[10.725s] INFO:colcon.colcon_core.shell:Creating package script '/home/qiguanxiao/ws/ws_stcamera_ros2/install/stcamera_msgs/share/stcamera_msgs/package.ps1'
[10.726s] INFO:colcon.colcon_core.shell:Creating package descriptor '/home/qiguanxiao/ws/ws_stcamera_ros2/install/stcamera_msgs/share/stcamera_msgs/package.dsv'
[10.726s] INFO:colcon.colcon_core.shell:Creating package script '/home/qiguanxiao/ws/ws_stcamera_ros2/install/stcamera_msgs/share/stcamera_msgs/package.sh'
[10.726s] INFO:colcon.colcon_core.shell:Creating package script '/home/qiguanxiao/ws/ws_stcamera_ros2/install/stcamera_msgs/share/stcamera_msgs/package.bash'
[10.727s] INFO:colcon.colcon_core.shell:Creating package script '/home/qiguanxiao/ws/ws_stcamera_ros2/install/stcamera_msgs/share/stcamera_msgs/package.zsh'
[10.727s] Level 1:colcon.colcon_core.environment:create_file_with_runtime_dependencies(/home/qiguanxiao/ws/ws_stcamera_ros2/install/stcamera_msgs/share/colcon-core/packages/stcamera_msgs)
[10.727s] INFO:colcon.colcon_ros.task.ament_cmake.build:Building ROS package in '/home/qiguanxiao/ws/ws_stcamera_ros2/src/stcamera_ros2/stcamera_components' with build type 'ament_cmake'
[10.727s] INFO:colcon.colcon_cmake.task.cmake.build:Building CMake package in '/home/qiguanxiao/ws/ws_stcamera_ros2/src/stcamera_ros2/stcamera_components'
[10.727s] INFO:colcon.colcon_core.shell:Skip shell extension 'powershell' for command environment: Not usable outside of PowerShell
[10.727s] DEBUG:colcon.colcon_core.shell:Skip shell extension 'dsv' for command environment
[10.750s] DEBUG:colcon.colcon_core.event_handler.log_command:Invoking command in '/home/qiguanxiao/ws/ws_stcamera_ros2/build/stcamera_components': AMENT_PREFIX_PATH=/home/qiguanxiao/ws/ws_stcamera_ros2/install/stcamera_msgs:${AMENT_PREFIX_PATH} CMAKE_PREFIX_PATH=/home/qiguanxiao/ws/ws_stcamera_ros2/install/stcamera_msgs:/home/qiguanxiao/ros2_humble/install/rosbag2_storage_mcap:/home/qiguanxiao/ros2_humble/install/rosbag2:/home/qiguanxiao/ros2_humble/install/rosbag2_compression_zstd:/home/qiguanxiao/ros2_humble/install/mcap_vendor:/home/qiguanxiao/ros2_humble/install/zstd_vendor:/home/qiguanxiao/ros2_humble/install/rviz_visual_testing_framework:/home/qiguanxiao/ros2_humble/install/rviz2:/home/qiguanxiao/ros2_humble/install/rviz_default_plugins:/home/qiguanxiao/ros2_humble/install/rviz_common:/home/qiguanxiao/ros2_humble/install/rosbag2_py:/home/qiguanxiao/ros2_humble/install/rosbag2_transport:/home/qiguanxiao/ros2_humble/install/rosbag2_storage_default_plugins:/home/qiguanxiao/ros2_humble/install/rosbag2_performance_benchmarking:/home/qiguanxiao/ros2_humble/install/rosbag2_compression:/home/qiguanxiao/ros2_humble/install/rosbag2_cpp:/home/qiguanxiao/ros2_humble/install/rosbag2_storage:/home/qiguanxiao/ros2_humble/install/image_common:/home/qiguanxiao/ros2_humble/install/camera_info_manager:/home/qiguanxiao/ros2_humble/install/camera_calibration_parsers:/home/qiguanxiao/ros2_humble/install/yaml_cpp_vendor:/home/qiguanxiao/ros2_humble/install/interactive_markers:/home/qiguanxiao/ros2_humble/install/common_interfaces:/home/qiguanxiao/ros2_humble/install/visualization_msgs:/home/qiguanxiao/ros2_humble/install/dummy_robot_bringup:/home/qiguanxiao/ros2_humble/install/robot_state_publisher:/home/qiguanxiao/ros2_humble/install/kdl_parser:/home/qiguanxiao/ros2_humble/install/urdf:/home/qiguanxiao/ros2_humble/install/urdfdom:/home/qiguanxiao/ros2_humble/install/urdf_parser_plugin:/home/qiguanxiao/ros2_humble/install/urdfdom_headers:/home/qiguanxiao/ros2_humble/install/turtlesim:/home/qiguanxiao/ros2_humble/install/geometry2:/home/qiguanxiao/ros2_humble/install/tf2_sensor_msgs:/home/qiguanxiao/ros2_humble/install/test_tf2:/home/qiguanxiao/ros2_humble/install/tf2_kdl:/home/qiguanxiao/ros2_humble/install/tf2_geometry_msgs:/home/qiguanxiao/ros2_humble/install/tf2_eigen:/home/qiguanxiao/ros2_humble/install/tf2_bullet:/home/qiguanxiao/ros2_humble/install/tf2_ros:/home/qiguanxiao/ros2_humble/install/tf2_py:/home/qiguanxiao/ros2_humble/install/tf2_msgs:/home/qiguanxiao/ros2_humble/install/test_msgs:/home/qiguanxiao/ros2_humble/install/sros2_cmake:/home/qiguanxiao/ros2_humble/install/ros2cli_common_extensions:/home/qiguanxiao/ros2_humble/install/rqt_py_common:/home/qiguanxiao/ros2_humble/install/rosbag2_storage_mcap_testdata:/home/qiguanxiao/ros2_humble/install/ros_testing:/home/qiguanxiao/ros2_humble/install/ros2cli_test_interfaces:/home/qiguanxiao/ros2_humble/install/quality_of_service_demo_cpp:/home/qiguanxiao/ros2_humble/install/image_transport:/home/qiguanxiao/ros2_humble/install/message_filters:/home/qiguanxiao/ros2_humble/install/demo_nodes_cpp:/home/qiguanxiao/ros2_humble/install/composition:/home/qiguanxiao/ros2_humble/install/laser_geometry:/home/qiguanxiao/ros2_humble/install/rclpy:/home/qiguanxiao/ros2_humble/install/examples_rclcpp_minimal_action_server:/home/qiguanxiao/ros2_humble/install/examples_rclcpp_minimal_action_client:/home/qiguanxiao/ros2_humble/install/action_tutorials_cpp:/home/qiguanxiao/ros2_humble/install/rclcpp_action:/home/qiguanxiao/ros2_humble/install/rcl_action:/home/qiguanxiao/ros2_humble/install/examples_rclcpp_wait_set:/home/qiguanxiao/ros2_humble/install/examples_rclcpp_minimal_service:/home/qiguanxiao/ros2_humble/install/examples_rclcpp_minimal_client:/home/qiguanxiao/ros2_humble/install/examples_rclcpp_async_client:/home/qiguanxiao/ros2_humble/install/example_interfaces:/home/qiguanxiao/ros2_humble/install/action_tutorials_interfaces:/home/qiguanxiao/ros2_humble/install/action_msgs:/home/qiguanxiao/ros2_humble/install/unique_identifier_msgs:/home/qiguanxiao/ros2_humble/install/ament_lint_common:/home/qiguanxiao/ros2_humble/install/ament_cmake_uncrustify:/home/qiguanxiao/ros2_humble/install/uncrustify_vendor:/home/qiguanxiao/ros2_humble/install/trajectory_msgs:/home/qiguanxiao/ros2_humble/install/topic_statistics_demo:/home/qiguanxiao/ros2_humble/install/pendulum_control:/home/qiguanxiao/ros2_humble/install/tlsf_cpp:/home/qiguanxiao/ros2_humble/install/test_tracetools:/home/qiguanxiao/ros2_humble/install/rqt_gui_cpp:/home/qiguanxiao/ros2_humble/install/rosbag2_test_common:/home/qiguanxiao/ros2_humble/install/ros2lifecycle_test_fixtures:/home/qiguanxiao/ros2_humble/install/lifecycle:/home/qiguanxiao/ros2_humble/install/rclcpp_lifecycle:/home/qiguanxiao/ros2_humble/install/logging_demo:/home/qiguanxiao/ros2_humble/install/image_tools:/home/qiguanxiao/ros2_humble/install/examples_rclcpp_minimal_subscriber:/home/qiguanxiao/ros2_humble/install/examples_rclcpp_minimal_composition:/home/qiguanxiao/ros2_humble/install/demo_nodes_cpp_native:/home/qiguanxiao/ros2_humble/install/rclcpp_components:/home/qiguanxiao/ros2_humble/install/intra_process_demo:/home/qiguanxiao/ros2_humble/install/examples_rclcpp_multithreaded_executor:/home/qiguanxiao/ros2_humble/install/examples_rclcpp_minimal_timer:/home/qiguanxiao/ros2_humble/install/examples_rclcpp_minimal_publisher:/home/qiguanxiao/ros2_humble/install/examples_rclcpp_cbg_executor:/home/qiguanxiao/ros2_humble/install/dummy_sensors:/home/qiguanxiao/ros2_humble/install/dummy_map_server:/home/qiguanxiao/ros2_humble/install/rclcpp:/home/qiguanxiao/ros2_humble/install/rcl_lifecycle:/home/qiguanxiao/ros2_humble/install/libstatistics_collector:/home/qiguanxiao/ros2_humble/install/rcl:/home/qiguanxiao/ros2_humble/install/rmw_implementation:/home/qiguanxiao/ros2_humble/install/rmw_fastrtps_dynamic_cpp:/home/qiguanxiao/ros2_humble/install/rmw_fastrtps_cpp:/home/qiguanxiao/ros2_humble/install/rmw_fastrtps_shared_cpp:/home/qiguanxiao/ros2_humble/install/rmw_cyclonedds_cpp:/home/qiguanxiao/ros2_humble/install/tracetools:/home/qiguanxiao/ros2_humble/install/tlsf:/home/qiguanxiao/ros2_humble/install/tinyxml_vendor:/home/qiguanxiao/ros2_humble/install/qt_gui_core:/home/qiguanxiao/ros2_humble/install/qt_gui_cpp:/home/qiguanxiao/ros2_humble/install/pluginlib:/home/qiguanxiao/ros2_humble/install/tinyxml2_vendor:/home/qiguanxiao/ros2_humble/install/tf2_eigen_kdl:/home/qiguanxiao/ros2_humble/install/tf2:/home/qiguanxiao/ros2_humble/install/test_security:/home/qiguanxiao/ros2_humble/install/test_rmw_implementation:/home/qiguanxiao/ros2_humble/install/test_rclcpp:/home/qiguanxiao/ros2_humble/install/test_quality_of_service:/home/qiguanxiao/ros2_humble/install/test_launch_testing:/home/qiguanxiao/ros2_humble/install/test_interface_files:/home/qiguanxiao/ros2_humble/install/test_communication:/home/qiguanxiao/ros2_humble/install/test_cli_remapping:/home/qiguanxiao/ros2_humble/install/test_cli:/home/qiguanxiao/ros2_humble/install/qt_gui_app:/home/qiguanxiao/ros2_humble/install/qt_gui:/home/qiguanxiao/ros2_humble/install/tango_icons_vendor:/home/qiguanxiao/ros2_humble/install/stereo_msgs:/home/qiguanxiao/ros2_humble/install/std_srvs:/home/qiguanxiao/ros2_humble/install/shape_msgs:/home/qiguanxiao/ros2_humble/install/map_msgs:/home/qiguanxiao/ros2_humble/install/sensor_msgs:/home/qiguanxiao/ros2_humble/install/nav_msgs:/home/qiguanxiao/ros2_humble/install/diagnostic_msgs:/home/qiguanxiao/ros2_humble/install/geometry_msgs:/home/qiguanxiao/ros2_humble/install/actionlib_msgs:/home/qiguanxiao/ros2_humble/install/std_msgs:/home/qiguanxiao/ros2_humble/install/statistics_msgs:/home/qiguanxiao/ros2_humble/install/sqlite3_vendor:/home/qiguanxiao/ros2_humble/install/rcl_logging_spdlog:/home/qiguanxiao/ros2_humble/install/spdlog_vendor:/home/qiguanxiao/ros2_humble/install/shared_queues_vendor:/home/qiguanxiao/ros2_humble/install/rviz_rendering_tests:/home/qiguanxiao/ros2_humble/install/rviz_rendering:/home/qiguanxiao/ros2_humble/install/rviz_ogre_vendor:/home/qiguanxiao/ros2_humble/install/rviz_assimp_vendor:/home/qiguanxiao/ros2_humble/install/rttest:/home/qiguanxiao/ros2_humble/install/rmw_connextddsmicro:/home/qiguanxiao/ros2_humble/install/rmw_connextdds:/home/qiguanxiao/ros2_humble/install/rmw_connextdds_common:/home/qiguanxiao/ros2_humble/install/rti_connext_dds_cmake_module:/home/qiguanxiao/ros2_humble/install/rosgraph_msgs:/home/qiguanxiao/ros2_humble/install/rosbag2_interfaces:/home/qiguanxiao/ros2_humble/install/rmw_dds_common:/home/qiguanxiao/ros2_humble/install/composition_interfaces:/home/qiguanxiao/ros2_humble/install/rcl_interfaces:/home/qiguanxiao/ros2_humble/install/pendulum_msgs:/home/qiguanxiao/ros2_humble/install/lifecycle_msgs:/home/qiguanxiao/ros2_humble/install/builtin_interfaces:/home/qiguanxiao/ros2_humble/install/rosidl_default_runtime:/home/qiguanxiao/ros2_humble/install/rosidl_default_generators:/home/qiguanxiao/ros2_humble/install/rosidl_generator_py:/home/qiguanxiao/ros2_humble/install/rosidl_typesupport_introspection_tests:/home/qiguanxiao/ros2_humble/install/rosidl_typesupport_cpp:/home/qiguanxiao/ros2_humble/install/rosidl_typesupport_introspection_cpp:/home/qiguanxiao/ros2_humble/install/rosidl_typesupport_c:/home/qiguanxiao/ros2_humble/install/rosidl_typesupport_introspection_c:/home/qiguanxiao/ros2_humble/install/rosidl_typesupport_fastrtps_c:/home/qiguanxiao/ros2_humble/install/rosidl_typesupport_fastrtps_cpp:/home/qiguanxiao/ros2_humble/install/rosidl_generator_cpp:/home/qiguanxiao/ros2_humble/install/rosidl_runtime_cpp:/home/qiguanxiao/ros2_humble/install/rcl_yaml_param_parser:/home/qiguanxiao/ros2_humble/install/rmw:/home/qiguanxiao/ros2_humble/install/rosidl_runtime_c:/home/qiguanxiao/ros2_humble/install/rosidl_generator_c:/home/qiguanxiao/ros2_humble/install/rosidl_typesupport_interface:/home/qiguanxiao/ros2_humble/install/rosidl_generator_dds_idl:/home/qiguanxiao/ros2_humble/install/rosidl_cmake:/home/qiguanxiao/ros2_humble/install/rosidl_parser:/home/qiguanxiao/ros2_humble/install/rosidl_adapter:/home/qiguanxiao/ros2_humble/install/rosbag2_tests:/home/qiguanxiao/ros2_humble/install/ros_environment:/home/qiguanxiao/ros2_humble/install/rmw_implementation_cmake:/home/qiguanxiao/ros2_humble/install/resource_retriever:/home/qiguanxiao/ros2_humble/install/class_loader:/home/qiguanxiao/ros2_humble/install/rcpputils:/home/qiguanxiao/ros2_humble/install/rcl_logging_noop:/home/qiguanxiao/ros2_humble/install/rcl_logging_interface:/home/qiguanxiao/ros2_humble/install/rcutils:/home/qiguanxiao/ros2_humble/install/qt_gui_py_common:/home/qiguanxiao/ros2_humble/install/qt_dotgraph:/home/qiguanxiao/ros2_humble/install/python_qt_binding:/home/qiguanxiao/ros2_humble/install/python_orocos_kdl_vendor:/home/qiguanxiao/ros2_humble/install/launch_testing_ament_cmake:/home/qiguanxiao/ros2_humble/install/python_cmake_module:/home/qiguanxiao/ros2_humble/install/pybind11_vendor:/home/qiguanxiao/ros2_humble/install/performance_test_fixture:/home/qiguanxiao/ros2_humble/install/osrf_testing_tools_cpp:/home/qiguanxiao/ros2_humble/install/orocos_kdl_vendor:/home/qiguanxiao/ros2_humble/install/mimick_vendor:/home/qiguanxiao/ros2_humble/install/libyaml_vendor:/home/qiguanxiao/ros2_humble/install/libcurl_vendor:/home/qiguanxiao/ros2_humble/install/keyboard_handler:/home/qiguanxiao/ros2_humble/install/iceoryx_introspection:/home/qiguanxiao/ros2_humble/install/cyclonedds:/home/qiguanxiao/ros2_humble/install/iceoryx_posh:/home/qiguanxiao/ros2_humble/install/iceoryx_hoofs:/home/qiguanxiao/ros2_humble/install/iceoryx_binding_c:/home/qiguanxiao/ros2_humble/install/ament_cmake_ros:/home/qiguanxiao/ros2_humble/install/ament_cmake_auto:/home/qiguanxiao/ros2_humble/install/ament_cmake_gmock:/home/qiguanxiao/ros2_humble/install/gmock_vendor:/home/qiguanxiao/ros2_humble/install/ament_cmake_gtest:/home/qiguanxiao/ros2_humble/install/gtest_vendor:/home/qiguanxiao/ros2_humble/install/ament_cmake_google_benchmark:/home/qiguanxiao/ros2_humble/install/google_benchmark_vendor:/home/qiguanxiao/ros2_humble/install/fastrtps:/home/qiguanxiao/ros2_humble/install/foonathan_memory_vendor:/home/qiguanxiao/ros2_humble/install/fastrtps_cmake_module:/home/qiguanxiao/ros2_humble/install/fastcdr:/home/qiguanxiao/ros2_humble/install/eigen3_cmake_module:/home/qiguanxiao/ros2_humble/install/console_bridge_vendor:/home/qiguanxiao/ros2_humble/install/ament_cmake_xmllint:/home/qiguanxiao/ros2_humble/install/ament_cmake_pyflakes:/home/qiguanxiao/ros2_humble/install/ament_cmake_pycodestyle:/home/qiguanxiao/ros2_humble/install/ament_cmake_pep257:/home/qiguanxiao/ros2_humble/install/ament_cmake_pclint:/home/qiguanxiao/ros2_humble/install/ament_lint_auto:/home/qiguanxiao/ros2_humble/install/ament_cmake:/home/qiguanxiao/ros2_humble/install/ament_cmake_version:/home/qiguanxiao/ros2_humble/install/ament_cmake_vendor_package:/home/qiguanxiao/ros2_humble/install/ament_cmake_pytest:/home/qiguanxiao/ros2_humble/install/ament_cmake_nose:/home/qiguanxiao/ros2_humble/install/ament_cmake_mypy:/home/qiguanxiao/ros2_humble/install/ament_cmake_lint_cmake:/home/qiguanxiao/ros2_humble/install/ament_cmake_flake8:/home/qiguanxiao/ros2_humble/install/ament_cmake_cpplint:/home/qiguanxiao/ros2_humble/install/ament_cmake_cppcheck:/home/qiguanxiao/ros2_humble/install/ament_cmake_copyright:/home/qiguanxiao/ros2_humble/install/ament_cmake_clang_tidy:/home/qiguanxiao/ros2_humble/install/ament_cmake_clang_format:/home/qiguanxiao/ros2_humble/install/ament_cmake_test:/home/qiguanxiao/ros2_humble/install/ament_cmake_target_dependencies:/home/qiguanxiao/ros2_humble/install/ament_cmake_python:/home/qiguanxiao/ros2_humble/install/ament_cmake_export_dependencies:/home/qiguanxiao/ros2_humble/install/ament_cmake_libraries:/home/qiguanxiao/ros2_humble/install/ament_cmake_include_directories:/home/qiguanxiao/ros2_humble/install/ament_cmake_gen_version_h:/home/qiguanxiao/ros2_humble/install/ament_cmake_export_targets:/home/qiguanxiao/ros2_humble/install/ament_cmake_export_link_flags:/home/qiguanxiao/ros2_humble/install/ament_cmake_export_interfaces:/home/qiguanxiao/ros2_humble/install/ament_cmake_export_libraries:/home/qiguanxiao/ros2_humble/install/ament_cmake_export_include_directories:/home/qiguanxiao/ros2_humble/install/ament_cmake_export_definitions:/home/qiguanxiao/ros2_humble/install/ament_cmake_core:/home/qiguanxiao/ros2_humble/install/ament_index_cpp:/home/qiguanxiao/ros2_humble/install/rqt_bag_plugins:/home/qiguanxiao/ros2_humble/install/rqt_bag:/home/qiguanxiao/ros2_humble/install/launch_testing_examples:/home/qiguanxiao/ros2_humble/install/ros2bag:/home/qiguanxiao/ros2_humble/install/tracetools_test:/home/qiguanxiao/ros2_humble/install/tracetools_launch:/home/qiguanxiao/ros2_humble/install/topic_monitor:/home/qiguanxiao/ros2_humble/install/tf2_tools:/home/qiguanxiao/ros2_humble/install/examples_tf2_py:/home/qiguanxiao/ros2_humble/install/tf2_ros_py:/home/qiguanxiao/ros2_humble/install/sros2:/home/qiguanxiao/ros2_humble/install/rqt_topic:/home/qiguanxiao/ros2_humble/install/rqt_srv:/home/qiguanxiao/ros2_humble/install/rqt_shell:/home/qiguanxiao/ros2_humble/install/rqt_service_caller:/home/qiguanxiao/ros2_humble/install/rqt_reconfigure:/home/qiguanxiao/ros2_humble/install/rqt_py_console:/home/qiguanxiao/ros2_humble/install/rqt_publisher:/home/qiguanxiao/ros2_humble/install/rqt_plot:/home/qiguanxiao/ros2_humble/install/rqt_action:/home/qiguanxiao/ros2_humble/install/rqt_msg:/home/qiguanxiao/ros2_humble/install/rqt_console:/home/qiguanxiao/ros2_humble/install/rqt:/home/qiguanxiao/ros2_humble/install/rqt_graph:/home/qiguanxiao/ros2_humble/install/rqt_gui_py:/home/qiguanxiao/ros2_humble/install/rqt_gui:/home/qiguanxiao/ros2_humble/install/ros2trace:/home/qiguanxiao/ros2_humble/install/ros2topic:/home/qiguanxiao/ros2_humble/install/ros2test:/home/qiguanxiao/ros2_humble/install/ros2component:/home/qiguanxiao/ros2_humble/install/ros2param:/home/qiguanxiao/ros2_humble/install/ros2lifecycle:/home/qiguanxiao/ros2_humble/install/ros2service:/home/qiguanxiao/ros2_humble/install/ros2run:/home/qiguanxiao/ros2_humble/install/ros2launch:/home/qiguanxiao/ros2_humble/install/ros2pkg:/home/qiguanxiao/ros2_humble/install/ros2node:/home/qiguanxiao/ros2_humble/install/ros2multicast:/home/qiguanxiao/ros2_humble/install/ros2interface:/home/qiguanxiao/ros2_humble/install/ros2doctor:/home/qiguanxiao/ros2_humble/install/ros2action:/home/qiguanxiao/ros2_humble/install/ros2cli:/home/qiguanxiao/ros2_humble/install/quality_of_service_demo_py:/home/qiguanxiao/ros2_humble/install/lifecycle_py:/home/qiguanxiao/ros2_humble/install/launch_testing_ros:/home/qiguanxiao/ros2_humble/install/launch_ros:/home/qiguanxiao/ros2_humble/install/examples_rclpy_pointcloud_publisher:/home/qiguanxiao/ros2_humble/install/examples_rclpy_minimal_subscriber:/home/qiguanxiao/ros2_humble/install/examples_rclpy_minimal_service:/home/qiguanxiao/ros2_humble/install/examples_rclpy_minimal_publisher:/home/qiguanxiao/ros2_humble/install/examples_rclpy_minimal_client:/home/qiguanxiao/ros2_humble/install/examples_rclpy_minimal_action_server:/home/qiguanxiao/ros2_humble/install/examples_rclpy_minimal_action_client:/home/qiguanxiao/ros2_humble/install/examples_rclpy_guard_conditions:/home/qiguanxiao/ros2_humble/install/examples_rclpy_executors:/home/qiguanxiao/ros2_humble/install/demo_nodes_py:/home/qiguanxiao/ros2_humble/install/camera_info_manager_py:/home/qiguanxiao/ros2_humble/install/action_tutorials_py:/home/qiguanxiao/ros2_humble/install/ament_uncrustify:/home/qiguanxiao/ros2_humble/install/tracetools_trace:/home/qiguanxiao/ros2_humble/install/tracetools_read:/home/qiguanxiao/ros2_humble/install/test_tracetools_launch:/home/qiguanxiao/ros2_humble/install/test_launch_ros:/home/qiguanxiao/ros2_humble/install/sensor_msgs_py:/home/qiguanxiao/ros2_humble/install/rpyutils:/home/qiguanxiao/ros2_humble/install/rosidl_runtime_py:/home/qiguanxiao/ros2_humble/install/rosidl_cli:/home/qiguanxiao/ros2_humble/install/launch_pytest:/home/qiguanxiao/ros2_humble/install/launch_testing:/home/qiguanxiao/ros2_humble/install/launch_yaml:/home/qiguanxiao/ros2_humble/install/launch_xml:/home/qiguanxiao/ros2_humble/install/launch:/home/qiguanxiao/ros2_humble/install/osrf_pycommon:/home/qiguanxiao/ros2_humble/install/domain_coordinator:/home/qiguanxiao/ros2_humble/install/ament_xmllint:/home/qiguanxiao/ros2_humble/install/ament_pyflakes:/home/qiguanxiao/ros2_humble/install/ament_pycodestyle:/home/qiguanxiao/ros2_humble/install/ament_pep257:/home/qiguanxiao/ros2_humble/install/ament_pclint:/home/qiguanxiao/ros2_humble/install/ament_package:/home/qiguanxiao/ros2_humble/install/ament_mypy:/home/qiguanxiao/ros2_humble/install/ament_lint_cmake:/home/qiguanxiao/ros2_humble/install/ament_flake8:/home/qiguanxiao/ros2_humble/install/ament_copyright:/home/qiguanxiao/ros2_humble/install/ament_lint:/home/qiguanxiao/ros2_humble/install/ament_index_python:/home/qiguanxiao/ros2_humble/install/ament_cpplint:/home/qiguanxiao/ros2_humble/install/ament_cppcheck:/home/qiguanxiao/ros2_humble/install/ament_clang_tidy:/home/qiguanxiao/ros2_humble/install/ament_clang_format LD_LIBRARY_PATH=/home/qiguanxiao/ws/ws_stcamera_ros2/install/stcamera_msgs/lib:${LD_LIBRARY_PATH} PYTHONPATH=/home/qiguanxiao/ws/ws_stcamera_ros2/install/stcamera_msgs/local/lib/python3.10/dist-packages:${PYTHONPATH} /usr/bin/cmake --build /home/qiguanxiao/ws/ws_stcamera_ros2/build/stcamera_components -- -j24 -l24
[12.795s] DEBUG:colcon.colcon_core.event_handler.log_command:Invoked command in '/home/qiguanxiao/ws/ws_stcamera_ros2/build/stcamera_components' returned '2': AMENT_PREFIX_PATH=/home/qiguanxiao/ws/ws_stcamera_ros2/install/stcamera_msgs:${AMENT_PREFIX_PATH} CMAKE_PREFIX_PATH=/home/qiguanxiao/ws/ws_stcamera_ros2/install/stcamera_msgs:/home/qiguanxiao/ros2_humble/install/rosbag2_storage_mcap:/home/qiguanxiao/ros2_humble/install/rosbag2:/home/qiguanxiao/ros2_humble/install/rosbag2_compression_zstd:/home/qiguanxiao/ros2_humble/install/mcap_vendor:/home/qiguanxiao/ros2_humble/install/zstd_vendor:/home/qiguanxiao/ros2_humble/install/rviz_visual_testing_framework:/home/qiguanxiao/ros2_humble/install/rviz2:/home/qiguanxiao/ros2_humble/install/rviz_default_plugins:/home/qiguanxiao/ros2_humble/install/rviz_common:/home/qiguanxiao/ros2_humble/install/rosbag2_py:/home/qiguanxiao/ros2_humble/install/rosbag2_transport:/home/qiguanxiao/ros2_humble/install/rosbag2_storage_default_plugins:/home/qiguanxiao/ros2_humble/install/rosbag2_performance_benchmarking:/home/qiguanxiao/ros2_humble/install/rosbag2_compression:/home/qiguanxiao/ros2_humble/install/rosbag2_cpp:/home/qiguanxiao/ros2_humble/install/rosbag2_storage:/home/qiguanxiao/ros2_humble/install/image_common:/home/qiguanxiao/ros2_humble/install/camera_info_manager:/home/qiguanxiao/ros2_humble/install/camera_calibration_parsers:/home/qiguanxiao/ros2_humble/install/yaml_cpp_vendor:/home/qiguanxiao/ros2_humble/install/interactive_markers:/home/qiguanxiao/ros2_humble/install/common_interfaces:/home/qiguanxiao/ros2_humble/install/visualization_msgs:/home/qiguanxiao/ros2_humble/install/dummy_robot_bringup:/home/qiguanxiao/ros2_humble/install/robot_state_publisher:/home/qiguanxiao/ros2_humble/install/kdl_parser:/home/qiguanxiao/ros2_humble/install/urdf:/home/qiguanxiao/ros2_humble/install/urdfdom:/home/qiguanxiao/ros2_humble/install/urdf_parser_plugin:/home/qiguanxiao/ros2_humble/install/urdfdom_headers:/home/qiguanxiao/ros2_humble/install/turtlesim:/home/qiguanxiao/ros2_humble/install/geometry2:/home/qiguanxiao/ros2_humble/install/tf2_sensor_msgs:/home/qiguanxiao/ros2_humble/install/test_tf2:/home/qiguanxiao/ros2_humble/install/tf2_kdl:/home/qiguanxiao/ros2_humble/install/tf2_geometry_msgs:/home/qiguanxiao/ros2_humble/install/tf2_eigen:/home/qiguanxiao/ros2_humble/install/tf2_bullet:/home/qiguanxiao/ros2_humble/install/tf2_ros:/home/qiguanxiao/ros2_humble/install/tf2_py:/home/qiguanxiao/ros2_humble/install/tf2_msgs:/home/qiguanxiao/ros2_humble/install/test_msgs:/home/qiguanxiao/ros2_humble/install/sros2_cmake:/home/qiguanxiao/ros2_humble/install/ros2cli_common_extensions:/home/qiguanxiao/ros2_humble/install/rqt_py_common:/home/qiguanxiao/ros2_humble/install/rosbag2_storage_mcap_testdata:/home/qiguanxiao/ros2_humble/install/ros_testing:/home/qiguanxiao/ros2_humble/install/ros2cli_test_interfaces:/home/qiguanxiao/ros2_humble/install/quality_of_service_demo_cpp:/home/qiguanxiao/ros2_humble/install/image_transport:/home/qiguanxiao/ros2_humble/install/message_filters:/home/qiguanxiao/ros2_humble/install/demo_nodes_cpp:/home/qiguanxiao/ros2_humble/install/composition:/home/qiguanxiao/ros2_humble/install/laser_geometry:/home/qiguanxiao/ros2_humble/install/rclpy:/home/qiguanxiao/ros2_humble/install/examples_rclcpp_minimal_action_server:/home/qiguanxiao/ros2_humble/install/examples_rclcpp_minimal_action_client:/home/qiguanxiao/ros2_humble/install/action_tutorials_cpp:/home/qiguanxiao/ros2_humble/install/rclcpp_action:/home/qiguanxiao/ros2_humble/install/rcl_action:/home/qiguanxiao/ros2_humble/install/examples_rclcpp_wait_set:/home/qiguanxiao/ros2_humble/install/examples_rclcpp_minimal_service:/home/qiguanxiao/ros2_humble/install/examples_rclcpp_minimal_client:/home/qiguanxiao/ros2_humble/install/examples_rclcpp_async_client:/home/qiguanxiao/ros2_humble/install/example_interfaces:/home/qiguanxiao/ros2_humble/install/action_tutorials_interfaces:/home/qiguanxiao/ros2_humble/install/action_msgs:/home/qiguanxiao/ros2_humble/install/unique_identifier_msgs:/home/qiguanxiao/ros2_humble/install/ament_lint_common:/home/qiguanxiao/ros2_humble/install/ament_cmake_uncrustify:/home/qiguanxiao/ros2_humble/install/uncrustify_vendor:/home/qiguanxiao/ros2_humble/install/trajectory_msgs:/home/qiguanxiao/ros2_humble/install/topic_statistics_demo:/home/qiguanxiao/ros2_humble/install/pendulum_control:/home/qiguanxiao/ros2_humble/install/tlsf_cpp:/home/qiguanxiao/ros2_humble/install/test_tracetools:/home/qiguanxiao/ros2_humble/install/rqt_gui_cpp:/home/qiguanxiao/ros2_humble/install/rosbag2_test_common:/home/qiguanxiao/ros2_humble/install/ros2lifecycle_test_fixtures:/home/qiguanxiao/ros2_humble/install/lifecycle:/home/qiguanxiao/ros2_humble/install/rclcpp_lifecycle:/home/qiguanxiao/ros2_humble/install/logging_demo:/home/qiguanxiao/ros2_humble/install/image_tools:/home/qiguanxiao/ros2_humble/install/examples_rclcpp_minimal_subscriber:/home/qiguanxiao/ros2_humble/install/examples_rclcpp_minimal_composition:/home/qiguanxiao/ros2_humble/install/demo_nodes_cpp_native:/home/qiguanxiao/ros2_humble/install/rclcpp_components:/home/qiguanxiao/ros2_humble/install/intra_process_demo:/home/qiguanxiao/ros2_humble/install/examples_rclcpp_multithreaded_executor:/home/qiguanxiao/ros2_humble/install/examples_rclcpp_minimal_timer:/home/qiguanxiao/ros2_humble/install/examples_rclcpp_minimal_publisher:/home/qiguanxiao/ros2_humble/install/examples_rclcpp_cbg_executor:/home/qiguanxiao/ros2_humble/install/dummy_sensors:/home/qiguanxiao/ros2_humble/install/dummy_map_server:/home/qiguanxiao/ros2_humble/install/rclcpp:/home/qiguanxiao/ros2_humble/install/rcl_lifecycle:/home/qiguanxiao/ros2_humble/install/libstatistics_collector:/home/qiguanxiao/ros2_humble/install/rcl:/home/qiguanxiao/ros2_humble/install/rmw_implementation:/home/qiguanxiao/ros2_humble/install/rmw_fastrtps_dynamic_cpp:/home/qiguanxiao/ros2_humble/install/rmw_fastrtps_cpp:/home/qiguanxiao/ros2_humble/install/rmw_fastrtps_shared_cpp:/home/qiguanxiao/ros2_humble/install/rmw_cyclonedds_cpp:/home/qiguanxiao/ros2_humble/install/tracetools:/home/qiguanxiao/ros2_humble/install/tlsf:/home/qiguanxiao/ros2_humble/install/tinyxml_vendor:/home/qiguanxiao/ros2_humble/install/qt_gui_core:/home/qiguanxiao/ros2_humble/install/qt_gui_cpp:/home/qiguanxiao/ros2_humble/install/pluginlib:/home/qiguanxiao/ros2_humble/install/tinyxml2_vendor:/home/qiguanxiao/ros2_humble/install/tf2_eigen_kdl:/home/qiguanxiao/ros2_humble/install/tf2:/home/qiguanxiao/ros2_humble/install/test_security:/home/qiguanxiao/ros2_humble/install/test_rmw_implementation:/home/qiguanxiao/ros2_humble/install/test_rclcpp:/home/qiguanxiao/ros2_humble/install/test_quality_of_service:/home/qiguanxiao/ros2_humble/install/test_launch_testing:/home/qiguanxiao/ros2_humble/install/test_interface_files:/home/qiguanxiao/ros2_humble/install/test_communication:/home/qiguanxiao/ros2_humble/install/test_cli_remapping:/home/qiguanxiao/ros2_humble/install/test_cli:/home/qiguanxiao/ros2_humble/install/qt_gui_app:/home/qiguanxiao/ros2_humble/install/qt_gui:/home/qiguanxiao/ros2_humble/install/tango_icons_vendor:/home/qiguanxiao/ros2_humble/install/stereo_msgs:/home/qiguanxiao/ros2_humble/install/std_srvs:/home/qiguanxiao/ros2_humble/install/shape_msgs:/home/qiguanxiao/ros2_humble/install/map_msgs:/home/qiguanxiao/ros2_humble/install/sensor_msgs:/home/qiguanxiao/ros2_humble/install/nav_msgs:/home/qiguanxiao/ros2_humble/install/diagnostic_msgs:/home/qiguanxiao/ros2_humble/install/geometry_msgs:/home/qiguanxiao/ros2_humble/install/actionlib_msgs:/home/qiguanxiao/ros2_humble/install/std_msgs:/home/qiguanxiao/ros2_humble/install/statistics_msgs:/home/qiguanxiao/ros2_humble/install/sqlite3_vendor:/home/qiguanxiao/ros2_humble/install/rcl_logging_spdlog:/home/qiguanxiao/ros2_humble/install/spdlog_vendor:/home/qiguanxiao/ros2_humble/install/shared_queues_vendor:/home/qiguanxiao/ros2_humble/install/rviz_rendering_tests:/home/qiguanxiao/ros2_humble/install/rviz_rendering:/home/qiguanxiao/ros2_humble/install/rviz_ogre_vendor:/home/qiguanxiao/ros2_humble/install/rviz_assimp_vendor:/home/qiguanxiao/ros2_humble/install/rttest:/home/qiguanxiao/ros2_humble/install/rmw_connextddsmicro:/home/qiguanxiao/ros2_humble/install/rmw_connextdds:/home/qiguanxiao/ros2_humble/install/rmw_connextdds_common:/home/qiguanxiao/ros2_humble/install/rti_connext_dds_cmake_module:/home/qiguanxiao/ros2_humble/install/rosgraph_msgs:/home/qiguanxiao/ros2_humble/install/rosbag2_interfaces:/home/qiguanxiao/ros2_humble/install/rmw_dds_common:/home/qiguanxiao/ros2_humble/install/composition_interfaces:/home/qiguanxiao/ros2_humble/install/rcl_interfaces:/home/qiguanxiao/ros2_humble/install/pendulum_msgs:/home/qiguanxiao/ros2_humble/install/lifecycle_msgs:/home/qiguanxiao/ros2_humble/install/builtin_interfaces:/home/qiguanxiao/ros2_humble/install/rosidl_default_runtime:/home/qiguanxiao/ros2_humble/install/rosidl_default_generators:/home/qiguanxiao/ros2_humble/install/rosidl_generator_py:/home/qiguanxiao/ros2_humble/install/rosidl_typesupport_introspection_tests:/home/qiguanxiao/ros2_humble/install/rosidl_typesupport_cpp:/home/qiguanxiao/ros2_humble/install/rosidl_typesupport_introspection_cpp:/home/qiguanxiao/ros2_humble/install/rosidl_typesupport_c:/home/qiguanxiao/ros2_humble/install/rosidl_typesupport_introspection_c:/home/qiguanxiao/ros2_humble/install/rosidl_typesupport_fastrtps_c:/home/qiguanxiao/ros2_humble/install/rosidl_typesupport_fastrtps_cpp:/home/qiguanxiao/ros2_humble/install/rosidl_generator_cpp:/home/qiguanxiao/ros2_humble/install/rosidl_runtime_cpp:/home/qiguanxiao/ros2_humble/install/rcl_yaml_param_parser:/home/qiguanxiao/ros2_humble/install/rmw:/home/qiguanxiao/ros2_humble/install/rosidl_runtime_c:/home/qiguanxiao/ros2_humble/install/rosidl_generator_c:/home/qiguanxiao/ros2_humble/install/rosidl_typesupport_interface:/home/qiguanxiao/ros2_humble/install/rosidl_generator_dds_idl:/home/qiguanxiao/ros2_humble/install/rosidl_cmake:/home/qiguanxiao/ros2_humble/install/rosidl_parser:/home/qiguanxiao/ros2_humble/install/rosidl_adapter:/home/qiguanxiao/ros2_humble/install/rosbag2_tests:/home/qiguanxiao/ros2_humble/install/ros_environment:/home/qiguanxiao/ros2_humble/install/rmw_implementation_cmake:/home/qiguanxiao/ros2_humble/install/resource_retriever:/home/qiguanxiao/ros2_humble/install/class_loader:/home/qiguanxiao/ros2_humble/install/rcpputils:/home/qiguanxiao/ros2_humble/install/rcl_logging_noop:/home/qiguanxiao/ros2_humble/install/rcl_logging_interface:/home/qiguanxiao/ros2_humble/install/rcutils:/home/qiguanxiao/ros2_humble/install/qt_gui_py_common:/home/qiguanxiao/ros2_humble/install/qt_dotgraph:/home/qiguanxiao/ros2_humble/install/python_qt_binding:/home/qiguanxiao/ros2_humble/install/python_orocos_kdl_vendor:/home/qiguanxiao/ros2_humble/install/launch_testing_ament_cmake:/home/qiguanxiao/ros2_humble/install/python_cmake_module:/home/qiguanxiao/ros2_humble/install/pybind11_vendor:/home/qiguanxiao/ros2_humble/install/performance_test_fixture:/home/qiguanxiao/ros2_humble/install/osrf_testing_tools_cpp:/home/qiguanxiao/ros2_humble/install/orocos_kdl_vendor:/home/qiguanxiao/ros2_humble/install/mimick_vendor:/home/qiguanxiao/ros2_humble/install/libyaml_vendor:/home/qiguanxiao/ros2_humble/install/libcurl_vendor:/home/qiguanxiao/ros2_humble/install/keyboard_handler:/home/qiguanxiao/ros2_humble/install/iceoryx_introspection:/home/qiguanxiao/ros2_humble/install/cyclonedds:/home/qiguanxiao/ros2_humble/install/iceoryx_posh:/home/qiguanxiao/ros2_humble/install/iceoryx_hoofs:/home/qiguanxiao/ros2_humble/install/iceoryx_binding_c:/home/qiguanxiao/ros2_humble/install/ament_cmake_ros:/home/qiguanxiao/ros2_humble/install/ament_cmake_auto:/home/qiguanxiao/ros2_humble/install/ament_cmake_gmock:/home/qiguanxiao/ros2_humble/install/gmock_vendor:/home/qiguanxiao/ros2_humble/install/ament_cmake_gtest:/home/qiguanxiao/ros2_humble/install/gtest_vendor:/home/qiguanxiao/ros2_humble/install/ament_cmake_google_benchmark:/home/qiguanxiao/ros2_humble/install/google_benchmark_vendor:/home/qiguanxiao/ros2_humble/install/fastrtps:/home/qiguanxiao/ros2_humble/install/foonathan_memory_vendor:/home/qiguanxiao/ros2_humble/install/fastrtps_cmake_module:/home/qiguanxiao/ros2_humble/install/fastcdr:/home/qiguanxiao/ros2_humble/install/eigen3_cmake_module:/home/qiguanxiao/ros2_humble/install/console_bridge_vendor:/home/qiguanxiao/ros2_humble/install/ament_cmake_xmllint:/home/qiguanxiao/ros2_humble/install/ament_cmake_pyflakes:/home/qiguanxiao/ros2_humble/install/ament_cmake_pycodestyle:/home/qiguanxiao/ros2_humble/install/ament_cmake_pep257:/home/qiguanxiao/ros2_humble/install/ament_cmake_pclint:/home/qiguanxiao/ros2_humble/install/ament_lint_auto:/home/qiguanxiao/ros2_humble/install/ament_cmake:/home/qiguanxiao/ros2_humble/install/ament_cmake_version:/home/qiguanxiao/ros2_humble/install/ament_cmake_vendor_package:/home/qiguanxiao/ros2_humble/install/ament_cmake_pytest:/home/qiguanxiao/ros2_humble/install/ament_cmake_nose:/home/qiguanxiao/ros2_humble/install/ament_cmake_mypy:/home/qiguanxiao/ros2_humble/install/ament_cmake_lint_cmake:/home/qiguanxiao/ros2_humble/install/ament_cmake_flake8:/home/qiguanxiao/ros2_humble/install/ament_cmake_cpplint:/home/qiguanxiao/ros2_humble/install/ament_cmake_cppcheck:/home/qiguanxiao/ros2_humble/install/ament_cmake_copyright:/home/qiguanxiao/ros2_humble/install/ament_cmake_clang_tidy:/home/qiguanxiao/ros2_humble/install/ament_cmake_clang_format:/home/qiguanxiao/ros2_humble/install/ament_cmake_test:/home/qiguanxiao/ros2_humble/install/ament_cmake_target_dependencies:/home/qiguanxiao/ros2_humble/install/ament_cmake_python:/home/qiguanxiao/ros2_humble/install/ament_cmake_export_dependencies:/home/qiguanxiao/ros2_humble/install/ament_cmake_libraries:/home/qiguanxiao/ros2_humble/install/ament_cmake_include_directories:/home/qiguanxiao/ros2_humble/install/ament_cmake_gen_version_h:/home/qiguanxiao/ros2_humble/install/ament_cmake_export_targets:/home/qiguanxiao/ros2_humble/install/ament_cmake_export_link_flags:/home/qiguanxiao/ros2_humble/install/ament_cmake_export_interfaces:/home/qiguanxiao/ros2_humble/install/ament_cmake_export_libraries:/home/qiguanxiao/ros2_humble/install/ament_cmake_export_include_directories:/home/qiguanxiao/ros2_humble/install/ament_cmake_export_definitions:/home/qiguanxiao/ros2_humble/install/ament_cmake_core:/home/qiguanxiao/ros2_humble/install/ament_index_cpp:/home/qiguanxiao/ros2_humble/install/rqt_bag_plugins:/home/qiguanxiao/ros2_humble/install/rqt_bag:/home/qiguanxiao/ros2_humble/install/launch_testing_examples:/home/qiguanxiao/ros2_humble/install/ros2bag:/home/qiguanxiao/ros2_humble/install/tracetools_test:/home/qiguanxiao/ros2_humble/install/tracetools_launch:/home/qiguanxiao/ros2_humble/install/topic_monitor:/home/qiguanxiao/ros2_humble/install/tf2_tools:/home/qiguanxiao/ros2_humble/install/examples_tf2_py:/home/qiguanxiao/ros2_humble/install/tf2_ros_py:/home/qiguanxiao/ros2_humble/install/sros2:/home/qiguanxiao/ros2_humble/install/rqt_topic:/home/qiguanxiao/ros2_humble/install/rqt_srv:/home/qiguanxiao/ros2_humble/install/rqt_shell:/home/qiguanxiao/ros2_humble/install/rqt_service_caller:/home/qiguanxiao/ros2_humble/install/rqt_reconfigure:/home/qiguanxiao/ros2_humble/install/rqt_py_console:/home/qiguanxiao/ros2_humble/install/rqt_publisher:/home/qiguanxiao/ros2_humble/install/rqt_plot:/home/qiguanxiao/ros2_humble/install/rqt_action:/home/qiguanxiao/ros2_humble/install/rqt_msg:/home/qiguanxiao/ros2_humble/install/rqt_console:/home/qiguanxiao/ros2_humble/install/rqt:/home/qiguanxiao/ros2_humble/install/rqt_graph:/home/qiguanxiao/ros2_humble/install/rqt_gui_py:/home/qiguanxiao/ros2_humble/install/rqt_gui:/home/qiguanxiao/ros2_humble/install/ros2trace:/home/qiguanxiao/ros2_humble/install/ros2topic:/home/qiguanxiao/ros2_humble/install/ros2test:/home/qiguanxiao/ros2_humble/install/ros2component:/home/qiguanxiao/ros2_humble/install/ros2param:/home/qiguanxiao/ros2_humble/install/ros2lifecycle:/home/qiguanxiao/ros2_humble/install/ros2service:/home/qiguanxiao/ros2_humble/install/ros2run:/home/qiguanxiao/ros2_humble/install/ros2launch:/home/qiguanxiao/ros2_humble/install/ros2pkg:/home/qiguanxiao/ros2_humble/install/ros2node:/home/qiguanxiao/ros2_humble/install/ros2multicast:/home/qiguanxiao/ros2_humble/install/ros2interface:/home/qiguanxiao/ros2_humble/install/ros2doctor:/home/qiguanxiao/ros2_humble/install/ros2action:/home/qiguanxiao/ros2_humble/install/ros2cli:/home/qiguanxiao/ros2_humble/install/quality_of_service_demo_py:/home/qiguanxiao/ros2_humble/install/lifecycle_py:/home/qiguanxiao/ros2_humble/install/launch_testing_ros:/home/qiguanxiao/ros2_humble/install/launch_ros:/home/qiguanxiao/ros2_humble/install/examples_rclpy_pointcloud_publisher:/home/qiguanxiao/ros2_humble/install/examples_rclpy_minimal_subscriber:/home/qiguanxiao/ros2_humble/install/examples_rclpy_minimal_service:/home/qiguanxiao/ros2_humble/install/examples_rclpy_minimal_publisher:/home/qiguanxiao/ros2_humble/install/examples_rclpy_minimal_client:/home/qiguanxiao/ros2_humble/install/examples_rclpy_minimal_action_server:/home/qiguanxiao/ros2_humble/install/examples_rclpy_minimal_action_client:/home/qiguanxiao/ros2_humble/install/examples_rclpy_guard_conditions:/home/qiguanxiao/ros2_humble/install/examples_rclpy_executors:/home/qiguanxiao/ros2_humble/install/demo_nodes_py:/home/qiguanxiao/ros2_humble/install/camera_info_manager_py:/home/qiguanxiao/ros2_humble/install/action_tutorials_py:/home/qiguanxiao/ros2_humble/install/ament_uncrustify:/home/qiguanxiao/ros2_humble/install/tracetools_trace:/home/qiguanxiao/ros2_humble/install/tracetools_read:/home/qiguanxiao/ros2_humble/install/test_tracetools_launch:/home/qiguanxiao/ros2_humble/install/test_launch_ros:/home/qiguanxiao/ros2_humble/install/sensor_msgs_py:/home/qiguanxiao/ros2_humble/install/rpyutils:/home/qiguanxiao/ros2_humble/install/rosidl_runtime_py:/home/qiguanxiao/ros2_humble/install/rosidl_cli:/home/qiguanxiao/ros2_humble/install/launch_pytest:/home/qiguanxiao/ros2_humble/install/launch_testing:/home/qiguanxiao/ros2_humble/install/launch_yaml:/home/qiguanxiao/ros2_humble/install/launch_xml:/home/qiguanxiao/ros2_humble/install/launch:/home/qiguanxiao/ros2_humble/install/osrf_pycommon:/home/qiguanxiao/ros2_humble/install/domain_coordinator:/home/qiguanxiao/ros2_humble/install/ament_xmllint:/home/qiguanxiao/ros2_humble/install/ament_pyflakes:/home/qiguanxiao/ros2_humble/install/ament_pycodestyle:/home/qiguanxiao/ros2_humble/install/ament_pep257:/home/qiguanxiao/ros2_humble/install/ament_pclint:/home/qiguanxiao/ros2_humble/install/ament_package:/home/qiguanxiao/ros2_humble/install/ament_mypy:/home/qiguanxiao/ros2_humble/install/ament_lint_cmake:/home/qiguanxiao/ros2_humble/install/ament_flake8:/home/qiguanxiao/ros2_humble/install/ament_copyright:/home/qiguanxiao/ros2_humble/install/ament_lint:/home/qiguanxiao/ros2_humble/install/ament_index_python:/home/qiguanxiao/ros2_humble/install/ament_cpplint:/home/qiguanxiao/ros2_humble/install/ament_cppcheck:/home/qiguanxiao/ros2_humble/install/ament_clang_tidy:/home/qiguanxiao/ros2_humble/install/ament_clang_format LD_LIBRARY_PATH=/home/qiguanxiao/ws/ws_stcamera_ros2/install/stcamera_msgs/lib:${LD_LIBRARY_PATH} PYTHONPATH=/home/qiguanxiao/ws/ws_stcamera_ros2/install/stcamera_msgs/local/lib/python3.10/dist-packages:${PYTHONPATH} /usr/bin/cmake --build /home/qiguanxiao/ws/ws_stcamera_ros2/build/stcamera_components -- -j24 -l24
[12.850s] Level 1:colcon.colcon_core.environment:create_environment_scripts_only(stcamera_components)
[12.850s] Level 1:colcon.colcon_core.environment:checking '/home/qiguanxiao/ws/ws_stcamera_ros2/install/stcamera_components' for CMake module files
[12.851s] Level 1:colcon.colcon_core.environment:checking '/home/qiguanxiao/ws/ws_stcamera_ros2/install/stcamera_components' for CMake config files
[12.851s] Level 1:colcon.colcon_core.environment:checking '/home/qiguanxiao/ws/ws_stcamera_ros2/install/stcamera_components/bin'
[12.851s] Level 1:colcon.colcon_core.environment:checking '/home/qiguanxiao/ws/ws_stcamera_ros2/install/stcamera_components/lib/pkgconfig/stcamera_components.pc'
[12.851s] Level 1:colcon.colcon_core.environment:checking '/home/qiguanxiao/ws/ws_stcamera_ros2/install/stcamera_components/lib/python3.10/site-packages'
[12.851s] Level 1:colcon.colcon_core.environment:checking '/home/qiguanxiao/ws/ws_stcamera_ros2/install/stcamera_components/bin'
[12.851s] INFO:colcon.colcon_core.shell:Creating package script '/home/qiguanxiao/ws/ws_stcamera_ros2/install/stcamera_components/share/stcamera_components/package.ps1'
[12.852s] INFO:colcon.colcon_core.shell:Creating package descriptor '/home/qiguanxiao/ws/ws_stcamera_ros2/install/stcamera_components/share/stcamera_components/package.dsv'
[12.852s] INFO:colcon.colcon_core.shell:Creating package script '/home/qiguanxiao/ws/ws_stcamera_ros2/install/stcamera_components/share/stcamera_components/package.sh'
[12.852s] INFO:colcon.colcon_core.shell:Creating package script '/home/qiguanxiao/ws/ws_stcamera_ros2/install/stcamera_components/share/stcamera_components/package.bash'
[12.852s] INFO:colcon.colcon_core.shell:Creating package script '/home/qiguanxiao/ws/ws_stcamera_ros2/install/stcamera_components/share/stcamera_components/package.zsh'
[12.853s] Level 1:colcon.colcon_core.environment:create_file_with_runtime_dependencies(/home/qiguanxiao/ws/ws_stcamera_ros2/install/stcamera_components/share/colcon-core/packages/stcamera_components)
[12.864s] DEBUG:colcon.colcon_parallel_executor.executor.parallel:closing loop
[12.864s] DEBUG:colcon.colcon_parallel_executor.executor.parallel:loop closed
[12.864s] DEBUG:colcon.colcon_parallel_executor.executor.parallel:run_until_complete finished with '2'
[12.864s] DEBUG:colcon.colcon_core.event_reactor:joining thread
[12.869s] INFO:colcon.colcon_core.plugin_system:Skipping extension 'colcon_notification.desktop_notification.terminal_notifier': Not used on non-Darwin systems
[12.870s] INFO:colcon.colcon_core.plugin_system:Skipping extension 'colcon_notification.desktop_notification.win32': Not used on non-Windows systems
[12.870s] INFO:colcon.colcon_notification.desktop_notification:Sending desktop notification using 'notify2'
[12.877s] DEBUG:colcon.colcon_core.event_reactor:joined thread
[12.878s] INFO:colcon.colcon_core.shell:Creating prefix script '/home/qiguanxiao/ws/ws_stcamera_ros2/install/local_setup.ps1'
[12.880s] INFO:colcon.colcon_core.shell:Creating prefix util module '/home/qiguanxiao/ws/ws_stcamera_ros2/install/_local_setup_util_ps1.py'
[12.881s] INFO:colcon.colcon_core.shell:Creating prefix chain script '/home/qiguanxiao/ws/ws_stcamera_ros2/install/setup.ps1'
[12.886s] INFO:colcon.colcon_core.shell:Creating prefix script '/home/qiguanxiao/ws/ws_stcamera_ros2/install/local_setup.sh'
[12.887s] INFO:colcon.colcon_core.shell:Creating prefix util module '/home/qiguanxiao/ws/ws_stcamera_ros2/install/_local_setup_util_sh.py'
[12.888s] INFO:colcon.colcon_core.shell:Creating prefix chain script '/home/qiguanxiao/ws/ws_stcamera_ros2/install/setup.sh'
[12.893s] INFO:colcon.colcon_core.shell:Creating prefix script '/home/qiguanxiao/ws/ws_stcamera_ros2/install/local_setup.bash'
[12.894s] INFO:colcon.colcon_core.shell:Creating prefix chain script '/home/qiguanxiao/ws/ws_stcamera_ros2/install/setup.bash'
[12.899s] INFO:colcon.colcon_core.shell:Creating prefix script '/home/qiguanxiao/ws/ws_stcamera_ros2/install/local_setup.zsh'
[12.899s] INFO:colcon.colcon_core.shell:Creating prefix chain script '/home/qiguanxiao/ws/ws_stcamera_ros2/install/setup.zsh'
