-- Found moveit_common: 2.5.9 (/home/qiguanxiao/ws/ws_moveit2/install/moveit_common/share/moveit_common/cmake)
-- Found ament_cmake: 1.3.11 (/home/qiguanxiao/ros2_humble/install/ament_cmake/share/ament_cmake/cmake)
-- Found rclcpp: 16.0.12 (/home/qiguanxiao/ros2_humble/install/rclcpp/share/rclcpp/cmake)
-- Found rosidl_generator_c: 3.1.6 (/home/qiguanxiao/ros2_humble/install/rosidl_generator_c/share/rosidl_generator_c/cmake)
-- Found rosidl_adapter: 3.1.6 (/home/qiguanxiao/ros2_humble/install/rosidl_adapter/share/rosidl_adapter/cmake)
-- Found rosidl_generator_cpp: 3.1.6 (/home/qiguanxiao/ros2_humble/install/rosidl_generator_cpp/share/rosidl_generator_cpp/cmake)
-- Using all available rosidl_typesupport_c: rosidl_typesupport_introspection_c;rosidl_typesupport_fastrtps_c
-- Using all available rosidl_typesupport_cpp: rosidl_typesupport_introspection_cpp;rosidl_typesupport_fastrtps_cpp
-- Found rmw_implementation_cmake: 6.1.2 (/home/qiguanxiao/ros2_humble/install/rmw_implementation_cmake/share/rmw_implementation_cmake/cmake)
-- Found rmw_fastrtps_cpp: 6.2.7 (/home/qiguanxiao/ros2_humble/install/rmw_fastrtps_cpp/share/rmw_fastrtps_cpp/cmake)
-- Using RMW implementation 'rmw_fastrtps_cpp' as default
-- Found moveit_core: 2.5.9 (/home/qiguanxiao/ws/ws_moveit2/install/moveit_core/share/moveit_core/cmake)
-- Found Boost: /usr/lib/x86_64-linux-gnu/cmake/Boost-1.74.0/BoostConfig.cmake (found version "1.74.0") found components: chrono date_time filesystem iostreams program_options regex serialization system thread 
-- Found parameter_traits: 0.5.0 (/home/qiguanxiao/ws/ws_generate_parameter_library/install/parameter_traits/share/parameter_traits/cmake)
-- Found rclcpp_lifecycle: 16.0.12 (/home/qiguanxiao/ros2_humble/install/rclcpp_lifecycle/share/rclcpp_lifecycle/cmake)
-- Found Boost: /usr/lib/x86_64-linux-gnu/cmake/Boost-1.74.0/BoostConfig.cmake (found version "1.74.0") found components: filesystem 
-- library: /usr/lib/x86_64-linux-gnu/libcurl.so
-- Ensuring Eigen3 include directory is part of orocos-kdl CMake target
-- Found warehouse_ros: 2.0.5 (/home/qiguanxiao/ws/dependencies/warehouse_ros/install/warehouse_ros/share/warehouse_ros/cmake)
-- Found moveit_ros_planning: 2.5.9 (/home/qiguanxiao/ws/ws_moveit2/install/moveit_ros_planning/share/moveit_ros_planning/cmake)
-- Found Boost: /usr/lib/x86_64-linux-gnu/cmake/Boost-1.74.0/BoostConfig.cmake (found version "1.74.0") found components: system filesystem date_time program_options thread chrono 
-- Found Boost: /usr/lib/x86_64-linux-gnu/cmake/Boost-1.74.0/BoostConfig.cmake (found version "1.74.0") found components: thread system filesystem regex date_time program_options 
-- Found ament_lint_auto: 0.12.12 (/home/qiguanxiao/ros2_humble/install/ament_lint_auto/share/ament_lint_auto/cmake)
-- Added test 'cppcheck' to perform static code analysis on C / C++ code
-- Configured cppcheck include dirs: /home/qiguanxiao/ws/ws_moveit2/src/moveit2/moveit_ros/warehouse/include
-- Configured cppcheck exclude dirs and/or files: 
-- Added test 'lint_cmake' to check CMake code style
-- Added test 'pep257' to check Python code against some of the docstring style conventions in PEP 257
-- Added test 'xmllint' to check XML markup files
-- Configuring done
-- Generating done
-- Build files have been written to: /home/qiguanxiao/ws/ws_moveit2/build/moveit_ros_warehouse
[35m[1mConsolidate compiler generated dependencies of target moveit_warehouse[0m
[ 15%] [32mBuilding CXX object CMakeFiles/moveit_warehouse.dir/src/moveit_message_storage.cpp.o[0m
[ 15%] [32mBuilding CXX object CMakeFiles/moveit_warehouse.dir/src/planning_scene_storage.cpp.o[0m
[ 15%] [32mBuilding CXX object CMakeFiles/moveit_warehouse.dir/src/state_storage.cpp.o[0m
[ 20%] [32mBuilding CXX object CMakeFiles/moveit_warehouse.dir/src/warehouse_connector.cpp.o[0m
[ 25%] [32mBuilding CXX object CMakeFiles/moveit_warehouse.dir/src/trajectory_constraints_storage.cpp.o[0m
[ 30%] [32mBuilding CXX object CMakeFiles/moveit_warehouse.dir/src/planning_scene_world_storage.cpp.o[0m
[ 35%] [32mBuilding CXX object CMakeFiles/moveit_warehouse.dir/src/constraints_storage.cpp.o[0m
[ 40%] [32m[1mLinking CXX shared library libmoveit_warehouse.so[0m
[ 40%] Built target moveit_warehouse
[35m[1mConsolidate compiler generated dependencies of target moveit_warehouse_broadcast[0m
[35m[1mConsolidate compiler generated dependencies of target moveit_save_to_warehouse[0m
[35m[1mConsolidate compiler generated dependencies of target moveit_init_demo_warehouse[0m
[35m[1mConsolidate compiler generated dependencies of target moveit_warehouse_import_from_text[0m
[35m[1mConsolidate compiler generated dependencies of target moveit_warehouse_services[0m
[35m[1mConsolidate compiler generated dependencies of target moveit_warehouse_save_as_text[0m
[ 45%] [32mBuilding CXX object CMakeFiles/moveit_save_to_warehouse.dir/src/save_to_warehouse.cpp.o[0m
[ 50%] [32mBuilding CXX object CMakeFiles/moveit_warehouse_broadcast.dir/src/broadcast.cpp.o[0m
[ 55%] [32mBuilding CXX object CMakeFiles/moveit_warehouse_services.dir/src/warehouse_services.cpp.o[0m
[ 60%] [32mBuilding CXX object CMakeFiles/moveit_init_demo_warehouse.dir/src/initialize_demo_db.cpp.o[0m
[ 65%] [32mBuilding CXX object CMakeFiles/moveit_warehouse_import_from_text.dir/src/import_from_text.cpp.o[0m
[ 70%] [32mBuilding CXX object CMakeFiles/moveit_warehouse_save_as_text.dir/src/save_as_text.cpp.o[0m
[ 75%] [32m[1mLinking CXX executable moveit_warehouse_services[0m
[ 75%] Built target moveit_warehouse_services
[ 80%] [32m[1mLinking CXX executable moveit_warehouse_save_as_text[0m
[ 85%] [32m[1mLinking CXX executable moveit_warehouse_broadcast[0m
[ 90%] [32m[1mLinking CXX executable moveit_init_demo_warehouse[0m
[ 90%] Built target moveit_warehouse_broadcast
[ 90%] Built target moveit_warehouse_save_as_text
[ 95%] [32m[1mLinking CXX executable moveit_warehouse_import_from_text[0m
[ 95%] Built target moveit_init_demo_warehouse
[ 95%] Built target moveit_warehouse_import_from_text
[100%] [32m[1mLinking CXX executable moveit_save_to_warehouse[0m
[100%] Built target moveit_save_to_warehouse
-- Install configuration: "Release"
-- Installing: /home/qiguanxiao/ws/ws_moveit2/install/moveit_ros_warehouse/lib/moveit_ros_warehouse/moveit_save_to_warehouse
-- Set runtime path of "/home/qiguanxiao/ws/ws_moveit2/install/moveit_ros_warehouse/lib/moveit_ros_warehouse/moveit_save_to_warehouse" to ""
-- Installing: /home/qiguanxiao/ws/ws_moveit2/install/moveit_ros_warehouse/lib/moveit_ros_warehouse/moveit_warehouse_broadcast
-- Set runtime path of "/home/qiguanxiao/ws/ws_moveit2/install/moveit_ros_warehouse/lib/moveit_ros_warehouse/moveit_warehouse_broadcast" to ""
-- Installing: /home/qiguanxiao/ws/ws_moveit2/install/moveit_ros_warehouse/lib/moveit_ros_warehouse/moveit_warehouse_import_from_text
-- Set runtime path of "/home/qiguanxiao/ws/ws_moveit2/install/moveit_ros_warehouse/lib/moveit_ros_warehouse/moveit_warehouse_import_from_text" to ""
-- Installing: /home/qiguanxiao/ws/ws_moveit2/install/moveit_ros_warehouse/lib/moveit_ros_warehouse/moveit_warehouse_save_as_text
-- Set runtime path of "/home/qiguanxiao/ws/ws_moveit2/install/moveit_ros_warehouse/lib/moveit_ros_warehouse/moveit_warehouse_save_as_text" to ""
-- Installing: /home/qiguanxiao/ws/ws_moveit2/install/moveit_ros_warehouse/lib/moveit_ros_warehouse/moveit_init_demo_warehouse
-- Set runtime path of "/home/qiguanxiao/ws/ws_moveit2/install/moveit_ros_warehouse/lib/moveit_ros_warehouse/moveit_init_demo_warehouse" to ""
-- Installing: /home/qiguanxiao/ws/ws_moveit2/install/moveit_ros_warehouse/lib/moveit_ros_warehouse/moveit_warehouse_services
-- Set runtime path of "/home/qiguanxiao/ws/ws_moveit2/install/moveit_ros_warehouse/lib/moveit_ros_warehouse/moveit_warehouse_services" to ""
-- Up-to-date: /home/qiguanxiao/ws/ws_moveit2/install/moveit_ros_warehouse/include
-- Up-to-date: /home/qiguanxiao/ws/ws_moveit2/install/moveit_ros_warehouse/include/moveit
-- Up-to-date: /home/qiguanxiao/ws/ws_moveit2/install/moveit_ros_warehouse/include/moveit/warehouse
-- Up-to-date: /home/qiguanxiao/ws/ws_moveit2/install/moveit_ros_warehouse/include/moveit/warehouse/warehouse_connector.h
-- Up-to-date: /home/qiguanxiao/ws/ws_moveit2/install/moveit_ros_warehouse/include/moveit/warehouse/constraints_storage.h
-- Up-to-date: /home/qiguanxiao/ws/ws_moveit2/install/moveit_ros_warehouse/include/moveit/warehouse/planning_scene_world_storage.h
-- Up-to-date: /home/qiguanxiao/ws/ws_moveit2/install/moveit_ros_warehouse/include/moveit/warehouse/state_storage.h
-- Up-to-date: /home/qiguanxiao/ws/ws_moveit2/install/moveit_ros_warehouse/include/moveit/warehouse/moveit_message_storage.h
-- Up-to-date: /home/qiguanxiao/ws/ws_moveit2/install/moveit_ros_warehouse/include/moveit/warehouse/trajectory_constraints_storage.h
-- Up-to-date: /home/qiguanxiao/ws/ws_moveit2/install/moveit_ros_warehouse/include/moveit/warehouse/planning_scene_storage.h
-- Up-to-date: /home/qiguanxiao/ws/ws_moveit2/install/moveit_ros_warehouse/include/moveit_warehouse_export.h
-- Installing: /home/qiguanxiao/ws/ws_moveit2/install/moveit_ros_warehouse/lib/libmoveit_warehouse.so.2.5.9
-- Set runtime path of "/home/qiguanxiao/ws/ws_moveit2/install/moveit_ros_warehouse/lib/libmoveit_warehouse.so.2.5.9" to ""
-- Up-to-date: /home/qiguanxiao/ws/ws_moveit2/install/moveit_ros_warehouse/lib/libmoveit_warehouse.so
-- Up-to-date: /home/qiguanxiao/ws/ws_moveit2/install/moveit_ros_warehouse/share/moveit_ros_warehouse/environment/library_path.sh
-- Installing: /home/qiguanxiao/ws/ws_moveit2/install/moveit_ros_warehouse/share/moveit_ros_warehouse/environment/library_path.dsv
-- Up-to-date: /home/qiguanxiao/ws/ws_moveit2/install/moveit_ros_warehouse/share/ament_index/resource_index/package_run_dependencies/moveit_ros_warehouse
-- Installing: /home/qiguanxiao/ws/ws_moveit2/install/moveit_ros_warehouse/share/ament_index/resource_index/parent_prefix_path/moveit_ros_warehouse
-- Up-to-date: /home/qiguanxiao/ws/ws_moveit2/install/moveit_ros_warehouse/share/moveit_ros_warehouse/environment/ament_prefix_path.sh
-- Installing: /home/qiguanxiao/ws/ws_moveit2/install/moveit_ros_warehouse/share/moveit_ros_warehouse/environment/ament_prefix_path.dsv
-- Up-to-date: /home/qiguanxiao/ws/ws_moveit2/install/moveit_ros_warehouse/share/moveit_ros_warehouse/environment/path.sh
-- Installing: /home/qiguanxiao/ws/ws_moveit2/install/moveit_ros_warehouse/share/moveit_ros_warehouse/environment/path.dsv
-- Up-to-date: /home/qiguanxiao/ws/ws_moveit2/install/moveit_ros_warehouse/share/moveit_ros_warehouse/local_setup.bash
-- Up-to-date: /home/qiguanxiao/ws/ws_moveit2/install/moveit_ros_warehouse/share/moveit_ros_warehouse/local_setup.sh
-- Up-to-date: /home/qiguanxiao/ws/ws_moveit2/install/moveit_ros_warehouse/share/moveit_ros_warehouse/local_setup.zsh
-- Installing: /home/qiguanxiao/ws/ws_moveit2/install/moveit_ros_warehouse/share/moveit_ros_warehouse/local_setup.dsv
-- Installing: /home/qiguanxiao/ws/ws_moveit2/install/moveit_ros_warehouse/share/moveit_ros_warehouse/package.dsv
-- Up-to-date: /home/qiguanxiao/ws/ws_moveit2/install/moveit_ros_warehouse/share/ament_index/resource_index/packages/moveit_ros_warehouse
-- Up-to-date: /home/qiguanxiao/ws/ws_moveit2/install/moveit_ros_warehouse/share/moveit_ros_warehouse/cmake/export_moveit_ros_warehouseExport.cmake
-- Up-to-date: /home/qiguanxiao/ws/ws_moveit2/install/moveit_ros_warehouse/share/moveit_ros_warehouse/cmake/export_moveit_ros_warehouseExport-release.cmake
-- Up-to-date: /home/qiguanxiao/ws/ws_moveit2/install/moveit_ros_warehouse/share/moveit_ros_warehouse/cmake/ConfigExtras.cmake
-- Up-to-date: /home/qiguanxiao/ws/ws_moveit2/install/moveit_ros_warehouse/share/moveit_ros_warehouse/cmake/ament_cmake_export_targets-extras.cmake
-- Up-to-date: /home/qiguanxiao/ws/ws_moveit2/install/moveit_ros_warehouse/share/moveit_ros_warehouse/cmake/ament_cmake_export_dependencies-extras.cmake
-- Up-to-date: /home/qiguanxiao/ws/ws_moveit2/install/moveit_ros_warehouse/share/moveit_ros_warehouse/cmake/moveit_ros_warehouseConfig.cmake
-- Up-to-date: /home/qiguanxiao/ws/ws_moveit2/install/moveit_ros_warehouse/share/moveit_ros_warehouse/cmake/moveit_ros_warehouseConfig-version.cmake
-- Up-to-date: /home/qiguanxiao/ws/ws_moveit2/install/moveit_ros_warehouse/share/moveit_ros_warehouse/package.xml
