-- The C compiler identification is GNU 11.4.0
-- The CXX compiler identification is GNU 11.4.0
-- Detecting C compiler ABI info
-- Detecting C compiler ABI info - done
-- Check for working C compiler: /usr/bin/cc - skipped
-- Detecting C compile features
-- Detecting C compile features - done
-- Detecting CXX compiler ABI info
-- Detecting CXX compiler ABI info - done
-- Check for working CXX compiler: /usr/bin/c++ - skipped
-- Detecting CXX compile features
-- Detecting CXX compile features - done
-- Found ament_cmake: 1.3.11 (/home/qiguanxiao/ros2_humble/install/ament_cmake/share/ament_cmake/cmake)
-- Found Python3: /usr/bin/python3 (found version "3.10.12") found components: Interpreter 
-- Found builtin_interfaces: 1.2.1 (/home/qiguanxiao/ros2_humble/install/builtin_interfaces/share/builtin_interfaces/cmake)
-- Found rosidl_generator_c: 3.1.6 (/home/qiguanxiao/ros2_humble/install/rosidl_generator_c/share/rosidl_generator_c/cmake)
-- Found rosidl_adapter: 3.1.6 (/home/qiguanxiao/ros2_humble/install/rosidl_adapter/share/rosidl_adapter/cmake)
-- Found rosidl_generator_cpp: 3.1.6 (/home/qiguanxiao/ros2_humble/install/rosidl_generator_cpp/share/rosidl_generator_cpp/cmake)
-- Using all available rosidl_typesupport_c: rosidl_typesupport_introspection_c;rosidl_typesupport_fastrtps_c
-- Using all available rosidl_typesupport_cpp: rosidl_typesupport_introspection_cpp;rosidl_typesupport_fastrtps_cpp
-- Found control_msgs: 4.7.0 (/home/qiguanxiao/ws/dependencies/control_msgs/install/control_msgs/share/control_msgs/cmake)
-- Found controller_interface: 2.47.0 (/home/qiguanxiao/ws/ws_ros2_control/install/controller_interface/share/controller_interface/cmake)
-- Found rmw_implementation_cmake: 6.1.2 (/home/qiguanxiao/ros2_humble/install/rmw_implementation_cmake/share/rmw_implementation_cmake/cmake)
-- Found rmw_fastrtps_cpp: 6.2.7 (/home/qiguanxiao/ros2_humble/install/rmw_fastrtps_cpp/share/rmw_fastrtps_cpp/cmake)
-- Found TinyXML2 via Config file: TinyXML2_DIR-NOTFOUND
-- Found OpenSSL: /usr/lib/x86_64-linux-gnu/libcrypto.so (found version "3.0.2")  
-- Found TinyXML2 via Config file: TinyXML2_DIR-NOTFOUND
-- Found FastRTPS: /home/qiguanxiao/ros2_humble/install/fastrtps/include  
-- Found TinyXML2 via Config file: TinyXML2_DIR-NOTFOUND
-- Found TinyXML2 via Config file: TinyXML2_DIR-NOTFOUND
-- Using RMW implementation 'rmw_fastrtps_cpp' as default
-- Looking for pthread.h
-- Looking for pthread.h - found
-- Performing Test CMAKE_HAVE_LIBC_PTHREAD
-- Performing Test CMAKE_HAVE_LIBC_PTHREAD - Success
-- Found Threads: TRUE  
-- Found controller_manager: 2.47.0 (/home/qiguanxiao/ws/ws_ros2_control/install/controller_manager/share/controller_manager/cmake)
-- Found franka_msgs: 1.0.0 (/home/qiguanxiao/ws/ws_franka_ros2/install/franka_msgs/share/franka_msgs/cmake)
-- Found franka_semantic_components: 1.0.0 (/home/qiguanxiao/ws/ws_franka_ros2/install/franka_semantic_components/share/franka_semantic_components/cmake)
-- Found generate_parameter_library: 0.4.0 (/home/qiguanxiao/ws/ws_generate_parameter_library/install/generate_parameter_library/share/generate_parameter_library/cmake)
-- Found parameter_traits: 0.4.0 (/home/qiguanxiao/ws/ws_generate_parameter_library/install/parameter_traits/share/parameter_traits/cmake)
-- Found visualization_msgs: 4.8.0 (/home/qiguanxiao/ros2_humble/install/visualization_msgs/share/visualization_msgs/cmake)
-- Found ament_cmake_gmock: 1.3.11 (/home/qiguanxiao/ros2_humble/install/ament_cmake_gmock/share/ament_cmake_gmock/cmake)
-- Found ament_cmake_clang_format: 0.12.12 (/home/qiguanxiao/ros2_humble/install/ament_cmake_clang_format/share/ament_cmake_clang_format/cmake)
-- Found ament_cmake_copyright: 0.12.12 (/home/qiguanxiao/ros2_humble/install/ament_cmake_copyright/share/ament_cmake_copyright/cmake)
-- Found ament_cmake_cppcheck: 0.12.12 (/home/qiguanxiao/ros2_humble/install/ament_cmake_cppcheck/share/ament_cmake_cppcheck/cmake)
-- Found ament_cmake_flake8: 0.12.12 (/home/qiguanxiao/ros2_humble/install/ament_cmake_flake8/share/ament_cmake_flake8/cmake)
-- Found ament_cmake_lint_cmake: 0.12.12 (/home/qiguanxiao/ros2_humble/install/ament_cmake_lint_cmake/share/ament_cmake_lint_cmake/cmake)
-- Found ament_cmake_pep257: 0.12.12 (/home/qiguanxiao/ros2_humble/install/ament_cmake_pep257/share/ament_cmake_pep257/cmake)
-- Found ament_cmake_xmllint: 0.12.12 (/home/qiguanxiao/ros2_humble/install/ament_cmake_xmllint/share/ament_cmake_xmllint/cmake)
-- Found ros2_control_test_assets: 2.47.0 (/home/qiguanxiao/ws/ws_ros2_control/install/ros2_control_test_assets/share/ros2_control_test_assets/cmake)
-- Found gmock sources under '/home/qiguanxiao/ros2_humble/install/gmock_vendor/src/gmock_vendor': C++ tests using 'Google Mock' will be built
-- Found ament_cmake_gtest: 1.3.11 (/home/qiguanxiao/ros2_humble/install/ament_cmake_gtest/share/ament_cmake_gtest/cmake)
-- Found gtest sources under '/home/qiguanxiao/ros2_humble/install/gtest_vendor/src/gtest_vendor': C++ tests using 'Google Test' will be built
-- Found gmock sources under '/home/qiguanxiao/ros2_humble/install/gmock_vendor/src/gmock_vendor': C++ tests using 'Google Mock' will be built
-- Found ament_cmake_gtest: 1.3.11 (/home/qiguanxiao/ros2_humble/install/ament_cmake_gtest/share/ament_cmake_gtest/cmake)
-- Found gtest sources under '/home/qiguanxiao/ros2_humble/install/gtest_vendor/src/gtest_vendor': C++ tests using 'Google Test' will be built
-- Configuring done
-- Generating done
-- Build files have been written to: /home/qiguanxiao/ws/ws_franka_ros2/build/franka_robot_state_broadcaster
[ 30%] [34m[1mRunning `/home/qiguanxiao/ws/ws_generate_parameter_library/install/generate_parameter_library_py/bin/generate_parameter_library_cpp /home/qiguanxiao/ws/ws_franka_ros2/build/franka_robot_state_broadcaster/include/franka_robot_state_broadcaster/franka_robot_state_broadcaster_parameters.hpp /home/qiguanxiao/ws/ws_franka_ros2/src/franka_ros2/franka_robot_state_broadcaster/src/franka_robot_state_broadcaster_parameters.yaml `[0m
[ 30%] [32mBuilding CXX object gmock/CMakeFiles/gmock_main.dir/src/gmock_main.cc.o[0m
[ 30%] [32mBuilding CXX object gmock/CMakeFiles/gmock.dir/home/qiguanxiao/ros2_humble/install/gtest_vendor/src/gtest_vendor/src/gtest-all.cc.o[0m
[ 30%] [32mBuilding CXX object gmock/CMakeFiles/gmock.dir/src/gmock-all.cc.o[0m
[ 38%] [34m[1mCreating deprecated header file /home/qiguanxiao/ws/ws_franka_ros2/build/franka_robot_state_broadcaster/include/franka_robot_state_broadcaster_parameters.hpp[0m
[ 38%] Built target franka_robot_state_broadcaster_parameters
[ 46%] [32mBuilding CXX object CMakeFiles/franka_robot_state_broadcaster.dir/src/franka_robot_state_broadcaster.cpp.o[0m
[ 53%] [32m[1mLinking CXX static library libgmock_main.a[0m
[ 53%] Built target gmock_main
[ 61%] [32m[1mLinking CXX static library libgmock.a[0m
[ 61%] Built target gmock
[ 69%] [32m[1mLinking CXX shared library libfranka_robot_state_broadcaster.so[0m
[ 69%] Built target franka_robot_state_broadcaster
[ 76%] [32mBuilding CXX object CMakeFiles/test_load_franka_robot_state_broadcaster.dir/test/test_load_franka_robot_state_broadcaster.cpp.o[0m
[ 84%] [32mBuilding CXX object CMakeFiles/franka_robot_state_broadcaster_test.dir/test/test_franka_robot_state_broadcaster.cpp.o[0m
[ 92%] [32m[1mLinking CXX executable test_load_franka_robot_state_broadcaster[0m
[ 92%] Built target test_load_franka_robot_state_broadcaster
