[35m[1mConsolidate compiler generated dependencies of target gmock_main[0m
[35m[1mConsolidate compiler generated dependencies of target gmock[0m
[35m[1mConsolidate compiler generated dependencies of target franka_example_controllers[0m
[ 10%] Built target gmock_main
[ 17%] Built target gmock
[ 71%] Built target franka_example_controllers
[35m[1mConsolidate compiler generated dependencies of target franka_example_controllers_test_load_move_to_start[0m
[35m[1mConsolidate compiler generated dependencies of target franka_example_controllers_test[0m
[35m[1mConsolidate compiler generated dependencies of target franka_example_controllers_gravity_test[0m
[35m[1mConsolidate compiler generated dependencies of target franka_example_controllers_move_to_start_test[0m
[ 78%] Built target franka_example_controllers_test
[ 85%] Built target franka_example_controllers_test_load_move_to_start
[100%] Built target franka_example_controllers_gravity_test
[100%] Built target franka_example_controllers_move_to_start_test
-- Install configuration: ""
-- Installing: /home/qiguanxiao/ws/ws_franka_ros2/install/franka_example_controllers/share/franka_example_controllers/franka_example_controllers.xml
-- Installing: /home/qiguanxiao/ws/ws_franka_ros2/install/franka_example_controllers/lib/libfranka_example_controllers.so
-- Set runtime path of "/home/qiguanxiao/ws/ws_franka_ros2/install/franka_example_controllers/lib/libfranka_example_controllers.so" to ""
-- Installing: /home/qiguanxiao/ws/ws_franka_ros2/install/franka_example_controllers/include
-- Installing: /home/qiguanxiao/ws/ws_franka_ros2/install/franka_example_controllers/include/franka_example_controllers
-- Installing: /home/qiguanxiao/ws/ws_franka_ros2/install/franka_example_controllers/include/franka_example_controllers/motion_generator.hpp
-- Installing: /home/qiguanxiao/ws/ws_franka_ros2/install/franka_example_controllers/include/franka_example_controllers/model_example_controller.hpp
-- Installing: /home/qiguanxiao/ws/ws_franka_ros2/install/franka_example_controllers/include/franka_example_controllers/cartesian_orientation_example_controller.hpp
-- Installing: /home/qiguanxiao/ws/ws_franka_ros2/install/franka_example_controllers/include/franka_example_controllers/joint_impedance_with_ik_example_controller.hpp
-- Installing: /home/qiguanxiao/ws/ws_franka_ros2/install/franka_example_controllers/include/franka_example_controllers/cartesian_elbow_example_controller.hpp
-- Installing: /home/qiguanxiao/ws/ws_franka_ros2/install/franka_example_controllers/include/franka_example_controllers/cartesian_pose_example_controller.hpp
-- Installing: /home/qiguanxiao/ws/ws_franka_ros2/install/franka_example_controllers/include/franka_example_controllers/cartesian_velocity_example_controller.hpp
-- Installing: /home/qiguanxiao/ws/ws_franka_ros2/install/franka_example_controllers/include/franka_example_controllers/gripper_example_controller.hpp
-- Installing: /home/qiguanxiao/ws/ws_franka_ros2/install/franka_example_controllers/include/franka_example_controllers/move_to_start_example_controller.hpp
-- Installing: /home/qiguanxiao/ws/ws_franka_ros2/install/franka_example_controllers/include/franka_example_controllers/visibility_control.h
-- Installing: /home/qiguanxiao/ws/ws_franka_ros2/install/franka_example_controllers/include/franka_example_controllers/joint_impedance_example_controller.hpp
-- Installing: /home/qiguanxiao/ws/ws_franka_ros2/install/franka_example_controllers/include/franka_example_controllers/default_robot_behavior_utils.hpp
-- Installing: /home/qiguanxiao/ws/ws_franka_ros2/install/franka_example_controllers/include/franka_example_controllers/joint_position_example_controller.hpp
-- Installing: /home/qiguanxiao/ws/ws_franka_ros2/install/franka_example_controllers/include/franka_example_controllers/joint_velocity_example_controller.hpp
-- Installing: /home/qiguanxiao/ws/ws_franka_ros2/install/franka_example_controllers/include/franka_example_controllers/gravity_compensation_example_controller.hpp
-- Installing: /home/qiguanxiao/ws/ws_franka_ros2/install/franka_example_controllers/include/franka_example_controllers/elbow_example_controller.hpp
-- Installing: /home/qiguanxiao/ws/ws_franka_ros2/install/franka_example_controllers/include/franka_example_controllers/robot_utils.hpp
-- Installing: /home/qiguanxiao/ws/ws_franka_ros2/install/franka_example_controllers/share/franka_example_controllers/environment/library_path.sh
-- Installing: /home/qiguanxiao/ws/ws_franka_ros2/install/franka_example_controllers/share/franka_example_controllers/environment/library_path.dsv
-- Installing: /home/qiguanxiao/ws/ws_franka_ros2/install/franka_example_controllers/share/ament_index/resource_index/package_run_dependencies/franka_example_controllers
-- Installing: /home/qiguanxiao/ws/ws_franka_ros2/install/franka_example_controllers/share/ament_index/resource_index/parent_prefix_path/franka_example_controllers
-- Installing: /home/qiguanxiao/ws/ws_franka_ros2/install/franka_example_controllers/share/franka_example_controllers/environment/ament_prefix_path.sh
-- Installing: /home/qiguanxiao/ws/ws_franka_ros2/install/franka_example_controllers/share/franka_example_controllers/environment/ament_prefix_path.dsv
-- Installing: /home/qiguanxiao/ws/ws_franka_ros2/install/franka_example_controllers/share/franka_example_controllers/environment/path.sh
-- Installing: /home/qiguanxiao/ws/ws_franka_ros2/install/franka_example_controllers/share/franka_example_controllers/environment/path.dsv
-- Installing: /home/qiguanxiao/ws/ws_franka_ros2/install/franka_example_controllers/share/franka_example_controllers/local_setup.bash
-- Installing: /home/qiguanxiao/ws/ws_franka_ros2/install/franka_example_controllers/share/franka_example_controllers/local_setup.sh
-- Installing: /home/qiguanxiao/ws/ws_franka_ros2/install/franka_example_controllers/share/franka_example_controllers/local_setup.zsh
-- Installing: /home/qiguanxiao/ws/ws_franka_ros2/install/franka_example_controllers/share/franka_example_controllers/local_setup.dsv
-- Installing: /home/qiguanxiao/ws/ws_franka_ros2/install/franka_example_controllers/share/franka_example_controllers/package.dsv
-- Installing: /home/qiguanxiao/ws/ws_franka_ros2/install/franka_example_controllers/share/ament_index/resource_index/packages/franka_example_controllers
-- Installing: /home/qiguanxiao/ws/ws_franka_ros2/install/franka_example_controllers/share/ament_index/resource_index/controller_interface__pluginlib__plugin/franka_example_controllers
-- Installing: /home/qiguanxiao/ws/ws_franka_ros2/install/franka_example_controllers/share/franka_example_controllers/cmake/ament_cmake_export_include_directories-extras.cmake
-- Installing: /home/qiguanxiao/ws/ws_franka_ros2/install/franka_example_controllers/share/franka_example_controllers/cmake/ament_cmake_export_libraries-extras.cmake
-- Installing: /home/qiguanxiao/ws/ws_franka_ros2/install/franka_example_controllers/share/franka_example_controllers/cmake/ament_cmake_export_dependencies-extras.cmake
-- Installing: /home/qiguanxiao/ws/ws_franka_ros2/install/franka_example_controllers/share/franka_example_controllers/cmake/franka_example_controllersConfig.cmake
-- Installing: /home/qiguanxiao/ws/ws_franka_ros2/install/franka_example_controllers/share/franka_example_controllers/cmake/franka_example_controllersConfig-version.cmake
-- Installing: /home/qiguanxiao/ws/ws_franka_ros2/install/franka_example_controllers/share/franka_example_controllers/package.xml
