[1.343s] DEBUG:colcon:Command line arguments: ['/home/qiguanxiao/.local/bin/colcon', 'build']
[1.343s] DEBUG:colcon:Parsed command line arguments: Namespace(log_base=None, log_level=None, verb_name='build', build_base='build', install_base='install', merge_install=False, symlink_install=False, test_result_base=None, continue_on_error=False, executor='parallel', parallel_workers=24, event_handlers=None, ignore_user_meta=False, metas=['./colcon.meta'], base_paths=['.'], packages_ignore=None, packages_ignore_regex=None, paths=None, packages_up_to=None, packages_up_to_regex=None, packages_above=None, packages_above_and_dependencies=None, packages_above_depth=None, packages_select_by_dep=None, packages_skip_by_dep=None, packages_skip_up_to=None, packages_select_build_failed=False, packages_skip_build_finished=False, packages_select_test_failures=False, packages_skip_test_passed=False, packages_select=None, packages_skip=None, packages_select_regex=None, packages_skip_regex=None, packages_start=None, packages_end=None, allow_overriding=[], cmake_args=None, cmake_target=None, cmake_target_skip_unavailable=False, cmake_clean_cache=False, cmake_clean_first=False, cmake_force_configure=False, ament_cmake_args=None, catkin_cmake_args=None, catkin_skip_building_tests=False, verb_parser=<colcon_defaults.argument_parser.defaults.DefaultArgumentsDecorator object at 0x74f0ef9f6dd0>, verb_extension=<colcon_core.verb.build.BuildVerb object at 0x74f0ef9f6710>, main=<bound method BuildVerb.main of <colcon_core.verb.build.BuildVerb object at 0x74f0ef9f6710>>)
[1.470s] Level 1:colcon.colcon_core.package_discovery:discover_packages(colcon_meta) check parameters
[1.470s] Level 1:colcon.colcon_core.package_discovery:discover_packages(recursive) check parameters
[1.470s] Level 1:colcon.colcon_core.package_discovery:discover_packages(ignore) check parameters
[1.470s] Level 1:colcon.colcon_core.package_discovery:discover_packages(path) check parameters
[1.470s] Level 1:colcon.colcon_core.package_discovery:discover_packages(colcon_meta) discover
[1.471s] Level 1:colcon.colcon_core.package_discovery:discover_packages(recursive) discover
[1.471s] INFO:colcon.colcon_core.package_discovery:Crawling recursively for packages in '/home/qiguanxiao/ws/dependencies/libhri'
[1.471s] Level 1:colcon.colcon_core.package_identification:_identify(.) by extensions ['ignore', 'ignore_ament_install']
[1.471s] Level 1:colcon.colcon_core.package_identification:_identify(.) by extension 'ignore'
[1.471s] Level 1:colcon.colcon_core.package_identification:_identify(.) by extension 'ignore_ament_install'
[1.471s] Level 1:colcon.colcon_core.package_identification:_identify(.) by extensions ['colcon_pkg']
[1.471s] Level 1:colcon.colcon_core.package_identification:_identify(.) by extension 'colcon_pkg'
[1.471s] Level 1:colcon.colcon_core.package_identification:_identify(.) by extensions ['colcon_meta']
[1.471s] Level 1:colcon.colcon_core.package_identification:_identify(.) by extension 'colcon_meta'
[1.471s] Level 1:colcon.colcon_core.package_identification:_identify(.) by extensions ['ros']
[1.471s] Level 1:colcon.colcon_core.package_identification:_identify(.) by extension 'ros'
[1.620s] Level 1:colcon.colcon_core.package_identification:_identify(.) by extensions ['cmake', 'python']
[1.620s] Level 1:colcon.colcon_core.package_identification:_identify(.) by extension 'cmake'
[1.620s] Level 1:colcon.colcon_core.package_identification:_identify(.) by extension 'python'
[1.620s] Level 1:colcon.colcon_core.package_identification:_identify(.) by extensions ['python_setup_py']
[1.620s] Level 1:colcon.colcon_core.package_identification:_identify(.) by extension 'python_setup_py'
[1.620s] Level 1:colcon.colcon_core.package_identification:_identify(build) by extensions ['ignore', 'ignore_ament_install']
[1.620s] Level 1:colcon.colcon_core.package_identification:_identify(build) by extension 'ignore'
[1.620s] Level 1:colcon.colcon_core.package_identification:_identify(build) ignored
[1.620s] Level 1:colcon.colcon_core.package_identification:_identify(install) by extensions ['ignore', 'ignore_ament_install']
[1.620s] Level 1:colcon.colcon_core.package_identification:_identify(install) by extension 'ignore'
[1.620s] Level 1:colcon.colcon_core.package_identification:_identify(install) ignored
[1.620s] Level 1:colcon.colcon_core.package_identification:_identify(log) by extensions ['ignore', 'ignore_ament_install']
[1.620s] Level 1:colcon.colcon_core.package_identification:_identify(log) by extension 'ignore'
[1.620s] Level 1:colcon.colcon_core.package_identification:_identify(log) ignored
[1.620s] Level 1:colcon.colcon_core.package_identification:_identify(src) by extensions ['ignore', 'ignore_ament_install']
[1.620s] Level 1:colcon.colcon_core.package_identification:_identify(src) by extension 'ignore'
[1.620s] Level 1:colcon.colcon_core.package_identification:_identify(src) by extension 'ignore_ament_install'
[1.620s] Level 1:colcon.colcon_core.package_identification:_identify(src) by extensions ['colcon_pkg']
[1.620s] Level 1:colcon.colcon_core.package_identification:_identify(src) by extension 'colcon_pkg'
[1.620s] Level 1:colcon.colcon_core.package_identification:_identify(src) by extensions ['colcon_meta']
[1.620s] Level 1:colcon.colcon_core.package_identification:_identify(src) by extension 'colcon_meta'
[1.620s] Level 1:colcon.colcon_core.package_identification:_identify(src) by extensions ['ros']
[1.620s] Level 1:colcon.colcon_core.package_identification:_identify(src) by extension 'ros'
[1.620s] Level 1:colcon.colcon_core.package_identification:_identify(src) by extensions ['cmake', 'python']
[1.620s] Level 1:colcon.colcon_core.package_identification:_identify(src) by extension 'cmake'
[1.620s] Level 1:colcon.colcon_core.package_identification:_identify(src) by extension 'python'
[1.620s] Level 1:colcon.colcon_core.package_identification:_identify(src) by extensions ['python_setup_py']
[1.620s] Level 1:colcon.colcon_core.package_identification:_identify(src) by extension 'python_setup_py'
[1.621s] Level 1:colcon.colcon_core.package_identification:_identify(src/libhri) by extensions ['ignore', 'ignore_ament_install']
[1.621s] Level 1:colcon.colcon_core.package_identification:_identify(src/libhri) by extension 'ignore'
[1.621s] Level 1:colcon.colcon_core.package_identification:_identify(src/libhri) by extension 'ignore_ament_install'
[1.621s] Level 1:colcon.colcon_core.package_identification:_identify(src/libhri) by extensions ['colcon_pkg']
[1.621s] Level 1:colcon.colcon_core.package_identification:_identify(src/libhri) by extension 'colcon_pkg'
[1.621s] Level 1:colcon.colcon_core.package_identification:_identify(src/libhri) by extensions ['colcon_meta']
[1.621s] Level 1:colcon.colcon_core.package_identification:_identify(src/libhri) by extension 'colcon_meta'
[1.621s] Level 1:colcon.colcon_core.package_identification:_identify(src/libhri) by extensions ['ros']
[1.621s] Level 1:colcon.colcon_core.package_identification:_identify(src/libhri) by extension 'ros'
[1.621s] Level 1:colcon.colcon_core.package_identification:_identify(src/libhri) by extensions ['cmake', 'python']
[1.621s] Level 1:colcon.colcon_core.package_identification:_identify(src/libhri) by extension 'cmake'
[1.621s] Level 1:colcon.colcon_core.package_identification:_identify(src/libhri) by extension 'python'
[1.621s] Level 1:colcon.colcon_core.package_identification:_identify(src/libhri) by extensions ['python_setup_py']
[1.621s] Level 1:colcon.colcon_core.package_identification:_identify(src/libhri) by extension 'python_setup_py'
[1.621s] Level 1:colcon.colcon_core.package_identification:_identify(src/libhri/hri) by extensions ['ignore', 'ignore_ament_install']
[1.621s] Level 1:colcon.colcon_core.package_identification:_identify(src/libhri/hri) by extension 'ignore'
[1.621s] Level 1:colcon.colcon_core.package_identification:_identify(src/libhri/hri) by extension 'ignore_ament_install'
[1.621s] Level 1:colcon.colcon_core.package_identification:_identify(src/libhri/hri) by extensions ['colcon_pkg']
[1.621s] Level 1:colcon.colcon_core.package_identification:_identify(src/libhri/hri) by extension 'colcon_pkg'
[1.621s] Level 1:colcon.colcon_core.package_identification:_identify(src/libhri/hri) by extensions ['colcon_meta']
[1.621s] Level 1:colcon.colcon_core.package_identification:_identify(src/libhri/hri) by extension 'colcon_meta'
[1.621s] Level 1:colcon.colcon_core.package_identification:_identify(src/libhri/hri) by extensions ['ros']
[1.621s] Level 1:colcon.colcon_core.package_identification:_identify(src/libhri/hri) by extension 'ros'
[1.648s] DEBUG:colcon.colcon_core.package_identification:Package 'src/libhri/hri' with type 'ros.ament_cmake' and name 'hri'
[1.649s] Level 1:colcon.colcon_core.package_identification:_identify(src/libhri/pyhri) by extensions ['ignore', 'ignore_ament_install']
[1.649s] Level 1:colcon.colcon_core.package_identification:_identify(src/libhri/pyhri) by extension 'ignore'
[1.649s] Level 1:colcon.colcon_core.package_identification:_identify(src/libhri/pyhri) by extension 'ignore_ament_install'
[1.649s] Level 1:colcon.colcon_core.package_identification:_identify(src/libhri/pyhri) by extensions ['colcon_pkg']
[1.649s] Level 1:colcon.colcon_core.package_identification:_identify(src/libhri/pyhri) by extension 'colcon_pkg'
[1.649s] Level 1:colcon.colcon_core.package_identification:_identify(src/libhri/pyhri) by extensions ['colcon_meta']
[1.649s] Level 1:colcon.colcon_core.package_identification:_identify(src/libhri/pyhri) by extension 'colcon_meta'
[1.649s] Level 1:colcon.colcon_core.package_identification:_identify(src/libhri/pyhri) by extensions ['ros']
[1.649s] Level 1:colcon.colcon_core.package_identification:_identify(src/libhri/pyhri) by extension 'ros'
[1.655s] DEBUG:colcon.colcon_core.package_identification:Package 'src/libhri/pyhri' with type 'ros.ament_cmake' and name 'pyhri'
[1.655s] Level 1:colcon.colcon_core.package_discovery:discover_packages(recursive) using defaults
[1.655s] Level 1:colcon.colcon_core.package_discovery:discover_packages(ignore) discover
[1.655s] Level 1:colcon.colcon_core.package_discovery:discover_packages(ignore) using defaults
[1.655s] Level 1:colcon.colcon_core.package_discovery:discover_packages(path) discover
[1.655s] Level 1:colcon.colcon_core.package_discovery:discover_packages(path) using defaults
[1.731s] Level 1:colcon.colcon_core.package_discovery:discover_packages(prefix_path) check parameters
[1.732s] Level 1:colcon.colcon_core.package_discovery:discover_packages(prefix_path) discover
[2.627s] DEBUG:colcon.colcon_installed_package_information.package_discovery:Found 346 installed packages in /home/qiguanxiao/ros2_humble/install
[2.628s] Level 1:colcon.colcon_core.package_discovery:discover_packages(prefix_path) using defaults
[4.857s] Level 5:colcon.colcon_core.verb:set package 'hri' build argument 'cmake_args' from command line to 'None'
[4.857s] Level 5:colcon.colcon_core.verb:set package 'hri' build argument 'cmake_target' from command line to 'None'
[4.857s] Level 5:colcon.colcon_core.verb:set package 'hri' build argument 'cmake_target_skip_unavailable' from command line to 'False'
[4.857s] Level 5:colcon.colcon_core.verb:set package 'hri' build argument 'cmake_clean_cache' from command line to 'False'
[4.857s] Level 5:colcon.colcon_core.verb:set package 'hri' build argument 'cmake_clean_first' from command line to 'False'
[4.857s] Level 5:colcon.colcon_core.verb:set package 'hri' build argument 'cmake_force_configure' from command line to 'False'
[4.857s] Level 5:colcon.colcon_core.verb:set package 'hri' build argument 'ament_cmake_args' from command line to 'None'
[4.857s] Level 5:colcon.colcon_core.verb:set package 'hri' build argument 'catkin_cmake_args' from command line to 'None'
[4.857s] Level 5:colcon.colcon_core.verb:set package 'hri' build argument 'catkin_skip_building_tests' from command line to 'False'
[4.857s] DEBUG:colcon.colcon_core.verb:Building package 'hri' with the following arguments: {'ament_cmake_args': None, 'build_base': '/home/qiguanxiao/ws/dependencies/libhri/build/hri', 'catkin_cmake_args': None, 'catkin_skip_building_tests': False, 'cmake_args': None, 'cmake_clean_cache': False, 'cmake_clean_first': False, 'cmake_force_configure': False, 'cmake_target': None, 'cmake_target_skip_unavailable': False, 'install_base': '/home/qiguanxiao/ws/dependencies/libhri/install/hri', 'merge_install': False, 'path': '/home/qiguanxiao/ws/dependencies/libhri/src/libhri/hri', 'symlink_install': False, 'test_result_base': None}
[4.857s] Level 5:colcon.colcon_core.verb:set package 'pyhri' build argument 'cmake_args' from command line to 'None'
[4.857s] Level 5:colcon.colcon_core.verb:set package 'pyhri' build argument 'cmake_target' from command line to 'None'
[4.857s] Level 5:colcon.colcon_core.verb:set package 'pyhri' build argument 'cmake_target_skip_unavailable' from command line to 'False'
[4.857s] Level 5:colcon.colcon_core.verb:set package 'pyhri' build argument 'cmake_clean_cache' from command line to 'False'
[4.857s] Level 5:colcon.colcon_core.verb:set package 'pyhri' build argument 'cmake_clean_first' from command line to 'False'
[4.857s] Level 5:colcon.colcon_core.verb:set package 'pyhri' build argument 'cmake_force_configure' from command line to 'False'
[4.857s] Level 5:colcon.colcon_core.verb:set package 'pyhri' build argument 'ament_cmake_args' from command line to 'None'
[4.857s] Level 5:colcon.colcon_core.verb:set package 'pyhri' build argument 'catkin_cmake_args' from command line to 'None'
[4.857s] Level 5:colcon.colcon_core.verb:set package 'pyhri' build argument 'catkin_skip_building_tests' from command line to 'False'
[4.857s] DEBUG:colcon.colcon_core.verb:Building package 'pyhri' with the following arguments: {'ament_cmake_args': None, 'build_base': '/home/qiguanxiao/ws/dependencies/libhri/build/pyhri', 'catkin_cmake_args': None, 'catkin_skip_building_tests': False, 'cmake_args': None, 'cmake_clean_cache': False, 'cmake_clean_first': False, 'cmake_force_configure': False, 'cmake_target': None, 'cmake_target_skip_unavailable': False, 'install_base': '/home/qiguanxiao/ws/dependencies/libhri/install/pyhri', 'merge_install': False, 'path': '/home/qiguanxiao/ws/dependencies/libhri/src/libhri/pyhri', 'symlink_install': False, 'test_result_base': None}
[4.857s] INFO:colcon.colcon_core.executor:Executing jobs using 'parallel' executor
[4.858s] DEBUG:colcon.colcon_parallel_executor.executor.parallel:run_until_complete
[4.858s] INFO:colcon.colcon_ros.task.ament_cmake.build:Building ROS package in '/home/qiguanxiao/ws/dependencies/libhri/src/libhri/hri' with build type 'ament_cmake'
[4.858s] INFO:colcon.colcon_cmake.task.cmake.build:Building CMake package in '/home/qiguanxiao/ws/dependencies/libhri/src/libhri/hri'
[4.864s] INFO:colcon.colcon_core.plugin_system:Skipping extension 'colcon_core.shell.bat': Not used on non-Windows systems
[4.864s] INFO:colcon.colcon_core.shell:Skip shell extension 'powershell' for command environment: Not usable outside of PowerShell
[4.864s] DEBUG:colcon.colcon_core.shell:Skip shell extension 'dsv' for command environment
[4.928s] DEBUG:colcon.colcon_core.event_handler.log_command:Invoking command in '/home/qiguanxiao/ws/dependencies/libhri/build/hri': CMAKE_PREFIX_PATH=${CMAKE_PREFIX_PATH}:/home/qiguanxiao/ros2_humble/install/rqt_bag_plugins:/home/qiguanxiao/ros2_humble/install/rqt_bag:/home/qiguanxiao/ros2_humble/install/launch_testing_examples:/home/qiguanxiao/ros2_humble/install/ros2bag:/home/qiguanxiao/ros2_humble/install/tracetools_test:/home/qiguanxiao/ros2_humble/install/tracetools_launch:/home/qiguanxiao/ros2_humble/install/topic_monitor:/home/qiguanxiao/ros2_humble/install/tf2_tools:/home/qiguanxiao/ros2_humble/install/examples_tf2_py:/home/qiguanxiao/ros2_humble/install/tf2_ros_py:/home/qiguanxiao/ros2_humble/install/sros2:/home/qiguanxiao/ros2_humble/install/rqt_topic:/home/qiguanxiao/ros2_humble/install/rqt_srv:/home/qiguanxiao/ros2_humble/install/rqt_shell:/home/qiguanxiao/ros2_humble/install/rqt_service_caller:/home/qiguanxiao/ros2_humble/install/rqt_reconfigure:/home/qiguanxiao/ros2_humble/install/rqt_py_console:/home/qiguanxiao/ros2_humble/install/rqt_publisher:/home/qiguanxiao/ros2_humble/install/rqt_plot:/home/qiguanxiao/ros2_humble/install/rqt_action:/home/qiguanxiao/ros2_humble/install/rqt_msg:/home/qiguanxiao/ros2_humble/install/rqt_console:/home/qiguanxiao/ros2_humble/install/rqt:/home/qiguanxiao/ros2_humble/install/rqt_graph:/home/qiguanxiao/ros2_humble/install/rqt_gui_py:/home/qiguanxiao/ros2_humble/install/rqt_gui:/home/qiguanxiao/ros2_humble/install/ros2trace:/home/qiguanxiao/ros2_humble/install/ros2topic:/home/qiguanxiao/ros2_humble/install/ros2test:/home/qiguanxiao/ros2_humble/install/ros2component:/home/qiguanxiao/ros2_humble/install/ros2param:/home/qiguanxiao/ros2_humble/install/ros2lifecycle:/home/qiguanxiao/ros2_humble/install/ros2service:/home/qiguanxiao/ros2_humble/install/ros2run:/home/qiguanxiao/ros2_humble/install/ros2launch:/home/qiguanxiao/ros2_humble/install/ros2pkg:/home/qiguanxiao/ros2_humble/install/ros2node:/home/qiguanxiao/ros2_humble/install/ros2multicast:/home/qiguanxiao/ros2_humble/install/ros2interface:/home/qiguanxiao/ros2_humble/install/ros2doctor:/home/qiguanxiao/ros2_humble/install/ros2action:/home/qiguanxiao/ros2_humble/install/ros2cli:/home/qiguanxiao/ros2_humble/install/quality_of_service_demo_py:/home/qiguanxiao/ros2_humble/install/lifecycle_py:/home/qiguanxiao/ros2_humble/install/launch_testing_ros:/home/qiguanxiao/ros2_humble/install/launch_ros:/home/qiguanxiao/ros2_humble/install/examples_rclpy_pointcloud_publisher:/home/qiguanxiao/ros2_humble/install/examples_rclpy_minimal_subscriber:/home/qiguanxiao/ros2_humble/install/examples_rclpy_minimal_service:/home/qiguanxiao/ros2_humble/install/examples_rclpy_minimal_publisher:/home/qiguanxiao/ros2_humble/install/examples_rclpy_minimal_client:/home/qiguanxiao/ros2_humble/install/examples_rclpy_minimal_action_server:/home/qiguanxiao/ros2_humble/install/examples_rclpy_minimal_action_client:/home/qiguanxiao/ros2_humble/install/examples_rclpy_guard_conditions:/home/qiguanxiao/ros2_humble/install/examples_rclpy_executors:/home/qiguanxiao/ros2_humble/install/demo_nodes_py:/home/qiguanxiao/ros2_humble/install/camera_info_manager_py:/home/qiguanxiao/ros2_humble/install/action_tutorials_py:/home/qiguanxiao/ros2_humble/install/ament_uncrustify:/home/qiguanxiao/ros2_humble/install/tracetools_trace:/home/qiguanxiao/ros2_humble/install/tracetools_read:/home/qiguanxiao/ros2_humble/install/test_tracetools_launch:/home/qiguanxiao/ros2_humble/install/test_launch_ros:/home/qiguanxiao/ros2_humble/install/sensor_msgs_py:/home/qiguanxiao/ros2_humble/install/rpyutils:/home/qiguanxiao/ros2_humble/install/rosidl_runtime_py:/home/qiguanxiao/ros2_humble/install/rosidl_cli:/home/qiguanxiao/ros2_humble/install/launch_pytest:/home/qiguanxiao/ros2_humble/install/launch_testing:/home/qiguanxiao/ros2_humble/install/launch_yaml:/home/qiguanxiao/ros2_humble/install/launch_xml:/home/qiguanxiao/ros2_humble/install/launch:/home/qiguanxiao/ros2_humble/install/osrf_pycommon:/home/qiguanxiao/ros2_humble/install/domain_coordinator:/home/qiguanxiao/ros2_humble/install/ament_xmllint:/home/qiguanxiao/ros2_humble/install/ament_pyflakes:/home/qiguanxiao/ros2_humble/install/ament_pycodestyle:/home/qiguanxiao/ros2_humble/install/ament_pep257:/home/qiguanxiao/ros2_humble/install/ament_pclint:/home/qiguanxiao/ros2_humble/install/ament_package:/home/qiguanxiao/ros2_humble/install/ament_mypy:/home/qiguanxiao/ros2_humble/install/ament_lint_cmake:/home/qiguanxiao/ros2_humble/install/ament_flake8:/home/qiguanxiao/ros2_humble/install/ament_copyright:/home/qiguanxiao/ros2_humble/install/ament_lint:/home/qiguanxiao/ros2_humble/install/ament_index_python:/home/qiguanxiao/ros2_humble/install/ament_cpplint:/home/qiguanxiao/ros2_humble/install/ament_cppcheck:/home/qiguanxiao/ros2_humble/install/ament_clang_tidy:/home/qiguanxiao/ros2_humble/install/ament_clang_format /usr/bin/cmake --build /home/qiguanxiao/ws/dependencies/libhri/build/hri -- -j24 -l24
[20.289s] DEBUG:colcon.colcon_core.event_handler.log_command:Invoked command in '/home/qiguanxiao/ws/dependencies/libhri/build/hri' returned '2': CMAKE_PREFIX_PATH=${CMAKE_PREFIX_PATH}:/home/qiguanxiao/ros2_humble/install/rqt_bag_plugins:/home/qiguanxiao/ros2_humble/install/rqt_bag:/home/qiguanxiao/ros2_humble/install/launch_testing_examples:/home/qiguanxiao/ros2_humble/install/ros2bag:/home/qiguanxiao/ros2_humble/install/tracetools_test:/home/qiguanxiao/ros2_humble/install/tracetools_launch:/home/qiguanxiao/ros2_humble/install/topic_monitor:/home/qiguanxiao/ros2_humble/install/tf2_tools:/home/qiguanxiao/ros2_humble/install/examples_tf2_py:/home/qiguanxiao/ros2_humble/install/tf2_ros_py:/home/qiguanxiao/ros2_humble/install/sros2:/home/qiguanxiao/ros2_humble/install/rqt_topic:/home/qiguanxiao/ros2_humble/install/rqt_srv:/home/qiguanxiao/ros2_humble/install/rqt_shell:/home/qiguanxiao/ros2_humble/install/rqt_service_caller:/home/qiguanxiao/ros2_humble/install/rqt_reconfigure:/home/qiguanxiao/ros2_humble/install/rqt_py_console:/home/qiguanxiao/ros2_humble/install/rqt_publisher:/home/qiguanxiao/ros2_humble/install/rqt_plot:/home/qiguanxiao/ros2_humble/install/rqt_action:/home/qiguanxiao/ros2_humble/install/rqt_msg:/home/qiguanxiao/ros2_humble/install/rqt_console:/home/qiguanxiao/ros2_humble/install/rqt:/home/qiguanxiao/ros2_humble/install/rqt_graph:/home/qiguanxiao/ros2_humble/install/rqt_gui_py:/home/qiguanxiao/ros2_humble/install/rqt_gui:/home/qiguanxiao/ros2_humble/install/ros2trace:/home/qiguanxiao/ros2_humble/install/ros2topic:/home/qiguanxiao/ros2_humble/install/ros2test:/home/qiguanxiao/ros2_humble/install/ros2component:/home/qiguanxiao/ros2_humble/install/ros2param:/home/qiguanxiao/ros2_humble/install/ros2lifecycle:/home/qiguanxiao/ros2_humble/install/ros2service:/home/qiguanxiao/ros2_humble/install/ros2run:/home/qiguanxiao/ros2_humble/install/ros2launch:/home/qiguanxiao/ros2_humble/install/ros2pkg:/home/qiguanxiao/ros2_humble/install/ros2node:/home/qiguanxiao/ros2_humble/install/ros2multicast:/home/qiguanxiao/ros2_humble/install/ros2interface:/home/qiguanxiao/ros2_humble/install/ros2doctor:/home/qiguanxiao/ros2_humble/install/ros2action:/home/qiguanxiao/ros2_humble/install/ros2cli:/home/qiguanxiao/ros2_humble/install/quality_of_service_demo_py:/home/qiguanxiao/ros2_humble/install/lifecycle_py:/home/qiguanxiao/ros2_humble/install/launch_testing_ros:/home/qiguanxiao/ros2_humble/install/launch_ros:/home/qiguanxiao/ros2_humble/install/examples_rclpy_pointcloud_publisher:/home/qiguanxiao/ros2_humble/install/examples_rclpy_minimal_subscriber:/home/qiguanxiao/ros2_humble/install/examples_rclpy_minimal_service:/home/qiguanxiao/ros2_humble/install/examples_rclpy_minimal_publisher:/home/qiguanxiao/ros2_humble/install/examples_rclpy_minimal_client:/home/qiguanxiao/ros2_humble/install/examples_rclpy_minimal_action_server:/home/qiguanxiao/ros2_humble/install/examples_rclpy_minimal_action_client:/home/qiguanxiao/ros2_humble/install/examples_rclpy_guard_conditions:/home/qiguanxiao/ros2_humble/install/examples_rclpy_executors:/home/qiguanxiao/ros2_humble/install/demo_nodes_py:/home/qiguanxiao/ros2_humble/install/camera_info_manager_py:/home/qiguanxiao/ros2_humble/install/action_tutorials_py:/home/qiguanxiao/ros2_humble/install/ament_uncrustify:/home/qiguanxiao/ros2_humble/install/tracetools_trace:/home/qiguanxiao/ros2_humble/install/tracetools_read:/home/qiguanxiao/ros2_humble/install/test_tracetools_launch:/home/qiguanxiao/ros2_humble/install/test_launch_ros:/home/qiguanxiao/ros2_humble/install/sensor_msgs_py:/home/qiguanxiao/ros2_humble/install/rpyutils:/home/qiguanxiao/ros2_humble/install/rosidl_runtime_py:/home/qiguanxiao/ros2_humble/install/rosidl_cli:/home/qiguanxiao/ros2_humble/install/launch_pytest:/home/qiguanxiao/ros2_humble/install/launch_testing:/home/qiguanxiao/ros2_humble/install/launch_yaml:/home/qiguanxiao/ros2_humble/install/launch_xml:/home/qiguanxiao/ros2_humble/install/launch:/home/qiguanxiao/ros2_humble/install/osrf_pycommon:/home/qiguanxiao/ros2_humble/install/domain_coordinator:/home/qiguanxiao/ros2_humble/install/ament_xmllint:/home/qiguanxiao/ros2_humble/install/ament_pyflakes:/home/qiguanxiao/ros2_humble/install/ament_pycodestyle:/home/qiguanxiao/ros2_humble/install/ament_pep257:/home/qiguanxiao/ros2_humble/install/ament_pclint:/home/qiguanxiao/ros2_humble/install/ament_package:/home/qiguanxiao/ros2_humble/install/ament_mypy:/home/qiguanxiao/ros2_humble/install/ament_lint_cmake:/home/qiguanxiao/ros2_humble/install/ament_flake8:/home/qiguanxiao/ros2_humble/install/ament_copyright:/home/qiguanxiao/ros2_humble/install/ament_lint:/home/qiguanxiao/ros2_humble/install/ament_index_python:/home/qiguanxiao/ros2_humble/install/ament_cpplint:/home/qiguanxiao/ros2_humble/install/ament_cppcheck:/home/qiguanxiao/ros2_humble/install/ament_clang_tidy:/home/qiguanxiao/ros2_humble/install/ament_clang_format /usr/bin/cmake --build /home/qiguanxiao/ws/dependencies/libhri/build/hri -- -j24 -l24
[20.367s] Level 1:colcon.colcon_core.environment:create_environment_scripts_only(hri)
[20.647s] Level 1:colcon.colcon_core.environment:checking '/home/qiguanxiao/ws/dependencies/libhri/install/hri' for CMake module files
[20.720s] Level 1:colcon.colcon_core.environment:checking '/home/qiguanxiao/ws/dependencies/libhri/install/hri' for CMake config files
[20.795s] Level 1:colcon.colcon_core.shell:create_environment_hook('hri', 'cmake_prefix_path')
[20.795s] INFO:colcon.colcon_core.shell:Creating environment hook '/home/qiguanxiao/ws/dependencies/libhri/install/hri/share/hri/hook/cmake_prefix_path.ps1'
[20.871s] INFO:colcon.colcon_core.shell:Creating environment descriptor '/home/qiguanxiao/ws/dependencies/libhri/install/hri/share/hri/hook/cmake_prefix_path.dsv'
[20.872s] INFO:colcon.colcon_core.shell:Creating environment hook '/home/qiguanxiao/ws/dependencies/libhri/install/hri/share/hri/hook/cmake_prefix_path.sh'
[20.874s] Level 1:colcon.colcon_core.environment:checking '/home/qiguanxiao/ws/dependencies/libhri/install/hri/lib'
[20.874s] Level 1:colcon.colcon_core.shell:create_environment_hook('hri', 'ld_library_path_lib')
[20.874s] INFO:colcon.colcon_core.shell:Creating environment hook '/home/qiguanxiao/ws/dependencies/libhri/install/hri/share/hri/hook/ld_library_path_lib.ps1'
[20.875s] INFO:colcon.colcon_core.shell:Creating environment descriptor '/home/qiguanxiao/ws/dependencies/libhri/install/hri/share/hri/hook/ld_library_path_lib.dsv'
[20.875s] INFO:colcon.colcon_core.shell:Creating environment hook '/home/qiguanxiao/ws/dependencies/libhri/install/hri/share/hri/hook/ld_library_path_lib.sh'
[20.875s] Level 1:colcon.colcon_core.environment:checking '/home/qiguanxiao/ws/dependencies/libhri/install/hri/bin'
[20.875s] Level 1:colcon.colcon_core.environment:checking '/home/qiguanxiao/ws/dependencies/libhri/install/hri/lib/pkgconfig/hri.pc'
[20.877s] Level 1:colcon.colcon_core.environment:checking '/home/qiguanxiao/ws/dependencies/libhri/install/hri/lib/python3.10/site-packages'
[20.877s] Level 1:colcon.colcon_core.environment:checking '/home/qiguanxiao/ws/dependencies/libhri/install/hri/bin'
[20.877s] INFO:colcon.colcon_core.shell:Creating package script '/home/qiguanxiao/ws/dependencies/libhri/install/hri/share/hri/package.ps1'
[20.901s] INFO:colcon.colcon_core.shell:Creating package descriptor '/home/qiguanxiao/ws/dependencies/libhri/install/hri/share/hri/package.dsv'
[20.902s] INFO:colcon.colcon_core.shell:Creating package script '/home/qiguanxiao/ws/dependencies/libhri/install/hri/share/hri/package.sh'
[20.902s] INFO:colcon.colcon_core.shell:Creating package script '/home/qiguanxiao/ws/dependencies/libhri/install/hri/share/hri/package.bash'
[20.903s] INFO:colcon.colcon_core.shell:Creating package script '/home/qiguanxiao/ws/dependencies/libhri/install/hri/share/hri/package.zsh'
[20.904s] Level 1:colcon.colcon_core.environment:create_file_with_runtime_dependencies(/home/qiguanxiao/ws/dependencies/libhri/install/hri/share/colcon-core/packages/hri)
[20.915s] DEBUG:colcon.colcon_parallel_executor.executor.parallel:closing loop
[20.915s] DEBUG:colcon.colcon_parallel_executor.executor.parallel:loop closed
[20.915s] DEBUG:colcon.colcon_parallel_executor.executor.parallel:run_until_complete finished with '2'
[20.915s] DEBUG:colcon.colcon_core.event_reactor:joining thread
[21.040s] INFO:colcon.colcon_core.plugin_system:Skipping extension 'colcon_notification.desktop_notification.terminal_notifier': Not used on non-Darwin systems
[21.040s] INFO:colcon.colcon_core.plugin_system:Skipping extension 'colcon_notification.desktop_notification.win32': Not used on non-Windows systems
[21.040s] INFO:colcon.colcon_notification.desktop_notification:Sending desktop notification using 'notify2'
[21.047s] DEBUG:colcon.colcon_core.event_reactor:joined thread
[21.048s] INFO:colcon.colcon_core.shell:Creating prefix script '/home/qiguanxiao/ws/dependencies/libhri/install/local_setup.ps1'
[21.090s] INFO:colcon.colcon_core.shell:Creating prefix util module '/home/qiguanxiao/ws/dependencies/libhri/install/_local_setup_util_ps1.py'
[21.091s] INFO:colcon.colcon_core.shell:Creating prefix chain script '/home/qiguanxiao/ws/dependencies/libhri/install/setup.ps1'
[21.097s] INFO:colcon.colcon_core.shell:Creating prefix script '/home/qiguanxiao/ws/dependencies/libhri/install/local_setup.sh'
[21.098s] INFO:colcon.colcon_core.shell:Creating prefix util module '/home/qiguanxiao/ws/dependencies/libhri/install/_local_setup_util_sh.py'
[21.098s] INFO:colcon.colcon_core.shell:Creating prefix chain script '/home/qiguanxiao/ws/dependencies/libhri/install/setup.sh'
[21.104s] INFO:colcon.colcon_core.shell:Creating prefix script '/home/qiguanxiao/ws/dependencies/libhri/install/local_setup.bash'
[21.104s] INFO:colcon.colcon_core.shell:Creating prefix chain script '/home/qiguanxiao/ws/dependencies/libhri/install/setup.bash'
[21.114s] INFO:colcon.colcon_core.shell:Creating prefix script '/home/qiguanxiao/ws/dependencies/libhri/install/local_setup.zsh'
[21.115s] INFO:colcon.colcon_core.shell:Creating prefix chain script '/home/qiguanxiao/ws/dependencies/libhri/install/setup.zsh'
