-- The C compiler identification is GNU 11.4.0
-- The CXX compiler identification is GNU 11.4.0
-- Detecting C compiler ABI info
-- Detecting C compiler ABI info - done
-- Check for working C compiler: /usr/bin/cc - skipped
-- Detecting C compile features
-- Detecting C compile features - done
-- Detecting CXX compiler ABI info
-- Detecting CXX compiler ABI info - done
-- Check for working CXX compiler: /usr/bin/c++ - skipped
-- Detecting CXX compile features
-- Detecting CXX compile features - done
-- Found ament_cmake: 1.3.11 (/home/qiguanxiao/ros2_humble/install/ament_cmake/share/ament_cmake/cmake)
-- Found Python3: /usr/bin/python3 (found version "3.10.12") found components: Interpreter 
-- Found ament_index_cpp: 1.4.0 (/home/qiguanxiao/ros2_humble/install/ament_index_cpp/share/ament_index_cpp/cmake)
-- Found controller_interface: 2.47.0 (/home/qiguanxiao/ws/ws_ros2_control/install/controller_interface/share/controller_interface/cmake)
-- Found rosidl_generator_c: 3.1.6 (/home/qiguanxiao/ros2_humble/install/rosidl_generator_c/share/rosidl_generator_c/cmake)
-- Found rosidl_adapter: 3.1.6 (/home/qiguanxiao/ros2_humble/install/rosidl_adapter/share/rosidl_adapter/cmake)
-- Found rosidl_generator_cpp: 3.1.6 (/home/qiguanxiao/ros2_humble/install/rosidl_generator_cpp/share/rosidl_generator_cpp/cmake)
-- Using all available rosidl_typesupport_c: rosidl_typesupport_introspection_c;rosidl_typesupport_fastrtps_c
-- Using all available rosidl_typesupport_cpp: rosidl_typesupport_introspection_cpp;rosidl_typesupport_fastrtps_cpp
-- Found rmw_implementation_cmake: 6.1.2 (/home/qiguanxiao/ros2_humble/install/rmw_implementation_cmake/share/rmw_implementation_cmake/cmake)
-- Found rmw_fastrtps_cpp: 6.2.7 (/home/qiguanxiao/ros2_humble/install/rmw_fastrtps_cpp/share/rmw_fastrtps_cpp/cmake)
-- Found TinyXML2 via Config file: TinyXML2_DIR-NOTFOUND
-- Found OpenSSL: /usr/lib/x86_64-linux-gnu/libcrypto.so (found version "3.0.2")  
-- Found TinyXML2 via Config file: TinyXML2_DIR-NOTFOUND
-- Found FastRTPS: /home/qiguanxiao/ros2_humble/install/fastrtps/include  
-- Found TinyXML2 via Config file: TinyXML2_DIR-NOTFOUND
-- Found TinyXML2 via Config file: TinyXML2_DIR-NOTFOUND
-- Using RMW implementation 'rmw_fastrtps_cpp' as default
-- Looking for pthread.h
-- Looking for pthread.h - found
-- Performing Test CMAKE_HAVE_LIBC_PTHREAD
-- Performing Test CMAKE_HAVE_LIBC_PTHREAD - Success
-- Found Threads: TRUE  
-- Found franka_msgs: 1.0.0 (/home/qiguanxiao/ws/ws_franka_ros2/install/franka_msgs/share/franka_msgs/cmake)
-- Found franka_semantic_components: 1.0.0 (/home/qiguanxiao/ws/ws_franka_ros2/install/franka_semantic_components/share/franka_semantic_components/cmake)
-- Found moveit_core: 2.5.9 (/home/qiguanxiao/ws/ws_moveit2/install/moveit_core/share/moveit_core/cmake)
-- Found Boost: /usr/lib/x86_64-linux-gnu/cmake/Boost-1.74.0/BoostConfig.cmake (found version "1.74.0") found components: chrono date_time filesystem iostreams program_options regex serialization system thread 
-- Found parameter_traits: 0.4.0 (/home/qiguanxiao/ws/ws_generate_parameter_library/install/parameter_traits/share/parameter_traits/cmake)
-- Found Boost: /usr/lib/x86_64-linux-gnu/cmake/Boost-1.74.0/BoostConfig.cmake (found version "1.74.0") found components: filesystem 
-- library: /usr/lib/x86_64-linux-gnu/libcurl.so
-- Found Eigen3: TRUE (found version "3.4.0") 
-- Ensuring Eigen3 include directory is part of orocos-kdl CMake target
-- pinocchio_default FOUND. pinocchio_default at /home/qiguanxiao/ws/dependencies/pinocchio/install/pinocchio/lib/libpinocchio_default.so
-- pinocchio_parsers FOUND. pinocchio_parsers at /home/qiguanxiao/ws/dependencies/pinocchio/install/pinocchio/lib/libpinocchio_parsers.so
-- boost_filesystem FOUND. boost_filesystem at /usr/lib/x86_64-linux-gnu/libboost_filesystem.so
-- Found Boost: /usr/include (found version "1.74.0") found components: filesystem serialization system 
-- eigenpy FOUND. eigenpy at /home/qiguanxiao/ws/dependencies/eigenpy/install/eigenpy/lib/libeigenpy.so
-- Checking for NumPy
--   NUMPY_INCLUDE_DIRS=/home/qiguanxiao/.local/lib/python3.10/site-packages/numpy/core/include
--   NUMPY_VERSION=1.26.4
-- Found Python3: /usr/bin/python3 (found version "3.10.12") found components: Interpreter Development.Module NumPy 
-- PythonLibraryDirs: 
-- PythonLibVersionString: 3.10.12
-- Python site lib: lib/python3.10/site-packages
-- Python include dirs: /usr/include/python3.10
-- Checking for NumPy
--   NUMPY_INCLUDE_DIRS=/home/qiguanxiao/.local/lib/python3.10/site-packages/numpy/core/include
--   NUMPY_VERSION=1.26.4
-- NumPy include dir: /home/qiguanxiao/.local/lib/python3.10/site-packages/numpy/core/include
[33mCMake Warning at /usr/share/cmake-3.22/Modules/FindBoost.cmake:2201 (message):
  No header defined for python310; skipping header check (note: header-only
  libraries have no designated component)
Call Stack (most recent call first):
  /home/qiguanxiao/ws/dependencies/eigenpy/install/eigenpy/lib/cmake/eigenpy/boost.cmake:148 (find_package)
  /home/qiguanxiao/ws/dependencies/eigenpy/install/eigenpy/lib/cmake/eigenpy/eigenpyConfig.cmake:149 (SEARCH_FOR_BOOST_PYTHON)
  /usr/share/cmake-3.22/Modules/CMakeFindDependencyMacro.cmake:47 (find_package)
  /home/qiguanxiao/ws/dependencies/pinocchio/install/pinocchio/lib/cmake/pinocchio/pinocchioConfig.cmake:160 (find_dependency)
  CMakeLists.txt:25 (find_package)

[0m
-- Found Boost: /usr/include (found version "1.74.0") found components: python310 
-- Default C++ standard: 201703
-- Minimal C++ standard upgraded to 11
-- C++ standard sufficient: Minimal required 11, currently defined: 17
-- C++ standard sufficient: Minimal required 11, currently defined: 17
-- Found std_srvs: 4.8.0 (/home/qiguanxiao/ros2_humble/install/std_srvs/share/std_srvs/cmake)
-- Found ament_cmake_clang_format: 0.12.12 (/home/qiguanxiao/ros2_humble/install/ament_cmake_clang_format/share/ament_cmake_clang_format/cmake)
-- Found ament_cmake_copyright: 0.12.12 (/home/qiguanxiao/ros2_humble/install/ament_cmake_copyright/share/ament_cmake_copyright/cmake)
-- Found ament_cmake_cppcheck: 0.12.12 (/home/qiguanxiao/ros2_humble/install/ament_cmake_cppcheck/share/ament_cmake_cppcheck/cmake)
-- Found ament_cmake_flake8: 0.12.12 (/home/qiguanxiao/ros2_humble/install/ament_cmake_flake8/share/ament_cmake_flake8/cmake)
-- Found ament_cmake_lint_cmake: 0.12.12 (/home/qiguanxiao/ros2_humble/install/ament_cmake_lint_cmake/share/ament_cmake_lint_cmake/cmake)
-- Found ament_cmake_pep257: 0.12.12 (/home/qiguanxiao/ros2_humble/install/ament_cmake_pep257/share/ament_cmake_pep257/cmake)
-- Found ament_cmake_xmllint: 0.12.12 (/home/qiguanxiao/ros2_humble/install/ament_cmake_xmllint/share/ament_cmake_xmllint/cmake)
-- Found ament_cmake_gmock: 1.3.11 (/home/qiguanxiao/ros2_humble/install/ament_cmake_gmock/share/ament_cmake_gmock/cmake)
-- Found controller_manager: 2.47.0 (/home/qiguanxiao/ws/ws_ros2_control/install/controller_manager/share/controller_manager/cmake)
-- Found ros2_control_test_assets: 2.47.0 (/home/qiguanxiao/ws/ws_ros2_control/install/ros2_control_test_assets/share/ros2_control_test_assets/cmake)
-- Found gmock sources under '/home/qiguanxiao/ros2_humble/install/gmock_vendor/src/gmock_vendor': C++ tests using 'Google Mock' will be built
-- Found ament_cmake_gtest: 1.3.11 (/home/qiguanxiao/ros2_humble/install/ament_cmake_gtest/share/ament_cmake_gtest/cmake)
-- Found gtest sources under '/home/qiguanxiao/ros2_humble/install/gtest_vendor/src/gtest_vendor': C++ tests using 'Google Test' will be built
-- Configuring done
-- Generating done
-- Build files have been written to: /home/qiguanxiao/ws/ws_franka_ros2/build/franka_example_controllers
[  3%] [32mBuilding CXX object gmock/CMakeFiles/gmock.dir/src/gmock-all.cc.o[0m
[ 10%] [32mBuilding CXX object CMakeFiles/franka_example_controllers.dir/src/joint_impedance_with_ik_example_controller.cpp.o[0m
[ 14%] [32mBuilding CXX object CMakeFiles/franka_example_controllers.dir/src/move_to_start_example_controller.cpp.o[0m
[ 14%] [32mBuilding CXX object CMakeFiles/franka_example_controllers.dir/src/model_example_controller.cpp.o[0m
[ 17%] [32mBuilding CXX object CMakeFiles/franka_example_controllers.dir/src/cartesian_velocity_example_controller.cpp.o[0m
[ 21%] [32mBuilding CXX object CMakeFiles/franka_example_controllers.dir/src/joint_position_example_controller.cpp.o[0m
[ 25%] [32mBuilding CXX object CMakeFiles/franka_example_controllers.dir/src/cartesian_pose_example_controller.cpp.o[0m
[ 28%] [32mBuilding CXX object CMakeFiles/franka_example_controllers.dir/src/elbow_example_controller.cpp.o[0m
[ 32%] [32mBuilding CXX object gmock/CMakeFiles/gmock_main.dir/src/gmock_main.cc.o[0m
[ 35%] [32mBuilding CXX object gmock/CMakeFiles/gmock.dir/home/qiguanxiao/ros2_humble/install/gtest_vendor/src/gtest_vendor/src/gtest-all.cc.o[0m
[ 39%] [32mBuilding CXX object CMakeFiles/franka_example_controllers.dir/src/cartesian_elbow_example_controller.cpp.o[0m
[ 42%] [32mBuilding CXX object CMakeFiles/franka_example_controllers.dir/src/gravity_compensation_example_controller.cpp.o[0m
[ 46%] [32mBuilding CXX object CMakeFiles/franka_example_controllers.dir/src/cartesian_orientation_example_controller.cpp.o[0m
[ 50%] [32mBuilding CXX object CMakeFiles/franka_example_controllers.dir/src/joint_impedance_example_controller.cpp.o[0m
[ 53%] [32mBuilding CXX object CMakeFiles/franka_example_controllers.dir/src/gripper_example_controller.cpp.o[0m
[ 57%] [32mBuilding CXX object CMakeFiles/franka_example_controllers.dir/src/joint_velocity_example_controller.cpp.o[0m
[ 60%] [32mBuilding CXX object CMakeFiles/franka_example_controllers.dir/src/motion_generator.cpp.o[0m
[ 64%] [32m[1mLinking CXX static library libgmock_main.a[0m
[ 64%] Built target gmock_main
[ 67%] [32m[1mLinking CXX static library libgmock.a[0m
[ 67%] Built target gmock
[ 71%] [32mBuilding CXX object CMakeFiles/franka_example_controllers_test.dir/test/test_load_gravity_compensation_controller.cpp.o[0m
[ 75%] [32mBuilding CXX object CMakeFiles/franka_example_controllers_test_load_move_to_start.dir/test/test_load_move_to_start_example_controller.cpp.o[0m
[ 78%] [32m[1mLinking CXX shared library libfranka_example_controllers.so[0m
[ 82%] [32m[1mLinking CXX executable franka_example_controllers_test_load_move_to_start[0m
[ 85%] [32m[1mLinking CXX executable franka_example_controllers_test[0m
[ 85%] Built target franka_example_controllers
[ 92%] [32mBuilding CXX object CMakeFiles/franka_example_controllers_gravity_test.dir/test/test_gravity_compensation_example.cpp.o[0m
[ 92%] [32mBuilding CXX object CMakeFiles/franka_example_controllers_move_to_start_test.dir/test/test_move_to_start_example_controller.cpp.o[0m
[ 92%] Built target franka_example_controllers_test_load_move_to_start
[ 92%] Built target franka_example_controllers_test
[ 96%] [32m[1mLinking CXX executable franka_example_controllers_gravity_test[0m
[100%] [32m[1mLinking CXX executable franka_example_controllers_move_to_start_test[0m
[100%] Built target franka_example_controllers_gravity_test
[100%] Built target franka_example_controllers_move_to_start_test
